[1.880s] Invoking command in '/home/robu/work/robu_hoeran19_ws/src/robu': PYTHONPATH=/home/robu/work/robu_hoeran19_ws/build/robu/prefix_override:/home/robu/work/robu_hoeran19_ws/install/robu/lib/python3.10/site-packages:${PYTHONPATH} /usr/bin/python3 setup.py egg_info --egg-base ../../build/robu build --build-base /home/robu/work/robu_hoeran19_ws/build/robu/build install --record /home/robu/work/robu_hoeran19_ws/build/robu/install.log --single-version-externally-managed
[2.407s] running egg_info
[2.409s] writing ../../build/robu/robu.egg-info/PKG-INFO
[2.409s] writing dependency_links to ../../build/robu/robu.egg-info/dependency_links.txt
[2.410s] writing entry points to ../../build/robu/robu.egg-info/entry_points.txt
[2.410s] writing requirements to ../../build/robu/robu.egg-info/requires.txt
[2.410s] writing top-level names to ../../build/robu/robu.egg-info/top_level.txt
[2.411s] reading manifest file '../../build/robu/robu.egg-info/SOURCES.txt'
[2.416s] writing manifest file '../../build/robu/robu.egg-info/SOURCES.txt'
[2.416s] running build
[2.417s] running build_py
[2.419s] running install
[2.421s] running install_lib
[2.425s] running install_data
[2.427s] copying launch/ex14_navigation_launch.py -> /home/robu/work/robu_hoeran19_ws/install/robu/share/robu
[2.428s] running install_egg_info
[2.431s] removing '/home/robu/work/robu_hoeran19_ws/install/robu/lib/python3.10/site-packages/robu-0.0.0-py3.10.egg-info' (and everything under it)
[2.432s] Copying ../../build/robu/robu.egg-info to /home/robu/work/robu_hoeran19_ws/install/robu/lib/python3.10/site-packages/robu-0.0.0-py3.10.egg-info
[2.435s] running install_scripts
[2.486s] Installing fibonacci_client script to /home/robu/work/robu_hoeran19_ws/install/robu/lib/robu
[2.488s] Installing fibonacci_server script to /home/robu/work/robu_hoeran19_ws/install/robu/lib/robu
[2.488s] Installing myparameter script to /home/robu/work/robu_hoeran19_ws/install/robu/lib/robu
[2.488s] Installing mypublisher script to /home/robu/work/robu_hoeran19_ws/install/robu/lib/robu
[2.489s] Installing mysubscriber script to /home/robu/work/robu_hoeran19_ws/install/robu/lib/robu
[2.490s] Installing navigation script to /home/robu/work/robu_hoeran19_ws/install/robu/lib/robu
[2.490s] Installing testparameter script to /home/robu/work/robu_hoeran19_ws/install/robu/lib/robu
[2.490s] Installing testparameter_get script to /home/robu/work/robu_hoeran19_ws/install/robu/lib/robu
[2.491s] Installing wallfollower script to /home/robu/work/robu_hoeran19_ws/install/robu/lib/robu
[2.494s] writing list of installed files to '/home/robu/work/robu_hoeran19_ws/build/robu/install.log'
[2.772s] Invoked command in '/home/robu/work/robu_hoeran19_ws/src/robu' returned '0': PYTHONPATH=/home/robu/work/robu_hoeran19_ws/build/robu/prefix_override:/home/robu/work/robu_hoeran19_ws/install/robu/lib/python3.10/site-packages:${PYTHONPATH} /usr/bin/python3 setup.py egg_info --egg-base ../../build/robu build --build-base /home/robu/work/robu_hoeran19_ws/build/robu/build install --record /home/robu/work/robu_hoeran19_ws/build/robu/install.log --single-version-externally-managed
