[1.171s] Invoking command in '/home/robu/work/robu_hoeran19_ws/src/robu': PYTHONPATH=/home/robu/work/robu_hoeran19_ws/build/robu/prefix_override:/home/robu/work/robu_hoeran19_ws/install/robu/lib/python3.10/site-packages:${PYTHONPATH} /usr/bin/python3 setup.py egg_info --egg-base ../../build/robu build --build-base /home/robu/work/robu_hoeran19_ws/build/robu/build install --record /home/robu/work/robu_hoeran19_ws/build/robu/install.log --single-version-externally-managed
[1.670s] running egg_info
[1.671s] writing ../../build/robu/robu.egg-info/PKG-INFO
[1.672s] writing dependency_links to ../../build/robu/robu.egg-info/dependency_links.txt
[1.673s] writing entry points to ../../build/robu/robu.egg-info/entry_points.txt
[1.674s] writing requirements to ../../build/robu/robu.egg-info/requires.txt
[1.674s] writing top-level names to ../../build/robu/robu.egg-info/top_level.txt
[1.682s] reading manifest file '../../build/robu/robu.egg-info/SOURCES.txt'
[1.683s] writing manifest file '../../build/robu/robu.egg-info/SOURCES.txt'
[1.683s] running build
[1.684s] running build_py
[1.684s] running install
[1.685s] running install_lib
[1.686s] running install_data
[1.687s] copying launch/ex13_action_launch.py -> /home/robu/work/robu_hoeran19_ws/install/robu/share/robu
[1.687s] running install_egg_info
[1.693s] removing '/home/robu/work/robu_hoeran19_ws/install/robu/lib/python3.10/site-packages/robu-0.0.0-py3.10.egg-info' (and everything under it)
[1.700s] Copying ../../build/robu/robu.egg-info to /home/robu/work/robu_hoeran19_ws/install/robu/lib/python3.10/site-packages/robu-0.0.0-py3.10.egg-info
[1.701s] running install_scripts
[1.730s] Installing fibonacci_client script to /home/robu/work/robu_hoeran19_ws/install/robu/lib/robu
[1.734s] Installing fibonacci_server script to /home/robu/work/robu_hoeran19_ws/install/robu/lib/robu
[1.734s] Installing myparameter script to /home/robu/work/robu_hoeran19_ws/install/robu/lib/robu
[1.734s] Installing mypublisher script to /home/robu/work/robu_hoeran19_ws/install/robu/lib/robu
[1.738s] Installing mysubscriber script to /home/robu/work/robu_hoeran19_ws/install/robu/lib/robu
[1.739s] Installing testparameter script to /home/robu/work/robu_hoeran19_ws/install/robu/lib/robu
[1.740s] Installing testparameter_get script to /home/robu/work/robu_hoeran19_ws/install/robu/lib/robu
[1.740s] Installing wallfollower script to /home/robu/work/robu_hoeran19_ws/install/robu/lib/robu
[1.741s] writing list of installed files to '/home/robu/work/robu_hoeran19_ws/build/robu/install.log'
[1.819s] Invoked command in '/home/robu/work/robu_hoeran19_ws/src/robu' returned '0': PYTHONPATH=/home/robu/work/robu_hoeran19_ws/build/robu/prefix_override:/home/robu/work/robu_hoeran19_ws/install/robu/lib/python3.10/site-packages:${PYTHONPATH} /usr/bin/python3 setup.py egg_info --egg-base ../../build/robu build --build-base /home/robu/work/robu_hoeran19_ws/build/robu/build install --record /home/robu/work/robu_hoeran19_ws/build/robu/install.log --single-version-externally-managed
