[0.539s] DEBUG:colcon:Command line arguments: ['/usr/bin/colcon', 'build']
[0.539s] DEBUG:colcon:Parsed command line arguments: Namespace(log_base=None, log_level=None, verb_name='build', build_base='build', install_base='install', merge_install=False, symlink_install=False, test_result_base=None, continue_on_error=False, executor='parallel', parallel_workers=4, event_handlers=None, ignore_user_meta=False, metas=['./colcon.meta'], base_paths=['.'], packages_ignore=None, packages_ignore_regex=None, paths=None, packages_up_to=None, packages_up_to_regex=None, packages_above=None, packages_above_and_dependencies=None, packages_above_depth=None, packages_select_by_dep=None, packages_skip_by_dep=None, packages_skip_up_to=None, packages_select_build_failed=False, packages_skip_build_finished=False, packages_select_test_failures=False, packages_skip_test_passed=False, packages_select=None, packages_skip=None, packages_select_regex=None, packages_skip_regex=None, packages_start=None, packages_end=None, allow_overriding=[], cmake_args=None, cmake_target=None, cmake_target_skip_unavailable=False, cmake_clean_cache=False, cmake_clean_first=False, cmake_force_configure=False, ament_cmake_args=None, catkin_cmake_args=None, catkin_skip_building_tests=False, verb_parser=<colcon_defaults.argument_parser.defaults.DefaultArgumentsDecorator object at 0x7f6d32c27cd0>, verb_extension=<colcon_core.verb.build.BuildVerb object at 0x7f6d32caa680>, main=<bound method BuildVerb.main of <colcon_core.verb.build.BuildVerb object at 0x7f6d32caa680>>)
[0.574s] Level 1:colcon.colcon_core.package_discovery:discover_packages(colcon_meta) check parameters
[0.574s] Level 1:colcon.colcon_core.package_discovery:discover_packages(recursive) check parameters
[0.574s] Level 1:colcon.colcon_core.package_discovery:discover_packages(ignore) check parameters
[0.575s] Level 1:colcon.colcon_core.package_discovery:discover_packages(path) check parameters
[0.575s] Level 1:colcon.colcon_core.package_discovery:discover_packages(colcon_meta) discover
[0.575s] Level 1:colcon.colcon_core.package_discovery:discover_packages(recursive) discover
[0.575s] INFO:colcon.colcon_core.package_discovery:Crawling recursively for packages in '/home/robu/work/robu_hoeran19_ws'
[0.575s] Level 1:colcon.colcon_core.package_identification:_identify(.) by extensions ['ignore', 'ignore_ament_install']
[0.576s] Level 1:colcon.colcon_core.package_identification:_identify(.) by extension 'ignore'
[0.576s] Level 1:colcon.colcon_core.package_identification:_identify(.) by extension 'ignore_ament_install'
[0.576s] Level 1:colcon.colcon_core.package_identification:_identify(.) by extensions ['colcon_pkg']
[0.576s] Level 1:colcon.colcon_core.package_identification:_identify(.) by extension 'colcon_pkg'
[0.576s] Level 1:colcon.colcon_core.package_identification:_identify(.) by extensions ['colcon_meta']
[0.577s] Level 1:colcon.colcon_core.package_identification:_identify(.) by extension 'colcon_meta'
[0.577s] Level 1:colcon.colcon_core.package_identification:_identify(.) by extensions ['ros']
[0.577s] Level 1:colcon.colcon_core.package_identification:_identify(.) by extension 'ros'
[0.593s] Level 1:colcon.colcon_core.package_identification:_identify(.) by extensions ['cmake', 'python']
[0.593s] Level 1:colcon.colcon_core.package_identification:_identify(.) by extension 'cmake'
[0.593s] Level 1:colcon.colcon_core.package_identification:_identify(.) by extension 'python'
[0.593s] Level 1:colcon.colcon_core.package_identification:_identify(.) by extensions ['python_setup_py']
[0.594s] Level 1:colcon.colcon_core.package_identification:_identify(.) by extension 'python_setup_py'
[0.594s] Level 1:colcon.colcon_core.package_identification:_identify(build) by extensions ['ignore', 'ignore_ament_install']
[0.594s] Level 1:colcon.colcon_core.package_identification:_identify(build) by extension 'ignore'
[0.594s] Level 1:colcon.colcon_core.package_identification:_identify(build) ignored
[0.595s] Level 1:colcon.colcon_core.package_identification:_identify(install) by extensions ['ignore', 'ignore_ament_install']
[0.595s] Level 1:colcon.colcon_core.package_identification:_identify(install) by extension 'ignore'
[0.595s] Level 1:colcon.colcon_core.package_identification:_identify(install) ignored
[0.595s] Level 1:colcon.colcon_core.package_identification:_identify(log) by extensions ['ignore', 'ignore_ament_install']
[0.596s] Level 1:colcon.colcon_core.package_identification:_identify(log) by extension 'ignore'
[0.596s] Level 1:colcon.colcon_core.package_identification:_identify(log) ignored
[0.596s] Level 1:colcon.colcon_core.package_identification:_identify(src) by extensions ['ignore', 'ignore_ament_install']
[0.596s] Level 1:colcon.colcon_core.package_identification:_identify(src) by extension 'ignore'
[0.596s] Level 1:colcon.colcon_core.package_identification:_identify(src) by extension 'ignore_ament_install'
[0.597s] Level 1:colcon.colcon_core.package_identification:_identify(src) by extensions ['colcon_pkg']
[0.597s] Level 1:colcon.colcon_core.package_identification:_identify(src) by extension 'colcon_pkg'
[0.597s] Level 1:colcon.colcon_core.package_identification:_identify(src) by extensions ['colcon_meta']
[0.597s] Level 1:colcon.colcon_core.package_identification:_identify(src) by extension 'colcon_meta'
[0.597s] Level 1:colcon.colcon_core.package_identification:_identify(src) by extensions ['ros']
[0.598s] Level 1:colcon.colcon_core.package_identification:_identify(src) by extension 'ros'
[0.598s] Level 1:colcon.colcon_core.package_identification:_identify(src) by extensions ['cmake', 'python']
[0.598s] Level 1:colcon.colcon_core.package_identification:_identify(src) by extension 'cmake'
[0.598s] Level 1:colcon.colcon_core.package_identification:_identify(src) by extension 'python'
[0.598s] Level 1:colcon.colcon_core.package_identification:_identify(src) by extensions ['python_setup_py']
[0.599s] Level 1:colcon.colcon_core.package_identification:_identify(src) by extension 'python_setup_py'
[0.599s] Level 1:colcon.colcon_core.package_identification:_identify(src/robu) by extensions ['ignore', 'ignore_ament_install']
[0.599s] Level 1:colcon.colcon_core.package_identification:_identify(src/robu) by extension 'ignore'
[0.599s] Level 1:colcon.colcon_core.package_identification:_identify(src/robu) by extension 'ignore_ament_install'
[0.599s] Level 1:colcon.colcon_core.package_identification:_identify(src/robu) by extensions ['colcon_pkg']
[0.600s] Level 1:colcon.colcon_core.package_identification:_identify(src/robu) by extension 'colcon_pkg'
[0.600s] Level 1:colcon.colcon_core.package_identification:_identify(src/robu) by extensions ['colcon_meta']
[0.600s] Level 1:colcon.colcon_core.package_identification:_identify(src/robu) by extension 'colcon_meta'
[0.600s] Level 1:colcon.colcon_core.package_identification:_identify(src/robu) by extensions ['ros']
[0.600s] Level 1:colcon.colcon_core.package_identification:_identify(src/robu) by extension 'ros'
[0.603s] DEBUG:colcon.colcon_core.package_identification:Package 'src/robu' with type 'ros.ament_python' and name 'robu'
[0.603s] Level 1:colcon.colcon_core.package_discovery:discover_packages(recursive) using defaults
[0.604s] Level 1:colcon.colcon_core.package_discovery:discover_packages(ignore) discover
[0.604s] Level 1:colcon.colcon_core.package_discovery:discover_packages(ignore) using defaults
[0.604s] Level 1:colcon.colcon_core.package_discovery:discover_packages(path) discover
[0.604s] Level 1:colcon.colcon_core.package_discovery:discover_packages(path) using defaults
[0.635s] Level 1:colcon.colcon_core.package_discovery:discover_packages(prefix_path) check parameters
[0.635s] Level 1:colcon.colcon_core.package_discovery:discover_packages(prefix_path) discover
[0.642s] DEBUG:colcon.colcon_installed_package_information.package_discovery:Found 1 installed packages in /home/robu/work/robu_hoeran19_ws/install
[0.645s] DEBUG:colcon.colcon_installed_package_information.package_discovery:Found 17 installed packages in /home/robu/work/turtlebot3_ws/install
[0.648s] DEBUG:colcon.colcon_installed_package_information.package_discovery:Found 358 installed packages in /opt/ros/humble
[0.651s] Level 1:colcon.colcon_core.package_discovery:discover_packages(prefix_path) using defaults
[0.763s] Level 5:colcon.colcon_core.verb:set package 'robu' build argument 'cmake_args' from command line to 'None'
[0.764s] Level 5:colcon.colcon_core.verb:set package 'robu' build argument 'cmake_target' from command line to 'None'
[0.764s] Level 5:colcon.colcon_core.verb:set package 'robu' build argument 'cmake_target_skip_unavailable' from command line to 'False'
[0.764s] Level 5:colcon.colcon_core.verb:set package 'robu' build argument 'cmake_clean_cache' from command line to 'False'
[0.764s] Level 5:colcon.colcon_core.verb:set package 'robu' build argument 'cmake_clean_first' from command line to 'False'
[0.764s] Level 5:colcon.colcon_core.verb:set package 'robu' build argument 'cmake_force_configure' from command line to 'False'
[0.765s] Level 5:colcon.colcon_core.verb:set package 'robu' build argument 'ament_cmake_args' from command line to 'None'
[0.765s] Level 5:colcon.colcon_core.verb:set package 'robu' build argument 'catkin_cmake_args' from command line to 'None'
[0.765s] Level 5:colcon.colcon_core.verb:set package 'robu' build argument 'catkin_skip_building_tests' from command line to 'False'
[0.765s] DEBUG:colcon.colcon_core.verb:Building package 'robu' with the following arguments: {'ament_cmake_args': None, 'build_base': '/home/robu/work/robu_hoeran19_ws/build/robu', 'catkin_cmake_args': None, 'catkin_skip_building_tests': False, 'cmake_args': None, 'cmake_clean_cache': False, 'cmake_clean_first': False, 'cmake_force_configure': False, 'cmake_target': None, 'cmake_target_skip_unavailable': False, 'install_base': '/home/robu/work/robu_hoeran19_ws/install/robu', 'merge_install': False, 'path': '/home/robu/work/robu_hoeran19_ws/src/robu', 'symlink_install': False, 'test_result_base': None}
[0.766s] INFO:colcon.colcon_core.executor:Executing jobs using 'parallel' executor
[0.770s] DEBUG:colcon.colcon_parallel_executor.executor.parallel:run_until_complete
[0.771s] INFO:colcon.colcon_ros.task.ament_python.build:Building ROS package in '/home/robu/work/robu_hoeran19_ws/src/robu' with build type 'ament_python'
[0.772s] Level 1:colcon.colcon_core.shell:create_environment_hook('robu', 'ament_prefix_path')
[0.779s] INFO:colcon.colcon_core.plugin_system:Skipping extension 'colcon_core.shell.bat': Not used on non-Windows systems
[0.780s] INFO:colcon.colcon_core.shell:Creating environment hook '/home/robu/work/robu_hoeran19_ws/install/robu/share/robu/hook/ament_prefix_path.ps1'
[0.781s] INFO:colcon.colcon_core.shell:Creating environment descriptor '/home/robu/work/robu_hoeran19_ws/install/robu/share/robu/hook/ament_prefix_path.dsv'
[0.782s] INFO:colcon.colcon_core.shell:Creating environment hook '/home/robu/work/robu_hoeran19_ws/install/robu/share/robu/hook/ament_prefix_path.sh'
[0.785s] INFO:colcon.colcon_core.shell:Skip shell extension 'powershell' for command environment: Not usable outside of PowerShell
[0.785s] DEBUG:colcon.colcon_core.shell:Skip shell extension 'dsv' for command environment
[1.336s] INFO:colcon.colcon_core.task.python.build:Building Python package in '/home/robu/work/robu_hoeran19_ws/src/robu'
[1.339s] INFO:colcon.colcon_core.shell:Skip shell extension 'powershell' for command environment: Not usable outside of PowerShell
[1.339s] DEBUG:colcon.colcon_core.shell:Skip shell extension 'dsv' for command environment
[1.973s] DEBUG:colcon.colcon_core.event_handler.log_command:Invoking command in '/home/robu/work/robu_hoeran19_ws/src/robu': PYTHONPATH=/home/robu/work/robu_hoeran19_ws/build/robu/prefix_override:/home/robu/work/robu_hoeran19_ws/install/robu/lib/python3.10/site-packages:${PYTHONPATH} /usr/bin/python3 setup.py egg_info --egg-base ../../build/robu build --build-base /home/robu/work/robu_hoeran19_ws/build/robu/build install --record /home/robu/work/robu_hoeran19_ws/build/robu/install.log --single-version-externally-managed
[2.558s] DEBUG:colcon.colcon_core.event_handler.log_command:Invoked command in '/home/robu/work/robu_hoeran19_ws/src/robu' returned '0': PYTHONPATH=/home/robu/work/robu_hoeran19_ws/build/robu/prefix_override:/home/robu/work/robu_hoeran19_ws/install/robu/lib/python3.10/site-packages:${PYTHONPATH} /usr/bin/python3 setup.py egg_info --egg-base ../../build/robu build --build-base /home/robu/work/robu_hoeran19_ws/build/robu/build install --record /home/robu/work/robu_hoeran19_ws/build/robu/install.log --single-version-externally-managed
[2.564s] Level 1:colcon.colcon_core.environment:checking '/home/robu/work/robu_hoeran19_ws/install/robu' for CMake module files
[2.564s] Level 1:colcon.colcon_core.environment:checking '/home/robu/work/robu_hoeran19_ws/install/robu' for CMake config files
[2.565s] Level 1:colcon.colcon_core.environment:checking '/home/robu/work/robu_hoeran19_ws/install/robu/lib'
[2.566s] Level 1:colcon.colcon_core.environment:checking '/home/robu/work/robu_hoeran19_ws/install/robu/bin'
[2.566s] Level 1:colcon.colcon_core.environment:checking '/home/robu/work/robu_hoeran19_ws/install/robu/lib/pkgconfig/robu.pc'
[2.566s] Level 1:colcon.colcon_core.environment:checking '/home/robu/work/robu_hoeran19_ws/install/robu/lib/python3.10/site-packages'
[2.566s] Level 1:colcon.colcon_core.shell:create_environment_hook('robu', 'pythonpath')
[2.568s] INFO:colcon.colcon_core.shell:Creating environment hook '/home/robu/work/robu_hoeran19_ws/install/robu/share/robu/hook/pythonpath.ps1'
[2.568s] INFO:colcon.colcon_core.shell:Creating environment descriptor '/home/robu/work/robu_hoeran19_ws/install/robu/share/robu/hook/pythonpath.dsv'
[2.569s] INFO:colcon.colcon_core.shell:Creating environment hook '/home/robu/work/robu_hoeran19_ws/install/robu/share/robu/hook/pythonpath.sh'
[2.570s] Level 1:colcon.colcon_core.environment:checking '/home/robu/work/robu_hoeran19_ws/install/robu/bin'
[2.570s] Level 1:colcon.colcon_core.environment:create_environment_scripts_only(robu)
[2.571s] INFO:colcon.colcon_core.shell:Creating package script '/home/robu/work/robu_hoeran19_ws/install/robu/share/robu/package.ps1'
[2.573s] INFO:colcon.colcon_core.shell:Creating package descriptor '/home/robu/work/robu_hoeran19_ws/install/robu/share/robu/package.dsv'
[2.575s] INFO:colcon.colcon_core.shell:Creating package script '/home/robu/work/robu_hoeran19_ws/install/robu/share/robu/package.sh'
[2.577s] INFO:colcon.colcon_core.shell:Creating package script '/home/robu/work/robu_hoeran19_ws/install/robu/share/robu/package.bash'
[2.578s] INFO:colcon.colcon_core.shell:Creating package script '/home/robu/work/robu_hoeran19_ws/install/robu/share/robu/package.zsh'
[2.580s] Level 1:colcon.colcon_core.environment:create_file_with_runtime_dependencies(/home/robu/work/robu_hoeran19_ws/install/robu/share/colcon-core/packages/robu)
[2.580s] DEBUG:colcon.colcon_parallel_executor.executor.parallel:closing loop
[2.586s] DEBUG:colcon.colcon_parallel_executor.executor.parallel:loop closed
[2.587s] DEBUG:colcon.colcon_parallel_executor.executor.parallel:run_until_complete finished with '0'
[2.587s] DEBUG:colcon.colcon_core.event_reactor:joining thread
[2.595s] INFO:colcon.colcon_core.plugin_system:Skipping extension 'colcon_notification.desktop_notification.terminal_notifier': Not used on non-Darwin systems
[2.595s] INFO:colcon.colcon_core.plugin_system:Skipping extension 'colcon_notification.desktop_notification.win32': Not used on non-Windows systems
[2.595s] INFO:colcon.colcon_notification.desktop_notification:Sending desktop notification using 'notify2'
[2.694s] DEBUG:colcon.colcon_core.event_reactor:joined thread
[2.696s] INFO:colcon.colcon_core.shell:Creating prefix script '/home/robu/work/robu_hoeran19_ws/install/local_setup.ps1'
[2.697s] INFO:colcon.colcon_core.shell:Creating prefix util module '/home/robu/work/robu_hoeran19_ws/install/_local_setup_util_ps1.py'
[2.699s] INFO:colcon.colcon_core.shell:Creating prefix chain script '/home/robu/work/robu_hoeran19_ws/install/setup.ps1'
[2.707s] INFO:colcon.colcon_core.shell:Creating prefix script '/home/robu/work/robu_hoeran19_ws/install/local_setup.sh'
[2.708s] INFO:colcon.colcon_core.shell:Creating prefix util module '/home/robu/work/robu_hoeran19_ws/install/_local_setup_util_sh.py'
[2.709s] INFO:colcon.colcon_core.shell:Creating prefix chain script '/home/robu/work/robu_hoeran19_ws/install/setup.sh'
[2.712s] INFO:colcon.colcon_core.shell:Creating prefix script '/home/robu/work/robu_hoeran19_ws/install/local_setup.bash'
[2.713s] INFO:colcon.colcon_core.shell:Creating prefix chain script '/home/robu/work/robu_hoeran19_ws/install/setup.bash'
[2.717s] INFO:colcon.colcon_core.shell:Creating prefix script '/home/robu/work/robu_hoeran19_ws/install/local_setup.zsh'
[2.717s] INFO:colcon.colcon_core.shell:Creating prefix chain script '/home/robu/work/robu_hoeran19_ws/install/setup.zsh'
