[2.677s] Invoking command in '/home/robu/work/robu_hoeran19_ws/src/robu': PYTHONPATH=/home/robu/work/robu_hoeran19_ws/build/robu/prefix_override:/home/robu/work/robu_hoeran19_ws/install/robu/lib/python3.10/site-packages:${PYTHONPATH} /usr/bin/python3 setup.py egg_info --egg-base ../../build/robu build --build-base /home/robu/work/robu_hoeran19_ws/build/robu/build install --record /home/robu/work/robu_hoeran19_ws/build/robu/install.log --single-version-externally-managed
[3.066s] running egg_info
[3.067s] creating ../../build/robu/robu.egg-info
[3.067s] writing ../../build/robu/robu.egg-info/PKG-INFO
[3.068s] writing dependency_links to ../../build/robu/robu.egg-info/dependency_links.txt
[3.069s] writing entry points to ../../build/robu/robu.egg-info/entry_points.txt
[3.069s] writing requirements to ../../build/robu/robu.egg-info/requires.txt
[3.069s] writing top-level names to ../../build/robu/robu.egg-info/top_level.txt
[3.070s] writing manifest file '../../build/robu/robu.egg-info/SOURCES.txt'
[3.074s] reading manifest file '../../build/robu/robu.egg-info/SOURCES.txt'
[3.075s] writing manifest file '../../build/robu/robu.egg-info/SOURCES.txt'
[3.076s] running build
[3.076s] running build_py
[3.076s] creating /home/robu/work/robu_hoeran19_ws/build/robu/build
[3.077s] creating /home/robu/work/robu_hoeran19_ws/build/robu/build/lib
[3.077s] creating /home/robu/work/robu_hoeran19_ws/build/robu/build/lib/robu
[3.077s] copying robu/ex11_parameter.py -> /home/robu/work/robu_hoeran19_ws/build/robu/build/lib/robu
[3.078s] copying robu/ex10_wallfollower.py -> /home/robu/work/robu_hoeran19_ws/build/robu/build/lib/robu
[3.080s] copying robu/ex12_fibonacci_client.py -> /home/robu/work/robu_hoeran19_ws/build/robu/build/lib/robu
[3.081s] copying robu/__init__.py -> /home/robu/work/robu_hoeran19_ws/build/robu/build/lib/robu
[3.081s] copying robu/ex12_fibonacci_server.py -> /home/robu/work/robu_hoeran19_ws/build/robu/build/lib/robu
[3.082s] running install
[3.083s] running install_lib
[3.084s] creating /home/robu/work/robu_hoeran19_ws/install/robu/lib/python3.10/site-packages/robu
[3.085s] copying /home/robu/work/robu_hoeran19_ws/build/robu/build/lib/robu/ex11_parameter.py -> /home/robu/work/robu_hoeran19_ws/install/robu/lib/python3.10/site-packages/robu
[3.085s] copying /home/robu/work/robu_hoeran19_ws/build/robu/build/lib/robu/ex10_wallfollower.py -> /home/robu/work/robu_hoeran19_ws/install/robu/lib/python3.10/site-packages/robu
[3.086s] copying /home/robu/work/robu_hoeran19_ws/build/robu/build/lib/robu/ex12_fibonacci_client.py -> /home/robu/work/robu_hoeran19_ws/install/robu/lib/python3.10/site-packages/robu
[3.086s] copying /home/robu/work/robu_hoeran19_ws/build/robu/build/lib/robu/__init__.py -> /home/robu/work/robu_hoeran19_ws/install/robu/lib/python3.10/site-packages/robu
[3.088s] copying /home/robu/work/robu_hoeran19_ws/build/robu/build/lib/robu/ex12_fibonacci_server.py -> /home/robu/work/robu_hoeran19_ws/install/robu/lib/python3.10/site-packages/robu
[3.089s] byte-compiling /home/robu/work/robu_hoeran19_ws/install/robu/lib/python3.10/site-packages/robu/ex11_parameter.py to ex11_parameter.cpython-310.pyc
[3.090s] byte-compiling /home/robu/work/robu_hoeran19_ws/install/robu/lib/python3.10/site-packages/robu/ex10_wallfollower.py to ex10_wallfollower.cpython-310.pyc
[3.092s] byte-compiling /home/robu/work/robu_hoeran19_ws/install/robu/lib/python3.10/site-packages/robu/ex12_fibonacci_client.py to ex12_fibonacci_client.cpython-310.pyc
[3.093s] byte-compiling /home/robu/work/robu_hoeran19_ws/install/robu/lib/python3.10/site-packages/robu/__init__.py to __init__.cpython-310.pyc
[3.094s] byte-compiling /home/robu/work/robu_hoeran19_ws/install/robu/lib/python3.10/site-packages/robu/ex12_fibonacci_server.py to ex12_fibonacci_server.cpython-310.pyc
[3.095s] running install_data
[3.095s] creating /home/robu/work/robu_hoeran19_ws/install/robu/share/ament_index
[3.096s] creating /home/robu/work/robu_hoeran19_ws/install/robu/share/ament_index/resource_index
[3.096s] creating /home/robu/work/robu_hoeran19_ws/install/robu/share/ament_index/resource_index/packages
[3.096s] copying resource/robu -> /home/robu/work/robu_hoeran19_ws/install/robu/share/ament_index/resource_index/packages
[3.096s] copying package.xml -> /home/robu/work/robu_hoeran19_ws/install/robu/share/robu
[3.097s] copying launch/ex14_navigation_launch.py -> /home/robu/work/robu_hoeran19_ws/install/robu/share/robu
[3.097s] copying launch/ex13_action_launch.py -> /home/robu/work/robu_hoeran19_ws/install/robu/share/robu
[3.097s] copying launch/test_parameter_launch.py -> /home/robu/work/robu_hoeran19_ws/install/robu/share/robu
[3.098s] running install_egg_info
[3.103s] Copying ../../build/robu/robu.egg-info to /home/robu/work/robu_hoeran19_ws/install/robu/lib/python3.10/site-packages/robu-0.0.0-py3.10.egg-info
[3.105s] running install_scripts
[3.133s] Installing fibonacci_client script to /home/robu/work/robu_hoeran19_ws/install/robu/lib/robu
[3.133s] Installing fibonacci_server script to /home/robu/work/robu_hoeran19_ws/install/robu/lib/robu
[3.134s] Installing myparameter script to /home/robu/work/robu_hoeran19_ws/install/robu/lib/robu
[3.134s] Installing mypublisher script to /home/robu/work/robu_hoeran19_ws/install/robu/lib/robu
[3.135s] Installing mysubscriber script to /home/robu/work/robu_hoeran19_ws/install/robu/lib/robu
[3.136s] Installing testparameter script to /home/robu/work/robu_hoeran19_ws/install/robu/lib/robu
[3.136s] Installing testparameter_get script to /home/robu/work/robu_hoeran19_ws/install/robu/lib/robu
[3.138s] Installing wallfollower script to /home/robu/work/robu_hoeran19_ws/install/robu/lib/robu
[3.154s] writing list of installed files to '/home/robu/work/robu_hoeran19_ws/build/robu/install.log'
[3.176s] Invoked command in '/home/robu/work/robu_hoeran19_ws/src/robu' returned '0': PYTHONPATH=/home/robu/work/robu_hoeran19_ws/build/robu/prefix_override:/home/robu/work/robu_hoeran19_ws/install/robu/lib/python3.10/site-packages:${PYTHONPATH} /usr/bin/python3 setup.py egg_info --egg-base ../../build/robu build --build-base /home/robu/work/robu_hoeran19_ws/build/robu/build install --record /home/robu/work/robu_hoeran19_ws/build/robu/install.log --single-version-externally-managed
