[0.855s] Invoking command in '/home/robu/work/robu_hoeran19_ws/src/robu': PYTHONPATH=/home/robu/work/robu_hoeran19_ws/build/robu/prefix_override:/home/robu/work/robu_hoeran19_ws/install/robu/lib/python3.10/site-packages:${PYTHONPATH} /usr/bin/python3 setup.py egg_info --egg-base ../../build/robu build --build-base /home/robu/work/robu_hoeran19_ws/build/robu/build install --record /home/robu/work/robu_hoeran19_ws/build/robu/install.log --single-version-externally-managed
[1.198s] running egg_info
[1.200s] writing ../../build/robu/robu.egg-info/PKG-INFO
[1.201s] writing dependency_links to ../../build/robu/robu.egg-info/dependency_links.txt
[1.202s] writing entry points to ../../build/robu/robu.egg-info/entry_points.txt
[1.202s] writing requirements to ../../build/robu/robu.egg-info/requires.txt
[1.203s] writing top-level names to ../../build/robu/robu.egg-info/top_level.txt
[1.206s] reading manifest file '../../build/robu/robu.egg-info/SOURCES.txt'
[1.208s] writing manifest file '../../build/robu/robu.egg-info/SOURCES.txt'
[1.208s] running build
[1.208s] running build_py
[1.209s] running install
[1.210s] running install_lib
[1.212s] running install_data
[1.213s] running install_egg_info
[1.215s] removing '/home/robu/work/robu_hoeran19_ws/install/robu/lib/python3.10/site-packages/robu-0.0.0-py3.10.egg-info' (and everything under it)
[1.217s] Copying ../../build/robu/robu.egg-info to /home/robu/work/robu_hoeran19_ws/install/robu/lib/python3.10/site-packages/robu-0.0.0-py3.10.egg-info
[1.217s] running install_scripts
[1.244s] Installing myparameter script to /home/robu/work/robu_hoeran19_ws/install/robu/lib/robu
[1.245s] Installing mypublisher script to /home/robu/work/robu_hoeran19_ws/install/robu/lib/robu
[1.245s] Installing mysubscriber script to /home/robu/work/robu_hoeran19_ws/install/robu/lib/robu
[1.246s] Installing testparameter script to /home/robu/work/robu_hoeran19_ws/install/robu/lib/robu
[1.247s] Installing testparameter_get script to /home/robu/work/robu_hoeran19_ws/install/robu/lib/robu
[1.247s] Installing wallfollower script to /home/robu/work/robu_hoeran19_ws/install/robu/lib/robu
[1.248s] writing list of installed files to '/home/robu/work/robu_hoeran19_ws/build/robu/install.log'
