[0.510s] DEBUG:colcon:Command line arguments: ['/usr/bin/colcon', 'build']
[0.510s] DEBUG:colcon:Parsed command line arguments: Namespace(log_base=None, log_level=None, verb_name='build', build_base='build', install_base='install', merge_install=False, symlink_install=False, test_result_base=None, continue_on_error=False, executor='parallel', parallel_workers=4, event_handlers=None, ignore_user_meta=False, metas=['./colcon.meta'], base_paths=['.'], packages_ignore=None, packages_ignore_regex=None, paths=None, packages_up_to=None, packages_up_to_regex=None, packages_above=None, packages_above_and_dependencies=None, packages_above_depth=None, packages_select_by_dep=None, packages_skip_by_dep=None, packages_skip_up_to=None, packages_select_build_failed=False, packages_skip_build_finished=False, packages_select_test_failures=False, packages_skip_test_passed=False, packages_select=None, packages_skip=None, packages_select_regex=None, packages_skip_regex=None, packages_start=None, packages_end=None, allow_overriding=[], cmake_args=None, cmake_target=None, cmake_target_skip_unavailable=False, cmake_clean_cache=False, cmake_clean_first=False, cmake_force_configure=False, ament_cmake_args=None, catkin_cmake_args=None, catkin_skip_building_tests=False, verb_parser=<colcon_defaults.argument_parser.defaults.DefaultArgumentsDecorator object at 0x7fefc9f23d60>, verb_extension=<colcon_core.verb.build.BuildVerb object at 0x7fefc9fa6530>, main=<bound method BuildVerb.main of <colcon_core.verb.build.BuildVerb object at 0x7fefc9fa6530>>)
[0.549s] Level 1:colcon.colcon_core.package_discovery:discover_packages(colcon_meta) check parameters
[0.550s] Level 1:colcon.colcon_core.package_discovery:discover_packages(recursive) check parameters
[0.550s] Level 1:colcon.colcon_core.package_discovery:discover_packages(ignore) check parameters
[0.550s] Level 1:colcon.colcon_core.package_discovery:discover_packages(path) check parameters
[0.550s] Level 1:colcon.colcon_core.package_discovery:discover_packages(colcon_meta) discover
[0.550s] Level 1:colcon.colcon_core.package_discovery:discover_packages(recursive) discover
[0.550s] INFO:colcon.colcon_core.package_discovery:Crawling recursively for packages in '/home/robu/work/robu_hoeran19_ws'
[0.550s] Level 1:colcon.colcon_core.package_identification:_identify(.) by extensions ['ignore', 'ignore_ament_install']
[0.550s] Level 1:colcon.colcon_core.package_identification:_identify(.) by extension 'ignore'
[0.551s] Level 1:colcon.colcon_core.package_identification:_identify(.) by extension 'ignore_ament_install'
[0.551s] Level 1:colcon.colcon_core.package_identification:_identify(.) by extensions ['colcon_pkg']
[0.551s] Level 1:colcon.colcon_core.package_identification:_identify(.) by extension 'colcon_pkg'
[0.551s] Level 1:colcon.colcon_core.package_identification:_identify(.) by extensions ['colcon_meta']
[0.551s] Level 1:colcon.colcon_core.package_identification:_identify(.) by extension 'colcon_meta'
[0.551s] Level 1:colcon.colcon_core.package_identification:_identify(.) by extensions ['ros']
[0.551s] Level 1:colcon.colcon_core.package_identification:_identify(.) by extension 'ros'
[0.578s] Level 1:colcon.colcon_core.package_identification:_identify(.) by extensions ['cmake', 'python']
[0.579s] Level 1:colcon.colcon_core.package_identification:_identify(.) by extension 'cmake'
[0.579s] Level 1:colcon.colcon_core.package_identification:_identify(.) by extension 'python'
[0.579s] Level 1:colcon.colcon_core.package_identification:_identify(.) by extensions ['python_setup_py']
[0.579s] Level 1:colcon.colcon_core.package_identification:_identify(.) by extension 'python_setup_py'
[0.579s] Level 1:colcon.colcon_core.package_identification:_identify(build) by extensions ['ignore', 'ignore_ament_install']
[0.579s] Level 1:colcon.colcon_core.package_identification:_identify(build) by extension 'ignore'
[0.580s] Level 1:colcon.colcon_core.package_identification:_identify(build) ignored
[0.580s] Level 1:colcon.colcon_core.package_identification:_identify(install) by extensions ['ignore', 'ignore_ament_install']
[0.580s] Level 1:colcon.colcon_core.package_identification:_identify(install) by extension 'ignore'
[0.580s] Level 1:colcon.colcon_core.package_identification:_identify(install) ignored
[0.580s] Level 1:colcon.colcon_core.package_identification:_identify(log) by extensions ['ignore', 'ignore_ament_install']
[0.581s] Level 1:colcon.colcon_core.package_identification:_identify(log) by extension 'ignore'
[0.581s] Level 1:colcon.colcon_core.package_identification:_identify(log) ignored
[0.581s] Level 1:colcon.colcon_core.package_identification:_identify(src) by extensions ['ignore', 'ignore_ament_install']
[0.581s] Level 1:colcon.colcon_core.package_identification:_identify(src) by extension 'ignore'
[0.581s] Level 1:colcon.colcon_core.package_identification:_identify(src) by extension 'ignore_ament_install'
[0.581s] Level 1:colcon.colcon_core.package_identification:_identify(src) by extensions ['colcon_pkg']
[0.581s] Level 1:colcon.colcon_core.package_identification:_identify(src) by extension 'colcon_pkg'
[0.582s] Level 1:colcon.colcon_core.package_identification:_identify(src) by extensions ['colcon_meta']
[0.582s] Level 1:colcon.colcon_core.package_identification:_identify(src) by extension 'colcon_meta'
[0.582s] Level 1:colcon.colcon_core.package_identification:_identify(src) by extensions ['ros']
[0.582s] Level 1:colcon.colcon_core.package_identification:_identify(src) by extension 'ros'
[0.582s] Level 1:colcon.colcon_core.package_identification:_identify(src) by extensions ['cmake', 'python']
[0.582s] Level 1:colcon.colcon_core.package_identification:_identify(src) by extension 'cmake'
[0.582s] Level 1:colcon.colcon_core.package_identification:_identify(src) by extension 'python'
[0.582s] Level 1:colcon.colcon_core.package_identification:_identify(src) by extensions ['python_setup_py']
[0.582s] Level 1:colcon.colcon_core.package_identification:_identify(src) by extension 'python_setup_py'
[0.583s] Level 1:colcon.colcon_core.package_identification:_identify(src/robu) by extensions ['ignore', 'ignore_ament_install']
[0.583s] Level 1:colcon.colcon_core.package_identification:_identify(src/robu) by extension 'ignore'
[0.583s] Level 1:colcon.colcon_core.package_identification:_identify(src/robu) by extension 'ignore_ament_install'
[0.583s] Level 1:colcon.colcon_core.package_identification:_identify(src/robu) by extensions ['colcon_pkg']
[0.583s] Level 1:colcon.colcon_core.package_identification:_identify(src/robu) by extension 'colcon_pkg'
[0.583s] Level 1:colcon.colcon_core.package_identification:_identify(src/robu) by extensions ['colcon_meta']
[0.583s] Level 1:colcon.colcon_core.package_identification:_identify(src/robu) by extension 'colcon_meta'
[0.584s] Level 1:colcon.colcon_core.package_identification:_identify(src/robu) by extensions ['ros']
[0.584s] Level 1:colcon.colcon_core.package_identification:_identify(src/robu) by extension 'ros'
[0.588s] DEBUG:colcon.colcon_core.package_identification:Package 'src/robu' with type 'ros.ament_python' and name 'robu'
[0.588s] Level 1:colcon.colcon_core.package_discovery:discover_packages(recursive) using defaults
[0.588s] Level 1:colcon.colcon_core.package_discovery:discover_packages(ignore) discover
[0.588s] Level 1:colcon.colcon_core.package_discovery:discover_packages(ignore) using defaults
[0.588s] Level 1:colcon.colcon_core.package_discovery:discover_packages(path) discover
[0.588s] Level 1:colcon.colcon_core.package_discovery:discover_packages(path) using defaults
[0.618s] Level 1:colcon.colcon_core.package_discovery:discover_packages(prefix_path) check parameters
[0.618s] Level 1:colcon.colcon_core.package_discovery:discover_packages(prefix_path) discover
[0.622s] DEBUG:colcon.colcon_installed_package_information.package_discovery:Found 1 installed packages in /home/robu/work/robu_hoeran19_ws/install
[0.624s] DEBUG:colcon.colcon_installed_package_information.package_discovery:Found 17 installed packages in /home/robu/work/turtlebot3_ws/install
[0.627s] DEBUG:colcon.colcon_installed_package_information.package_discovery:Found 358 installed packages in /opt/ros/humble
[0.629s] Level 1:colcon.colcon_core.package_discovery:discover_packages(prefix_path) using defaults
[0.726s] Level 5:colcon.colcon_core.verb:set package 'robu' build argument 'cmake_args' from command line to 'None'
[0.726s] Level 5:colcon.colcon_core.verb:set package 'robu' build argument 'cmake_target' from command line to 'None'
[0.726s] Level 5:colcon.colcon_core.verb:set package 'robu' build argument 'cmake_target_skip_unavailable' from command line to 'False'
[0.726s] Level 5:colcon.colcon_core.verb:set package 'robu' build argument 'cmake_clean_cache' from command line to 'False'
[0.726s] Level 5:colcon.colcon_core.verb:set package 'robu' build argument 'cmake_clean_first' from command line to 'False'
[0.726s] Level 5:colcon.colcon_core.verb:set package 'robu' build argument 'cmake_force_configure' from command line to 'False'
[0.726s] Level 5:colcon.colcon_core.verb:set package 'robu' build argument 'ament_cmake_args' from command line to 'None'
[0.726s] Level 5:colcon.colcon_core.verb:set package 'robu' build argument 'catkin_cmake_args' from command line to 'None'
[0.726s] Level 5:colcon.colcon_core.verb:set package 'robu' build argument 'catkin_skip_building_tests' from command line to 'False'
[0.726s] DEBUG:colcon.colcon_core.verb:Building package 'robu' with the following arguments: {'ament_cmake_args': None, 'build_base': '/home/robu/work/robu_hoeran19_ws/build/robu', 'catkin_cmake_args': None, 'catkin_skip_building_tests': False, 'cmake_args': None, 'cmake_clean_cache': False, 'cmake_clean_first': False, 'cmake_force_configure': False, 'cmake_target': None, 'cmake_target_skip_unavailable': False, 'install_base': '/home/robu/work/robu_hoeran19_ws/install/robu', 'merge_install': False, 'path': '/home/robu/work/robu_hoeran19_ws/src/robu', 'symlink_install': False, 'test_result_base': None}
[0.727s] INFO:colcon.colcon_core.executor:Executing jobs using 'parallel' executor
[0.731s] DEBUG:colcon.colcon_parallel_executor.executor.parallel:run_until_complete
[0.731s] INFO:colcon.colcon_ros.task.ament_python.build:Building ROS package in '/home/robu/work/robu_hoeran19_ws/src/robu' with build type 'ament_python'
[0.732s] Level 1:colcon.colcon_core.shell:create_environment_hook('robu', 'ament_prefix_path')
[0.738s] INFO:colcon.colcon_core.plugin_system:Skipping extension 'colcon_core.shell.bat': Not used on non-Windows systems
[0.738s] INFO:colcon.colcon_core.shell:Creating environment hook '/home/robu/work/robu_hoeran19_ws/install/robu/share/robu/hook/ament_prefix_path.ps1'
[0.740s] INFO:colcon.colcon_core.shell:Creating environment descriptor '/home/robu/work/robu_hoeran19_ws/install/robu/share/robu/hook/ament_prefix_path.dsv'
[0.741s] INFO:colcon.colcon_core.shell:Creating environment hook '/home/robu/work/robu_hoeran19_ws/install/robu/share/robu/hook/ament_prefix_path.sh'
[0.743s] INFO:colcon.colcon_core.shell:Skip shell extension 'powershell' for command environment: Not usable outside of PowerShell
[0.743s] DEBUG:colcon.colcon_core.shell:Skip shell extension 'dsv' for command environment
[1.211s] INFO:colcon.colcon_core.task.python.build:Building Python package in '/home/robu/work/robu_hoeran19_ws/src/robu'
[1.213s] INFO:colcon.colcon_core.shell:Skip shell extension 'powershell' for command environment: Not usable outside of PowerShell
[1.213s] DEBUG:colcon.colcon_core.shell:Skip shell extension 'dsv' for command environment
[1.758s] DEBUG:colcon.colcon_core.event_handler.log_command:Invoking command in '/home/robu/work/robu_hoeran19_ws/src/robu': PYTHONPATH=/home/robu/work/robu_hoeran19_ws/build/robu/prefix_override:/home/robu/work/robu_hoeran19_ws/install/robu/lib/python3.10/site-packages:${PYTHONPATH} /usr/bin/python3 setup.py egg_info --egg-base ../../build/robu build --build-base /home/robu/work/robu_hoeran19_ws/build/robu/build install --record /home/robu/work/robu_hoeran19_ws/build/robu/install.log --single-version-externally-managed
[2.310s] DEBUG:colcon.colcon_core.event_handler.log_command:Invoked command in '/home/robu/work/robu_hoeran19_ws/src/robu' returned '0': PYTHONPATH=/home/robu/work/robu_hoeran19_ws/build/robu/prefix_override:/home/robu/work/robu_hoeran19_ws/install/robu/lib/python3.10/site-packages:${PYTHONPATH} /usr/bin/python3 setup.py egg_info --egg-base ../../build/robu build --build-base /home/robu/work/robu_hoeran19_ws/build/robu/build install --record /home/robu/work/robu_hoeran19_ws/build/robu/install.log --single-version-externally-managed
[2.324s] Level 1:colcon.colcon_core.environment:checking '/home/robu/work/robu_hoeran19_ws/install/robu' for CMake module files
[2.325s] Level 1:colcon.colcon_core.environment:checking '/home/robu/work/robu_hoeran19_ws/install/robu' for CMake config files
[2.326s] Level 1:colcon.colcon_core.environment:checking '/home/robu/work/robu_hoeran19_ws/install/robu/lib'
[2.326s] Level 1:colcon.colcon_core.environment:checking '/home/robu/work/robu_hoeran19_ws/install/robu/bin'
[2.326s] Level 1:colcon.colcon_core.environment:checking '/home/robu/work/robu_hoeran19_ws/install/robu/lib/pkgconfig/robu.pc'
[2.327s] Level 1:colcon.colcon_core.environment:checking '/home/robu/work/robu_hoeran19_ws/install/robu/lib/python3.10/site-packages'
[2.327s] Level 1:colcon.colcon_core.shell:create_environment_hook('robu', 'pythonpath')
[2.330s] INFO:colcon.colcon_core.shell:Creating environment hook '/home/robu/work/robu_hoeran19_ws/install/robu/share/robu/hook/pythonpath.ps1'
[2.331s] INFO:colcon.colcon_core.shell:Creating environment descriptor '/home/robu/work/robu_hoeran19_ws/install/robu/share/robu/hook/pythonpath.dsv'
[2.332s] INFO:colcon.colcon_core.shell:Creating environment hook '/home/robu/work/robu_hoeran19_ws/install/robu/share/robu/hook/pythonpath.sh'
[2.333s] Level 1:colcon.colcon_core.environment:checking '/home/robu/work/robu_hoeran19_ws/install/robu/bin'
[2.333s] Level 1:colcon.colcon_core.environment:create_environment_scripts_only(robu)
[2.336s] INFO:colcon.colcon_core.shell:Creating package script '/home/robu/work/robu_hoeran19_ws/install/robu/share/robu/package.ps1'
[2.342s] INFO:colcon.colcon_core.shell:Creating package descriptor '/home/robu/work/robu_hoeran19_ws/install/robu/share/robu/package.dsv'
[2.343s] INFO:colcon.colcon_core.shell:Creating package script '/home/robu/work/robu_hoeran19_ws/install/robu/share/robu/package.sh'
[2.344s] INFO:colcon.colcon_core.shell:Creating package script '/home/robu/work/robu_hoeran19_ws/install/robu/share/robu/package.bash'
[2.345s] INFO:colcon.colcon_core.shell:Creating package script '/home/robu/work/robu_hoeran19_ws/install/robu/share/robu/package.zsh'
[2.346s] Level 1:colcon.colcon_core.environment:create_file_with_runtime_dependencies(/home/robu/work/robu_hoeran19_ws/install/robu/share/colcon-core/packages/robu)
[2.346s] DEBUG:colcon.colcon_parallel_executor.executor.parallel:closing loop
[2.346s] DEBUG:colcon.colcon_parallel_executor.executor.parallel:loop closed
[2.347s] DEBUG:colcon.colcon_parallel_executor.executor.parallel:run_until_complete finished with '0'
[2.347s] DEBUG:colcon.colcon_core.event_reactor:joining thread
[2.361s] INFO:colcon.colcon_core.plugin_system:Skipping extension 'colcon_notification.desktop_notification.terminal_notifier': Not used on non-Darwin systems
[2.362s] INFO:colcon.colcon_core.plugin_system:Skipping extension 'colcon_notification.desktop_notification.win32': Not used on non-Windows systems
[2.362s] INFO:colcon.colcon_notification.desktop_notification:Sending desktop notification using 'notify2'
[2.405s] DEBUG:colcon.colcon_core.event_reactor:joined thread
[2.407s] INFO:colcon.colcon_core.shell:Creating prefix script '/home/robu/work/robu_hoeran19_ws/install/local_setup.ps1'
[2.409s] INFO:colcon.colcon_core.shell:Creating prefix util module '/home/robu/work/robu_hoeran19_ws/install/_local_setup_util_ps1.py'
[2.411s] INFO:colcon.colcon_core.shell:Creating prefix chain script '/home/robu/work/robu_hoeran19_ws/install/setup.ps1'
[2.414s] INFO:colcon.colcon_core.shell:Creating prefix script '/home/robu/work/robu_hoeran19_ws/install/local_setup.sh'
[2.415s] INFO:colcon.colcon_core.shell:Creating prefix util module '/home/robu/work/robu_hoeran19_ws/install/_local_setup_util_sh.py'
[2.421s] INFO:colcon.colcon_core.shell:Creating prefix chain script '/home/robu/work/robu_hoeran19_ws/install/setup.sh'
[2.425s] INFO:colcon.colcon_core.shell:Creating prefix script '/home/robu/work/robu_hoeran19_ws/install/local_setup.bash'
[2.426s] INFO:colcon.colcon_core.shell:Creating prefix chain script '/home/robu/work/robu_hoeran19_ws/install/setup.bash'
[2.429s] INFO:colcon.colcon_core.shell:Creating prefix script '/home/robu/work/robu_hoeran19_ws/install/local_setup.zsh'
[2.430s] INFO:colcon.colcon_core.shell:Creating prefix chain script '/home/robu/work/robu_hoeran19_ws/install/setup.zsh'
