[1.201s] Invoking command in '/home/robu/work/robu_hoeran19_ws/src/robu': PYTHONPATH=/home/robu/work/robu_hoeran19_ws/build/robu/prefix_override:/home/robu/work/robu_hoeran19_ws/install/robu/lib/python3.10/site-packages:${PYTHONPATH} /usr/bin/python3 setup.py egg_info --egg-base ../../build/robu build --build-base /home/robu/work/robu_hoeran19_ws/build/robu/build install --record /home/robu/work/robu_hoeran19_ws/build/robu/install.log --single-version-externally-managed
[1.654s] running egg_info
[1.655s] writing ../../build/robu/robu.egg-info/PKG-INFO
[1.656s] writing dependency_links to ../../build/robu/robu.egg-info/dependency_links.txt
[1.657s] writing entry points to ../../build/robu/robu.egg-info/entry_points.txt
[1.657s] writing requirements to ../../build/robu/robu.egg-info/requires.txt
[1.658s] writing top-level names to ../../build/robu/robu.egg-info/top_level.txt
[1.662s] reading manifest file '../../build/robu/robu.egg-info/SOURCES.txt'
[1.664s] writing manifest file '../../build/robu/robu.egg-info/SOURCES.txt'
[1.665s] running build
[1.665s] running build_py
[1.666s] running install
[1.667s] running install_lib
[1.670s] running install_data
[1.672s] running install_egg_info
[1.675s] removing '/home/robu/work/robu_hoeran19_ws/install/robu/lib/python3.10/site-packages/robu-0.0.0-py3.10.egg-info' (and everything under it)
[1.683s] Copying ../../build/robu/robu.egg-info to /home/robu/work/robu_hoeran19_ws/install/robu/lib/python3.10/site-packages/robu-0.0.0-py3.10.egg-info
[1.685s] running install_scripts
[1.730s] Installing ex10_wallfollower script to /home/robu/work/robu_hoeran19_ws/install/robu/lib/robu
[1.732s] Installing mypublisher script to /home/robu/work/robu_hoeran19_ws/install/robu/lib/robu
[1.733s] Installing mysubscriber script to /home/robu/work/robu_hoeran19_ws/install/robu/lib/robu
[1.735s] writing list of installed files to '/home/robu/work/robu_hoeran19_ws/build/robu/install.log'
[1.786s] Invoked command in '/home/robu/work/robu_hoeran19_ws/src/robu' returned '0': PYTHONPATH=/home/robu/work/robu_hoeran19_ws/build/robu/prefix_override:/home/robu/work/robu_hoeran19_ws/install/robu/lib/python3.10/site-packages:${PYTHONPATH} /usr/bin/python3 setup.py egg_info --egg-base ../../build/robu build --build-base /home/robu/work/robu_hoeran19_ws/build/robu/build install --record /home/robu/work/robu_hoeran19_ws/build/robu/install.log --single-version-externally-managed
