[1.407s] Invoking command in '/home/robu/work/robu_hoeran19_ws/src/robu': PYTHONPATH=/home/robu/work/robu_hoeran19_ws/build/robu/prefix_override:/home/robu/work/robu_hoeran19_ws/install/robu/lib/python3.10/site-packages:${PYTHONPATH} /usr/bin/python3 setup.py egg_info --egg-base ../../build/robu build --build-base /home/robu/work/robu_hoeran19_ws/build/robu/build install --record /home/robu/work/robu_hoeran19_ws/build/robu/install.log --single-version-externally-managed
[1.918s] running egg_info
[1.919s] writing ../../build/robu/robu.egg-info/PKG-INFO
[1.920s] writing dependency_links to ../../build/robu/robu.egg-info/dependency_links.txt
[1.921s] writing entry points to ../../build/robu/robu.egg-info/entry_points.txt
[1.922s] writing requirements to ../../build/robu/robu.egg-info/requires.txt
[1.922s] writing top-level names to ../../build/robu/robu.egg-info/top_level.txt
[1.926s] reading manifest file '../../build/robu/robu.egg-info/SOURCES.txt'
[1.928s] writing manifest file '../../build/robu/robu.egg-info/SOURCES.txt'
[1.929s] running build
[1.929s] running build_py
[1.930s] running install
[1.931s] running install_lib
[1.934s] running install_data
[1.936s] running install_egg_info
[1.939s] removing '/home/robu/work/robu_hoeran19_ws/install/robu/lib/python3.10/site-packages/robu-0.0.0-py3.10.egg-info' (and everything under it)
[1.941s] Copying ../../build/robu/robu.egg-info to /home/robu/work/robu_hoeran19_ws/install/robu/lib/python3.10/site-packages/robu-0.0.0-py3.10.egg-info
[1.943s] running install_scripts
[1.986s] Installing ex10_wallfollower script to /home/robu/work/robu_hoeran19_ws/install/robu/lib/robu
[1.987s] Installing mypublisher script to /home/robu/work/robu_hoeran19_ws/install/robu/lib/robu
[1.988s] Installing mysubscriber script to /home/robu/work/robu_hoeran19_ws/install/robu/lib/robu
[1.989s] writing list of installed files to '/home/robu/work/robu_hoeran19_ws/build/robu/install.log'
[2.044s] Invoked command in '/home/robu/work/robu_hoeran19_ws/src/robu' returned '0': PYTHONPATH=/home/robu/work/robu_hoeran19_ws/build/robu/prefix_override:/home/robu/work/robu_hoeran19_ws/install/robu/lib/python3.10/site-packages:${PYTHONPATH} /usr/bin/python3 setup.py egg_info --egg-base ../../build/robu build --build-base /home/robu/work/robu_hoeran19_ws/build/robu/build install --record /home/robu/work/robu_hoeran19_ws/build/robu/install.log --single-version-externally-managed
