[2.653s] Invoking command in '/home/robu/work/robu_hoeran19_ws/src/robu': PYTHONPATH=/home/robu/work/robu_hoeran19_ws/build/robu/prefix_override:/home/robu/work/robu_hoeran19_ws/install/robu/lib/python3.10/site-packages:${PYTHONPATH} /usr/bin/python3 setup.py egg_info --egg-base ../../build/robu build --build-base /home/robu/work/robu_hoeran19_ws/build/robu/build install --record /home/robu/work/robu_hoeran19_ws/build/robu/install.log --single-version-externally-managed
[3.798s] running egg_info
[3.800s] writing ../../build/robu/robu.egg-info/PKG-INFO
[3.801s] writing dependency_links to ../../build/robu/robu.egg-info/dependency_links.txt
[3.803s] writing entry points to ../../build/robu/robu.egg-info/entry_points.txt
[3.804s] writing requirements to ../../build/robu/robu.egg-info/requires.txt
[3.808s] writing top-level names to ../../build/robu/robu.egg-info/top_level.txt
[3.813s] reading manifest file '../../build/robu/robu.egg-info/SOURCES.txt'
[3.818s] writing manifest file '../../build/robu/robu.egg-info/SOURCES.txt'
[3.818s] running build
[3.819s] running build_py
[3.820s] copying robu/test_parameter.py -> /home/robu/work/robu_hoeran19_ws/build/robu/build/lib/robu
[3.821s] running install
[3.821s] running install_lib
[3.828s] copying /home/robu/work/robu_hoeran19_ws/build/robu/build/lib/robu/test_parameter.py -> /home/robu/work/robu_hoeran19_ws/install/robu/lib/python3.10/site-packages/robu
[3.831s] byte-compiling /home/robu/work/robu_hoeran19_ws/install/robu/lib/python3.10/site-packages/robu/test_parameter.py to test_parameter.cpython-310.pyc
[3.838s] running install_data
[3.840s] running install_egg_info
[3.852s] removing '/home/robu/work/robu_hoeran19_ws/install/robu/lib/python3.10/site-packages/robu-0.0.0-py3.10.egg-info' (and everything under it)
[3.860s] Copying ../../build/robu/robu.egg-info to /home/robu/work/robu_hoeran19_ws/install/robu/lib/python3.10/site-packages/robu-0.0.0-py3.10.egg-info
[3.966s] running install_scripts
[4.036s] Installing myparameter script to /home/robu/work/robu_hoeran19_ws/install/robu/lib/robu
[4.038s] Installing mypublisher script to /home/robu/work/robu_hoeran19_ws/install/robu/lib/robu
[4.038s] Installing mysubscriber script to /home/robu/work/robu_hoeran19_ws/install/robu/lib/robu
[4.040s] Installing testparameter script to /home/robu/work/robu_hoeran19_ws/install/robu/lib/robu
[4.040s] Installing testparameter_get script to /home/robu/work/robu_hoeran19_ws/install/robu/lib/robu
[4.040s] Installing wallfollower script to /home/robu/work/robu_hoeran19_ws/install/robu/lib/robu
[4.042s] writing list of installed files to '/home/robu/work/robu_hoeran19_ws/build/robu/install.log'
[4.114s] Invoked command in '/home/robu/work/robu_hoeran19_ws/src/robu' returned '0': PYTHONPATH=/home/robu/work/robu_hoeran19_ws/build/robu/prefix_override:/home/robu/work/robu_hoeran19_ws/install/robu/lib/python3.10/site-packages:${PYTHONPATH} /usr/bin/python3 setup.py egg_info --egg-base ../../build/robu build --build-base /home/robu/work/robu_hoeran19_ws/build/robu/build install --record /home/robu/work/robu_hoeran19_ws/build/robu/install.log --single-version-externally-managed
