[2.237s] Invoking command in '/home/robu/work/robu_hoeran19_ws/src/robu': PYTHONPATH=/home/robu/work/robu_hoeran19_ws/build/robu/prefix_override:/home/robu/work/robu_hoeran19_ws/install/robu/lib/python3.10/site-packages:${PYTHONPATH} /usr/bin/python3 setup.py egg_info --egg-base ../../build/robu build --build-base /home/robu/work/robu_hoeran19_ws/build/robu/build install --record /home/robu/work/robu_hoeran19_ws/build/robu/install.log --single-version-externally-managed
[3.066s] running egg_info
[3.070s] writing ../../build/robu/robu.egg-info/PKG-INFO
[3.073s] writing dependency_links to ../../build/robu/robu.egg-info/dependency_links.txt
[3.074s] writing entry points to ../../build/robu/robu.egg-info/entry_points.txt
[3.076s] writing requirements to ../../build/robu/robu.egg-info/requires.txt
[3.079s] writing top-level names to ../../build/robu/robu.egg-info/top_level.txt
[3.088s] reading manifest file '../../build/robu/robu.egg-info/SOURCES.txt'
[3.094s] writing manifest file '../../build/robu/robu.egg-info/SOURCES.txt'
[3.097s] running build
[3.098s] running build_py
[3.101s] copying robu/ex12_fibonacci_server.py -> /home/robu/work/robu_hoeran19_ws/build/robu/build/lib/robu
[3.109s] running install
[3.111s] running install_lib
[3.116s] copying /home/robu/work/robu_hoeran19_ws/build/robu/build/lib/robu/ex12_fibonacci_server.py -> /home/robu/work/robu_hoeran19_ws/install/robu/lib/python3.10/site-packages/robu
[3.122s] byte-compiling /home/robu/work/robu_hoeran19_ws/install/robu/lib/python3.10/site-packages/robu/ex12_fibonacci_server.py to ex12_fibonacci_server.cpython-310.pyc
[3.128s] running install_data
[3.132s] running install_egg_info
[3.139s] removing '/home/robu/work/robu_hoeran19_ws/install/robu/lib/python3.10/site-packages/robu-0.0.0-py3.10.egg-info' (and everything under it)
[3.156s] Copying ../../build/robu/robu.egg-info to /home/robu/work/robu_hoeran19_ws/install/robu/lib/python3.10/site-packages/robu-0.0.0-py3.10.egg-info
[3.163s] running install_scripts
[3.226s] Installing myparameter script to /home/robu/work/robu_hoeran19_ws/install/robu/lib/robu
[3.228s] Installing mypublisher script to /home/robu/work/robu_hoeran19_ws/install/robu/lib/robu
[3.231s] Installing mysubscriber script to /home/robu/work/robu_hoeran19_ws/install/robu/lib/robu
[3.233s] Installing testparameter script to /home/robu/work/robu_hoeran19_ws/install/robu/lib/robu
[3.238s] Installing testparameter_get = robu.test_parameter_get:mainfibonacci_server script to /home/robu/work/robu_hoeran19_ws/install/robu/lib/robu
[3.242s] Installing wallfollower script to /home/robu/work/robu_hoeran19_ws/install/robu/lib/robu
[3.245s] writing list of installed files to '/home/robu/work/robu_hoeran19_ws/build/robu/install.log'
[3.322s] Invoked command in '/home/robu/work/robu_hoeran19_ws/src/robu' returned '0': PYTHONPATH=/home/robu/work/robu_hoeran19_ws/build/robu/prefix_override:/home/robu/work/robu_hoeran19_ws/install/robu/lib/python3.10/site-packages:${PYTHONPATH} /usr/bin/python3 setup.py egg_info --egg-base ../../build/robu build --build-base /home/robu/work/robu_hoeran19_ws/build/robu/build install --record /home/robu/work/robu_hoeran19_ws/build/robu/install.log --single-version-externally-managed
