[0.930s] Invoking command in '/home/robu/work/robu_hoeran19_ws/src/robu': PYTHONPATH=/home/robu/work/robu_hoeran19_ws/build/robu/prefix_override:/home/robu/work/robu_hoeran19_ws/install/robu/lib/python3.10/site-packages:${PYTHONPATH} /usr/bin/python3 setup.py egg_info --egg-base ../../build/robu build --build-base /home/robu/work/robu_hoeran19_ws/build/robu/build install --record /home/robu/work/robu_hoeran19_ws/build/robu/install.log --single-version-externally-managed
[1.335s] running egg_info
[1.336s] writing ../../build/robu/robu.egg-info/PKG-INFO
[1.337s] writing dependency_links to ../../build/robu/robu.egg-info/dependency_links.txt
[1.339s] writing entry points to ../../build/robu/robu.egg-info/entry_points.txt
[1.339s] writing requirements to ../../build/robu/robu.egg-info/requires.txt
[1.339s] writing top-level names to ../../build/robu/robu.egg-info/top_level.txt
[1.344s] reading manifest file '../../build/robu/robu.egg-info/SOURCES.txt'
[1.345s] writing manifest file '../../build/robu/robu.egg-info/SOURCES.txt'
[1.346s] running build
[1.346s] running build_py
[1.347s] copying robu/ex13_fibonacci_client.py -> /home/robu/work/robu_hoeran19_ws/build/robu/build/lib/robu
[1.348s] running install
[1.348s] running install_lib
[1.349s] copying /home/robu/work/robu_hoeran19_ws/build/robu/build/lib/robu/ex13_fibonacci_client.py -> /home/robu/work/robu_hoeran19_ws/install/robu/lib/python3.10/site-packages/robu
[1.351s] byte-compiling /home/robu/work/robu_hoeran19_ws/install/robu/lib/python3.10/site-packages/robu/ex13_fibonacci_client.py to ex13_fibonacci_client.cpython-310.pyc
[1.353s] running install_data
[1.354s] running install_egg_info
[1.356s] removing '/home/robu/work/robu_hoeran19_ws/install/robu/lib/python3.10/site-packages/robu-0.0.0-py3.10.egg-info' (and everything under it)
[1.365s] Copying ../../build/robu/robu.egg-info to /home/robu/work/robu_hoeran19_ws/install/robu/lib/python3.10/site-packages/robu-0.0.0-py3.10.egg-info
[1.371s] running install_scripts
[1.394s] Installing fibonacci_client script to /home/robu/work/robu_hoeran19_ws/install/robu/lib/robu
[1.395s] Installing fibonacci_server script to /home/robu/work/robu_hoeran19_ws/install/robu/lib/robu
[1.396s] Installing myparameter script to /home/robu/work/robu_hoeran19_ws/install/robu/lib/robu
[1.396s] Installing mypublisher script to /home/robu/work/robu_hoeran19_ws/install/robu/lib/robu
[1.397s] Installing mysubscriber script to /home/robu/work/robu_hoeran19_ws/install/robu/lib/robu
[1.398s] Installing testparameter script to /home/robu/work/robu_hoeran19_ws/install/robu/lib/robu
[1.399s] Installing testparameter_get script to /home/robu/work/robu_hoeran19_ws/install/robu/lib/robu
[1.400s] Installing wallfollower script to /home/robu/work/robu_hoeran19_ws/install/robu/lib/robu
[1.401s] writing list of installed files to '/home/robu/work/robu_hoeran19_ws/build/robu/install.log'
[1.436s] Invoked command in '/home/robu/work/robu_hoeran19_ws/src/robu' returned '0': PYTHONPATH=/home/robu/work/robu_hoeran19_ws/build/robu/prefix_override:/home/robu/work/robu_hoeran19_ws/install/robu/lib/python3.10/site-packages:${PYTHONPATH} /usr/bin/python3 setup.py egg_info --egg-base ../../build/robu build --build-base /home/robu/work/robu_hoeran19_ws/build/robu/build install --record /home/robu/work/robu_hoeran19_ws/build/robu/install.log --single-version-externally-managed
