[0.980s] Invoking command in '/home/robu/work/robu_hoeran19_ws/src/robu': PYTHONPATH=/home/robu/work/robu_hoeran19_ws/build/robu/prefix_override:/home/robu/work/robu_hoeran19_ws/install/robu/lib/python3.10/site-packages:${PYTHONPATH} /usr/bin/python3 setup.py egg_info --egg-base ../../build/robu build --build-base /home/robu/work/robu_hoeran19_ws/build/robu/build install --record /home/robu/work/robu_hoeran19_ws/build/robu/install.log --single-version-externally-managed
[1.320s] running egg_info
[1.321s] writing ../../build/robu/robu.egg-info/PKG-INFO
[1.322s] writing dependency_links to ../../build/robu/robu.egg-info/dependency_links.txt
[1.322s] writing entry points to ../../build/robu/robu.egg-info/entry_points.txt
[1.323s] writing requirements to ../../build/robu/robu.egg-info/requires.txt
[1.323s] writing top-level names to ../../build/robu/robu.egg-info/top_level.txt
[1.326s] reading manifest file '../../build/robu/robu.egg-info/SOURCES.txt'
[1.330s] writing manifest file '../../build/robu/robu.egg-info/SOURCES.txt'
[1.330s] running build
[1.330s] running build_py
[1.330s] copying robu/ex12_fibonacci_client.py -> /home/robu/work/robu_hoeran19_ws/build/robu/build/lib/robu
[1.330s] running install
[1.332s] running install_lib
[1.333s] copying /home/robu/work/robu_hoeran19_ws/build/robu/build/lib/robu/ex12_fibonacci_client.py -> /home/robu/work/robu_hoeran19_ws/install/robu/lib/python3.10/site-packages/robu
[1.336s] byte-compiling /home/robu/work/robu_hoeran19_ws/install/robu/lib/python3.10/site-packages/robu/ex12_fibonacci_client.py to ex12_fibonacci_client.cpython-310.pyc
[1.338s] running install_data
[1.339s] running install_egg_info
[1.342s] removing '/home/robu/work/robu_hoeran19_ws/install/robu/lib/python3.10/site-packages/robu-0.0.0-py3.10.egg-info' (and everything under it)
[1.350s] Copying ../../build/robu/robu.egg-info to /home/robu/work/robu_hoeran19_ws/install/robu/lib/python3.10/site-packages/robu-0.0.0-py3.10.egg-info
[1.351s] running install_scripts
[1.384s] Installing fibonacci_client script to /home/robu/work/robu_hoeran19_ws/install/robu/lib/robu
[1.385s] Installing fibonacci_server script to /home/robu/work/robu_hoeran19_ws/install/robu/lib/robu
[1.386s] Installing myparameter script to /home/robu/work/robu_hoeran19_ws/install/robu/lib/robu
[1.386s] Installing mypublisher script to /home/robu/work/robu_hoeran19_ws/install/robu/lib/robu
[1.387s] Installing mysubscriber script to /home/robu/work/robu_hoeran19_ws/install/robu/lib/robu
[1.387s] Installing testparameter script to /home/robu/work/robu_hoeran19_ws/install/robu/lib/robu
[1.388s] Installing testparameter_get script to /home/robu/work/robu_hoeran19_ws/install/robu/lib/robu
[1.388s] Installing wallfollower script to /home/robu/work/robu_hoeran19_ws/install/robu/lib/robu
[1.390s] writing list of installed files to '/home/robu/work/robu_hoeran19_ws/build/robu/install.log'
[1.416s] Invoked command in '/home/robu/work/robu_hoeran19_ws/src/robu' returned '0': PYTHONPATH=/home/robu/work/robu_hoeran19_ws/build/robu/prefix_override:/home/robu/work/robu_hoeran19_ws/install/robu/lib/python3.10/site-packages:${PYTHONPATH} /usr/bin/python3 setup.py egg_info --egg-base ../../build/robu build --build-base /home/robu/work/robu_hoeran19_ws/build/robu/build install --record /home/robu/work/robu_hoeran19_ws/build/robu/install.log --single-version-externally-managed
