[2.988s] DEBUG:colcon:Command line arguments: ['/usr/bin/colcon', 'build']
[2.988s] DEBUG:colcon:Parsed command line arguments: Namespace(log_base=None, log_level=None, verb_name='build', build_base='build', install_base='install', merge_install=False, symlink_install=False, test_result_base=None, continue_on_error=False, executor='parallel', parallel_workers=8, event_handlers=None, ignore_user_meta=False, metas=['./colcon.meta'], base_paths=['.'], packages_ignore=None, packages_ignore_regex=None, paths=None, packages_up_to=None, packages_up_to_regex=None, packages_above=None, packages_above_and_dependencies=None, packages_above_depth=None, packages_select_by_dep=None, packages_skip_by_dep=None, packages_skip_up_to=None, packages_select_build_failed=False, packages_skip_build_finished=False, packages_select_test_failures=False, packages_skip_test_passed=False, packages_select=None, packages_skip=None, packages_select_regex=None, packages_skip_regex=None, packages_start=None, packages_end=None, allow_overriding=[], cmake_args=None, cmake_target=None, cmake_target_skip_unavailable=False, cmake_clean_cache=False, cmake_clean_first=False, cmake_force_configure=False, ament_cmake_args=None, catkin_cmake_args=None, catkin_skip_building_tests=False, verb_parser=<colcon_defaults.argument_parser.defaults.DefaultArgumentsDecorator object at 0x7990533de050>, verb_extension=<colcon_core.verb.build.BuildVerb object at 0x7990533dc4c0>, main=<bound method BuildVerb.main of <colcon_core.verb.build.BuildVerb object at 0x7990533dc4c0>>)
[3.115s] Level 1:colcon.colcon_core.package_discovery:discover_packages(colcon_meta) check parameters
[3.115s] Level 1:colcon.colcon_core.package_discovery:discover_packages(recursive) check parameters
[3.115s] Level 1:colcon.colcon_core.package_discovery:discover_packages(ignore) check parameters
[3.116s] Level 1:colcon.colcon_core.package_discovery:discover_packages(path) check parameters
[3.116s] Level 1:colcon.colcon_core.package_discovery:discover_packages(colcon_meta) discover
[3.116s] Level 1:colcon.colcon_core.package_discovery:discover_packages(recursive) discover
[3.116s] INFO:colcon.colcon_core.package_discovery:Crawling recursively for packages in '/home/robu/work/robu_hoeran19_ws'
[3.116s] Level 1:colcon.colcon_core.package_identification:_identify(.) by extensions ['ignore', 'ignore_ament_install']
[3.116s] Level 1:colcon.colcon_core.package_identification:_identify(.) by extension 'ignore'
[3.116s] Level 1:colcon.colcon_core.package_identification:_identify(.) by extension 'ignore_ament_install'
[3.116s] Level 1:colcon.colcon_core.package_identification:_identify(.) by extensions ['colcon_pkg']
[3.117s] Level 1:colcon.colcon_core.package_identification:_identify(.) by extension 'colcon_pkg'
[3.117s] Level 1:colcon.colcon_core.package_identification:_identify(.) by extensions ['colcon_meta']
[3.117s] Level 1:colcon.colcon_core.package_identification:_identify(.) by extension 'colcon_meta'
[3.117s] Level 1:colcon.colcon_core.package_identification:_identify(.) by extensions ['ros']
[3.117s] Level 1:colcon.colcon_core.package_identification:_identify(.) by extension 'ros'
[3.141s] Level 1:colcon.colcon_core.package_identification:_identify(.) by extensions ['cmake', 'python']
[3.141s] Level 1:colcon.colcon_core.package_identification:_identify(.) by extension 'cmake'
[3.141s] Level 1:colcon.colcon_core.package_identification:_identify(.) by extension 'python'
[3.141s] Level 1:colcon.colcon_core.package_identification:_identify(.) by extensions ['python_setup_py']
[3.141s] Level 1:colcon.colcon_core.package_identification:_identify(.) by extension 'python_setup_py'
[3.142s] Level 1:colcon.colcon_core.package_identification:_identify(build) by extensions ['ignore', 'ignore_ament_install']
[3.142s] Level 1:colcon.colcon_core.package_identification:_identify(build) by extension 'ignore'
[3.142s] Level 1:colcon.colcon_core.package_identification:_identify(build) ignored
[3.142s] Level 1:colcon.colcon_core.package_identification:_identify(install) by extensions ['ignore', 'ignore_ament_install']
[3.142s] Level 1:colcon.colcon_core.package_identification:_identify(install) by extension 'ignore'
[3.142s] Level 1:colcon.colcon_core.package_identification:_identify(install) ignored
[3.142s] Level 1:colcon.colcon_core.package_identification:_identify(log) by extensions ['ignore', 'ignore_ament_install']
[3.143s] Level 1:colcon.colcon_core.package_identification:_identify(log) by extension 'ignore'
[3.143s] Level 1:colcon.colcon_core.package_identification:_identify(log) ignored
[3.143s] Level 1:colcon.colcon_core.package_identification:_identify(src) by extensions ['ignore', 'ignore_ament_install']
[3.143s] Level 1:colcon.colcon_core.package_identification:_identify(src) by extension 'ignore'
[3.143s] Level 1:colcon.colcon_core.package_identification:_identify(src) by extension 'ignore_ament_install'
[3.143s] Level 1:colcon.colcon_core.package_identification:_identify(src) by extensions ['colcon_pkg']
[3.143s] Level 1:colcon.colcon_core.package_identification:_identify(src) by extension 'colcon_pkg'
[3.143s] Level 1:colcon.colcon_core.package_identification:_identify(src) by extensions ['colcon_meta']
[3.143s] Level 1:colcon.colcon_core.package_identification:_identify(src) by extension 'colcon_meta'
[3.143s] Level 1:colcon.colcon_core.package_identification:_identify(src) by extensions ['ros']
[3.143s] Level 1:colcon.colcon_core.package_identification:_identify(src) by extension 'ros'
[3.143s] Level 1:colcon.colcon_core.package_identification:_identify(src) by extensions ['cmake', 'python']
[3.143s] Level 1:colcon.colcon_core.package_identification:_identify(src) by extension 'cmake'
[3.144s] Level 1:colcon.colcon_core.package_identification:_identify(src) by extension 'python'
[3.144s] Level 1:colcon.colcon_core.package_identification:_identify(src) by extensions ['python_setup_py']
[3.144s] Level 1:colcon.colcon_core.package_identification:_identify(src) by extension 'python_setup_py'
[3.144s] Level 1:colcon.colcon_core.package_identification:_identify(src/robu) by extensions ['ignore', 'ignore_ament_install']
[3.144s] Level 1:colcon.colcon_core.package_identification:_identify(src/robu) by extension 'ignore'
[3.145s] Level 1:colcon.colcon_core.package_identification:_identify(src/robu) by extension 'ignore_ament_install'
[3.145s] Level 1:colcon.colcon_core.package_identification:_identify(src/robu) by extensions ['colcon_pkg']
[3.145s] Level 1:colcon.colcon_core.package_identification:_identify(src/robu) by extension 'colcon_pkg'
[3.145s] Level 1:colcon.colcon_core.package_identification:_identify(src/robu) by extensions ['colcon_meta']
[3.145s] Level 1:colcon.colcon_core.package_identification:_identify(src/robu) by extension 'colcon_meta'
[3.145s] Level 1:colcon.colcon_core.package_identification:_identify(src/robu) by extensions ['ros']
[3.145s] Level 1:colcon.colcon_core.package_identification:_identify(src/robu) by extension 'ros'
[3.150s] DEBUG:colcon.colcon_core.package_identification:Package 'src/robu' with type 'ros.ament_python' and name 'robu'
[3.150s] Level 1:colcon.colcon_core.package_identification:_identify(src/robu_interfaces) by extensions ['ignore', 'ignore_ament_install']
[3.150s] Level 1:colcon.colcon_core.package_identification:_identify(src/robu_interfaces) by extension 'ignore'
[3.150s] Level 1:colcon.colcon_core.package_identification:_identify(src/robu_interfaces) by extension 'ignore_ament_install'
[3.150s] Level 1:colcon.colcon_core.package_identification:_identify(src/robu_interfaces) by extensions ['colcon_pkg']
[3.150s] Level 1:colcon.colcon_core.package_identification:_identify(src/robu_interfaces) by extension 'colcon_pkg'
[3.151s] Level 1:colcon.colcon_core.package_identification:_identify(src/robu_interfaces) by extensions ['colcon_meta']
[3.151s] Level 1:colcon.colcon_core.package_identification:_identify(src/robu_interfaces) by extension 'colcon_meta'
[3.151s] Level 1:colcon.colcon_core.package_identification:_identify(src/robu_interfaces) by extensions ['ros']
[3.151s] Level 1:colcon.colcon_core.package_identification:_identify(src/robu_interfaces) by extension 'ros'
[3.152s] DEBUG:colcon.colcon_core.package_identification:Package 'src/robu_interfaces' with type 'ros.ament_cmake' and name 'robu_interfaces'
[3.153s] Level 1:colcon.colcon_core.package_discovery:discover_packages(recursive) using defaults
[3.153s] Level 1:colcon.colcon_core.package_discovery:discover_packages(ignore) discover
[3.153s] Level 1:colcon.colcon_core.package_discovery:discover_packages(ignore) using defaults
[3.153s] Level 1:colcon.colcon_core.package_discovery:discover_packages(path) discover
[3.153s] Level 1:colcon.colcon_core.package_discovery:discover_packages(path) using defaults
[3.396s] Level 1:colcon.colcon_core.package_discovery:discover_packages(prefix_path) check parameters
[3.396s] Level 1:colcon.colcon_core.package_discovery:discover_packages(prefix_path) discover
[3.476s] DEBUG:colcon.colcon_installed_package_information.package_discovery:Found 419 installed packages in /opt/ros/humble
[3.497s] Level 1:colcon.colcon_core.package_discovery:discover_packages(prefix_path) using defaults
[3.782s] Level 5:colcon.colcon_core.verb:set package 'robu' build argument 'cmake_args' from command line to 'None'
[3.782s] Level 5:colcon.colcon_core.verb:set package 'robu' build argument 'cmake_target' from command line to 'None'
[3.783s] Level 5:colcon.colcon_core.verb:set package 'robu' build argument 'cmake_target_skip_unavailable' from command line to 'False'
[3.783s] Level 5:colcon.colcon_core.verb:set package 'robu' build argument 'cmake_clean_cache' from command line to 'False'
[3.783s] Level 5:colcon.colcon_core.verb:set package 'robu' build argument 'cmake_clean_first' from command line to 'False'
[3.783s] Level 5:colcon.colcon_core.verb:set package 'robu' build argument 'cmake_force_configure' from command line to 'False'
[3.783s] Level 5:colcon.colcon_core.verb:set package 'robu' build argument 'ament_cmake_args' from command line to 'None'
[3.783s] Level 5:colcon.colcon_core.verb:set package 'robu' build argument 'catkin_cmake_args' from command line to 'None'
[3.783s] Level 5:colcon.colcon_core.verb:set package 'robu' build argument 'catkin_skip_building_tests' from command line to 'False'
[3.783s] DEBUG:colcon.colcon_core.verb:Building package 'robu' with the following arguments: {'ament_cmake_args': None, 'build_base': '/home/robu/work/robu_hoeran19_ws/build/robu', 'catkin_cmake_args': None, 'catkin_skip_building_tests': False, 'cmake_args': None, 'cmake_clean_cache': False, 'cmake_clean_first': False, 'cmake_force_configure': False, 'cmake_target': None, 'cmake_target_skip_unavailable': False, 'install_base': '/home/robu/work/robu_hoeran19_ws/install/robu', 'merge_install': False, 'path': '/home/robu/work/robu_hoeran19_ws/src/robu', 'symlink_install': False, 'test_result_base': None}
[3.815s] Level 5:colcon.colcon_core.verb:set package 'robu_interfaces' build argument 'cmake_args' from command line to 'None'
[3.815s] Level 5:colcon.colcon_core.verb:set package 'robu_interfaces' build argument 'cmake_target' from command line to 'None'
[3.815s] Level 5:colcon.colcon_core.verb:set package 'robu_interfaces' build argument 'cmake_target_skip_unavailable' from command line to 'False'
[3.815s] Level 5:colcon.colcon_core.verb:set package 'robu_interfaces' build argument 'cmake_clean_cache' from command line to 'False'
[3.815s] Level 5:colcon.colcon_core.verb:set package 'robu_interfaces' build argument 'cmake_clean_first' from command line to 'False'
[3.815s] Level 5:colcon.colcon_core.verb:set package 'robu_interfaces' build argument 'cmake_force_configure' from command line to 'False'
[3.815s] Level 5:colcon.colcon_core.verb:set package 'robu_interfaces' build argument 'ament_cmake_args' from command line to 'None'
[3.815s] Level 5:colcon.colcon_core.verb:set package 'robu_interfaces' build argument 'catkin_cmake_args' from command line to 'None'
[3.815s] Level 5:colcon.colcon_core.verb:set package 'robu_interfaces' build argument 'catkin_skip_building_tests' from command line to 'False'
[3.816s] DEBUG:colcon.colcon_core.verb:Building package 'robu_interfaces' with the following arguments: {'ament_cmake_args': None, 'build_base': '/home/robu/work/robu_hoeran19_ws/build/robu_interfaces', 'catkin_cmake_args': None, 'catkin_skip_building_tests': False, 'cmake_args': None, 'cmake_clean_cache': False, 'cmake_clean_first': False, 'cmake_force_configure': False, 'cmake_target': None, 'cmake_target_skip_unavailable': False, 'install_base': '/home/robu/work/robu_hoeran19_ws/install/robu_interfaces', 'merge_install': False, 'path': '/home/robu/work/robu_hoeran19_ws/src/robu_interfaces', 'symlink_install': False, 'test_result_base': None}
[3.849s] INFO:colcon.colcon_core.executor:Executing jobs using 'parallel' executor
[3.890s] DEBUG:colcon.colcon_parallel_executor.executor.parallel:run_until_complete
[3.891s] INFO:colcon.colcon_ros.task.ament_python.build:Building ROS package in '/home/robu/work/robu_hoeran19_ws/src/robu' with build type 'ament_python'
[3.892s] Level 1:colcon.colcon_core.shell:create_environment_hook('robu', 'ament_prefix_path')
[4.008s] INFO:colcon.colcon_core.plugin_system:Skipping extension 'colcon_core.shell.bat': Not used on non-Windows systems
[4.009s] INFO:colcon.colcon_core.shell:Creating environment hook '/home/robu/work/robu_hoeran19_ws/install/robu/share/robu/hook/ament_prefix_path.ps1'
[4.040s] INFO:colcon.colcon_core.shell:Creating environment descriptor '/home/robu/work/robu_hoeran19_ws/install/robu/share/robu/hook/ament_prefix_path.dsv'
[4.045s] INFO:colcon.colcon_core.shell:Creating environment hook '/home/robu/work/robu_hoeran19_ws/install/robu/share/robu/hook/ament_prefix_path.sh'
[4.104s] INFO:colcon.colcon_core.shell:Skip shell extension 'powershell' for command environment: Not usable outside of PowerShell
[4.104s] DEBUG:colcon.colcon_core.shell:Skip shell extension 'dsv' for command environment
[4.213s] INFO:colcon.colcon_ros.task.ament_cmake.build:Building ROS package in '/home/robu/work/robu_hoeran19_ws/src/robu_interfaces' with build type 'ament_cmake'
[4.213s] INFO:colcon.colcon_cmake.task.cmake.build:Building CMake package in '/home/robu/work/robu_hoeran19_ws/src/robu_interfaces'
[4.267s] INFO:colcon.colcon_core.shell:Skip shell extension 'powershell' for command environment: Not usable outside of PowerShell
[4.267s] DEBUG:colcon.colcon_core.shell:Skip shell extension 'dsv' for command environment
[5.027s] INFO:colcon.colcon_core.task.python.build:Building Python package in '/home/robu/work/robu_hoeran19_ws/src/robu'
[5.071s] INFO:colcon.colcon_core.shell:Skip shell extension 'powershell' for command environment: Not usable outside of PowerShell
[5.071s] DEBUG:colcon.colcon_core.shell:Skip shell extension 'dsv' for command environment
[5.201s] DEBUG:colcon.colcon_core.event_handler.log_command:Invoking command in '/home/robu/work/robu_hoeran19_ws/build/robu_interfaces': CMAKE_PREFIX_PATH=/opt/ros/humble /usr/bin/cmake /home/robu/work/robu_hoeran19_ws/src/robu_interfaces -DCMAKE_INSTALL_PREFIX=/home/robu/work/robu_hoeran19_ws/install/robu_interfaces
[8.770s] DEBUG:colcon.colcon_core.event_handler.log_command:Invoking command in '/home/robu/work/robu_hoeran19_ws/src/robu': PYTHONPATH=/home/robu/work/robu_hoeran19_ws/build/robu/prefix_override:/home/robu/work/robu_hoeran19_ws/install/robu/lib/python3.10/site-packages:${PYTHONPATH} /usr/bin/python3 setup.py egg_info --egg-base ../../build/robu build --build-base /home/robu/work/robu_hoeran19_ws/build/robu/build install --record /home/robu/work/robu_hoeran19_ws/build/robu/install.log --single-version-externally-managed
[9.815s] DEBUG:colcon.colcon_core.event_handler.log_command:Invoked command in '/home/robu/work/robu_hoeran19_ws/src/robu' returned '0': PYTHONPATH=/home/robu/work/robu_hoeran19_ws/build/robu/prefix_override:/home/robu/work/robu_hoeran19_ws/install/robu/lib/python3.10/site-packages:${PYTHONPATH} /usr/bin/python3 setup.py egg_info --egg-base ../../build/robu build --build-base /home/robu/work/robu_hoeran19_ws/build/robu/build install --record /home/robu/work/robu_hoeran19_ws/build/robu/install.log --single-version-externally-managed
[9.978s] Level 1:colcon.colcon_core.environment:checking '/home/robu/work/robu_hoeran19_ws/install/robu' for CMake module files
[9.980s] Level 1:colcon.colcon_core.environment:checking '/home/robu/work/robu_hoeran19_ws/install/robu' for CMake config files
[9.983s] Level 1:colcon.colcon_core.environment:checking '/home/robu/work/robu_hoeran19_ws/install/robu/lib'
[9.984s] Level 1:colcon.colcon_core.environment:checking '/home/robu/work/robu_hoeran19_ws/install/robu/bin'
[9.985s] Level 1:colcon.colcon_core.environment:checking '/home/robu/work/robu_hoeran19_ws/install/robu/lib/pkgconfig/robu.pc'
[9.985s] Level 1:colcon.colcon_core.environment:checking '/home/robu/work/robu_hoeran19_ws/install/robu/lib/python3.10/site-packages'
[9.986s] Level 1:colcon.colcon_core.shell:create_environment_hook('robu', 'pythonpath')
[10.042s] INFO:colcon.colcon_core.shell:Creating environment hook '/home/robu/work/robu_hoeran19_ws/install/robu/share/robu/hook/pythonpath.ps1'
[10.043s] INFO:colcon.colcon_core.shell:Creating environment descriptor '/home/robu/work/robu_hoeran19_ws/install/robu/share/robu/hook/pythonpath.dsv'
[10.045s] INFO:colcon.colcon_core.shell:Creating environment hook '/home/robu/work/robu_hoeran19_ws/install/robu/share/robu/hook/pythonpath.sh'
[10.047s] Level 1:colcon.colcon_core.environment:checking '/home/robu/work/robu_hoeran19_ws/install/robu/bin'
[10.047s] Level 1:colcon.colcon_core.environment:create_environment_scripts_only(robu)
[10.091s] INFO:colcon.colcon_core.shell:Creating package script '/home/robu/work/robu_hoeran19_ws/install/robu/share/robu/package.ps1'
[10.129s] INFO:colcon.colcon_core.shell:Creating package descriptor '/home/robu/work/robu_hoeran19_ws/install/robu/share/robu/package.dsv'
[10.134s] INFO:colcon.colcon_core.shell:Creating package script '/home/robu/work/robu_hoeran19_ws/install/robu/share/robu/package.sh'
[10.143s] INFO:colcon.colcon_core.shell:Creating package script '/home/robu/work/robu_hoeran19_ws/install/robu/share/robu/package.bash'
[10.164s] INFO:colcon.colcon_core.shell:Creating package script '/home/robu/work/robu_hoeran19_ws/install/robu/share/robu/package.zsh'
[10.183s] Level 1:colcon.colcon_core.environment:create_file_with_runtime_dependencies(/home/robu/work/robu_hoeran19_ws/install/robu/share/colcon-core/packages/robu)
[13.234s] DEBUG:colcon.colcon_core.event_handler.log_command:Invoked command in '/home/robu/work/robu_hoeran19_ws/build/robu_interfaces' returned '0': CMAKE_PREFIX_PATH=/opt/ros/humble /usr/bin/cmake /home/robu/work/robu_hoeran19_ws/src/robu_interfaces -DCMAKE_INSTALL_PREFIX=/home/robu/work/robu_hoeran19_ws/install/robu_interfaces
[13.240s] DEBUG:colcon.colcon_core.event_handler.log_command:Invoking command in '/home/robu/work/robu_hoeran19_ws/build/robu_interfaces': CMAKE_PREFIX_PATH=/opt/ros/humble /usr/bin/cmake --build /home/robu/work/robu_hoeran19_ws/build/robu_interfaces -- -j8 -l8
[25.200s] DEBUG:colcon.colcon_core.event_handler.log_command:Invoked command in '/home/robu/work/robu_hoeran19_ws/build/robu_interfaces' returned '0': CMAKE_PREFIX_PATH=/opt/ros/humble /usr/bin/cmake --build /home/robu/work/robu_hoeran19_ws/build/robu_interfaces -- -j8 -l8
[25.625s] DEBUG:colcon.colcon_core.event_handler.log_command:Invoking command in '/home/robu/work/robu_hoeran19_ws/build/robu_interfaces': CMAKE_PREFIX_PATH=/opt/ros/humble /usr/bin/cmake --install /home/robu/work/robu_hoeran19_ws/build/robu_interfaces
[25.909s] Level 1:colcon.colcon_core.environment:create_environment_scripts_only(robu_interfaces)
[25.910s] DEBUG:colcon.colcon_core.event_handler.log_command:Invoked command in '/home/robu/work/robu_hoeran19_ws/build/robu_interfaces' returned '0': CMAKE_PREFIX_PATH=/opt/ros/humble /usr/bin/cmake --install /home/robu/work/robu_hoeran19_ws/build/robu_interfaces
[25.963s] Level 1:colcon.colcon_core.environment:checking '/home/robu/work/robu_hoeran19_ws/install/robu_interfaces' for CMake module files
[25.965s] Level 1:colcon.colcon_core.environment:checking '/home/robu/work/robu_hoeran19_ws/install/robu_interfaces' for CMake config files
[25.968s] Level 1:colcon.colcon_core.shell:create_environment_hook('robu_interfaces', 'cmake_prefix_path')
[26.014s] INFO:colcon.colcon_core.shell:Creating environment hook '/home/robu/work/robu_hoeran19_ws/install/robu_interfaces/share/robu_interfaces/hook/cmake_prefix_path.ps1'
[26.016s] INFO:colcon.colcon_core.shell:Creating environment descriptor '/home/robu/work/robu_hoeran19_ws/install/robu_interfaces/share/robu_interfaces/hook/cmake_prefix_path.dsv'
[26.018s] INFO:colcon.colcon_core.shell:Creating environment hook '/home/robu/work/robu_hoeran19_ws/install/robu_interfaces/share/robu_interfaces/hook/cmake_prefix_path.sh'
[26.020s] Level 1:colcon.colcon_core.environment:checking '/home/robu/work/robu_hoeran19_ws/install/robu_interfaces/lib'
[26.020s] Level 1:colcon.colcon_core.shell:create_environment_hook('robu_interfaces', 'ld_library_path_lib')
[26.063s] INFO:colcon.colcon_core.shell:Creating environment hook '/home/robu/work/robu_hoeran19_ws/install/robu_interfaces/share/robu_interfaces/hook/ld_library_path_lib.ps1'
[26.065s] INFO:colcon.colcon_core.shell:Creating environment descriptor '/home/robu/work/robu_hoeran19_ws/install/robu_interfaces/share/robu_interfaces/hook/ld_library_path_lib.dsv'
[26.066s] INFO:colcon.colcon_core.shell:Creating environment hook '/home/robu/work/robu_hoeran19_ws/install/robu_interfaces/share/robu_interfaces/hook/ld_library_path_lib.sh'
[26.068s] Level 1:colcon.colcon_core.environment:checking '/home/robu/work/robu_hoeran19_ws/install/robu_interfaces/bin'
[26.068s] Level 1:colcon.colcon_core.environment:checking '/home/robu/work/robu_hoeran19_ws/install/robu_interfaces/lib/pkgconfig/robu_interfaces.pc'
[26.068s] Level 1:colcon.colcon_core.environment:checking '/home/robu/work/robu_hoeran19_ws/install/robu_interfaces/lib/python3.10/site-packages'
[26.069s] Level 1:colcon.colcon_core.environment:checking '/home/robu/work/robu_hoeran19_ws/install/robu_interfaces/bin'
[26.106s] INFO:colcon.colcon_core.shell:Creating package script '/home/robu/work/robu_hoeran19_ws/install/robu_interfaces/share/robu_interfaces/package.ps1'
[26.107s] INFO:colcon.colcon_core.shell:Creating package descriptor '/home/robu/work/robu_hoeran19_ws/install/robu_interfaces/share/robu_interfaces/package.dsv'
[26.108s] INFO:colcon.colcon_core.shell:Creating package script '/home/robu/work/robu_hoeran19_ws/install/robu_interfaces/share/robu_interfaces/package.sh'
[26.109s] INFO:colcon.colcon_core.shell:Creating package script '/home/robu/work/robu_hoeran19_ws/install/robu_interfaces/share/robu_interfaces/package.bash'
[26.111s] INFO:colcon.colcon_core.shell:Creating package script '/home/robu/work/robu_hoeran19_ws/install/robu_interfaces/share/robu_interfaces/package.zsh'
[26.113s] Level 1:colcon.colcon_core.environment:create_file_with_runtime_dependencies(/home/robu/work/robu_hoeran19_ws/install/robu_interfaces/share/colcon-core/packages/robu_interfaces)
[26.421s] Level 1:colcon.colcon_core.environment:create_environment_scripts_only(robu_interfaces)
[26.472s] Level 1:colcon.colcon_core.environment:checking '/home/robu/work/robu_hoeran19_ws/install/robu_interfaces' for CMake module files
[26.473s] Level 1:colcon.colcon_core.environment:checking '/home/robu/work/robu_hoeran19_ws/install/robu_interfaces' for CMake config files
[26.475s] Level 1:colcon.colcon_core.shell:create_environment_hook('robu_interfaces', 'cmake_prefix_path')
[26.516s] INFO:colcon.colcon_core.shell:Creating environment hook '/home/robu/work/robu_hoeran19_ws/install/robu_interfaces/share/robu_interfaces/hook/cmake_prefix_path.ps1'
[26.518s] INFO:colcon.colcon_core.shell:Creating environment descriptor '/home/robu/work/robu_hoeran19_ws/install/robu_interfaces/share/robu_interfaces/hook/cmake_prefix_path.dsv'
[26.519s] INFO:colcon.colcon_core.shell:Creating environment hook '/home/robu/work/robu_hoeran19_ws/install/robu_interfaces/share/robu_interfaces/hook/cmake_prefix_path.sh'
[26.520s] Level 1:colcon.colcon_core.environment:checking '/home/robu/work/robu_hoeran19_ws/install/robu_interfaces/lib'
[26.521s] Level 1:colcon.colcon_core.shell:create_environment_hook('robu_interfaces', 'ld_library_path_lib')
[26.566s] INFO:colcon.colcon_core.shell:Creating environment hook '/home/robu/work/robu_hoeran19_ws/install/robu_interfaces/share/robu_interfaces/hook/ld_library_path_lib.ps1'
[26.568s] INFO:colcon.colcon_core.shell:Creating environment descriptor '/home/robu/work/robu_hoeran19_ws/install/robu_interfaces/share/robu_interfaces/hook/ld_library_path_lib.dsv'
[26.569s] INFO:colcon.colcon_core.shell:Creating environment hook '/home/robu/work/robu_hoeran19_ws/install/robu_interfaces/share/robu_interfaces/hook/ld_library_path_lib.sh'
[26.570s] Level 1:colcon.colcon_core.environment:checking '/home/robu/work/robu_hoeran19_ws/install/robu_interfaces/bin'
[26.570s] Level 1:colcon.colcon_core.environment:checking '/home/robu/work/robu_hoeran19_ws/install/robu_interfaces/lib/pkgconfig/robu_interfaces.pc'
[26.570s] Level 1:colcon.colcon_core.environment:checking '/home/robu/work/robu_hoeran19_ws/install/robu_interfaces/lib/python3.10/site-packages'
[26.571s] Level 1:colcon.colcon_core.environment:checking '/home/robu/work/robu_hoeran19_ws/install/robu_interfaces/bin'
[26.615s] INFO:colcon.colcon_core.shell:Creating package script '/home/robu/work/robu_hoeran19_ws/install/robu_interfaces/share/robu_interfaces/package.ps1'
[26.616s] INFO:colcon.colcon_core.shell:Creating package descriptor '/home/robu/work/robu_hoeran19_ws/install/robu_interfaces/share/robu_interfaces/package.dsv'
[26.619s] INFO:colcon.colcon_core.shell:Creating package script '/home/robu/work/robu_hoeran19_ws/install/robu_interfaces/share/robu_interfaces/package.sh'
[26.622s] INFO:colcon.colcon_core.shell:Creating package script '/home/robu/work/robu_hoeran19_ws/install/robu_interfaces/share/robu_interfaces/package.bash'
[26.624s] INFO:colcon.colcon_core.shell:Creating package script '/home/robu/work/robu_hoeran19_ws/install/robu_interfaces/share/robu_interfaces/package.zsh'
[26.627s] Level 1:colcon.colcon_core.environment:create_file_with_runtime_dependencies(/home/robu/work/robu_hoeran19_ws/install/robu_interfaces/share/colcon-core/packages/robu_interfaces)
[26.630s] DEBUG:colcon.colcon_parallel_executor.executor.parallel:closing loop
[26.632s] DEBUG:colcon.colcon_parallel_executor.executor.parallel:loop closed
[26.633s] DEBUG:colcon.colcon_parallel_executor.executor.parallel:run_until_complete finished with '0'
[26.633s] DEBUG:colcon.colcon_core.event_reactor:joining thread
[26.744s] INFO:colcon.colcon_core.plugin_system:Skipping extension 'colcon_notification.desktop_notification.terminal_notifier': Not used on non-Darwin systems
[26.745s] INFO:colcon.colcon_core.plugin_system:Skipping extension 'colcon_notification.desktop_notification.win32': Not used on non-Windows systems
[26.745s] INFO:colcon.colcon_notification.desktop_notification:Sending desktop notification using 'notify2'
[26.778s] DEBUG:colcon.colcon_core.event_reactor:joined thread
[26.812s] INFO:colcon.colcon_core.shell:Creating prefix script '/home/robu/work/robu_hoeran19_ws/install/local_setup.ps1'
[26.831s] INFO:colcon.colcon_core.shell:Creating prefix util module '/home/robu/work/robu_hoeran19_ws/install/_local_setup_util_ps1.py'
[26.850s] INFO:colcon.colcon_core.shell:Creating prefix chain script '/home/robu/work/robu_hoeran19_ws/install/setup.ps1'
[26.896s] INFO:colcon.colcon_core.shell:Creating prefix script '/home/robu/work/robu_hoeran19_ws/install/local_setup.sh'
[26.916s] INFO:colcon.colcon_core.shell:Creating prefix util module '/home/robu/work/robu_hoeran19_ws/install/_local_setup_util_sh.py'
[26.919s] INFO:colcon.colcon_core.shell:Creating prefix chain script '/home/robu/work/robu_hoeran19_ws/install/setup.sh'
[26.969s] INFO:colcon.colcon_core.shell:Creating prefix script '/home/robu/work/robu_hoeran19_ws/install/local_setup.bash'
[26.987s] INFO:colcon.colcon_core.shell:Creating prefix chain script '/home/robu/work/robu_hoeran19_ws/install/setup.bash'
[27.028s] INFO:colcon.colcon_core.shell:Creating prefix script '/home/robu/work/robu_hoeran19_ws/install/local_setup.zsh'
[27.052s] INFO:colcon.colcon_core.shell:Creating prefix chain script '/home/robu/work/robu_hoeran19_ws/install/setup.zsh'
