[2.129s] Invoking command in '/home/robu/work/robu_hoeran19_ws/src/robu': PYTHONPATH=/home/robu/work/robu_hoeran19_ws/build/robu/prefix_override:/home/robu/work/robu_hoeran19_ws/install/robu/lib/python3.10/site-packages:${PYTHONPATH} /usr/bin/python3 setup.py egg_info --egg-base ../../build/robu build --build-base /home/robu/work/robu_hoeran19_ws/build/robu/build install --record /home/robu/work/robu_hoeran19_ws/build/robu/install.log --single-version-externally-managed
[2.957s] running egg_info
[2.960s] writing ../../build/robu/robu.egg-info/PKG-INFO
[2.962s] writing dependency_links to ../../build/robu/robu.egg-info/dependency_links.txt
[2.968s] writing entry points to ../../build/robu/robu.egg-info/entry_points.txt
[2.974s] writing requirements to ../../build/robu/robu.egg-info/requires.txt
[2.978s] writing top-level names to ../../build/robu/robu.egg-info/top_level.txt
[2.984s] reading manifest file '../../build/robu/robu.egg-info/SOURCES.txt'
[2.987s] writing manifest file '../../build/robu/robu.egg-info/SOURCES.txt'
[2.989s] running build
[2.989s] running build_py
[2.992s] running install
[2.993s] running install_lib
[2.999s] running install_data
[3.002s] running install_egg_info
[3.014s] removing '/home/robu/work/robu_hoeran19_ws/install/robu/lib/python3.10/site-packages/robu-0.0.0-py3.10.egg-info' (and everything under it)
[3.025s] Copying ../../build/robu/robu.egg-info to /home/robu/work/robu_hoeran19_ws/install/robu/lib/python3.10/site-packages/robu-0.0.0-py3.10.egg-info
[3.036s] running install_scripts
[3.096s] Installing fibonacci_server script to /home/robu/work/robu_hoeran19_ws/install/robu/lib/robu
[3.099s] Installing myparameter script to /home/robu/work/robu_hoeran19_ws/install/robu/lib/robu
[3.102s] Installing mypublisher script to /home/robu/work/robu_hoeran19_ws/install/robu/lib/robu
[3.105s] Installing mysubscriber script to /home/robu/work/robu_hoeran19_ws/install/robu/lib/robu
[3.109s] Installing testparameter script to /home/robu/work/robu_hoeran19_ws/install/robu/lib/robu
[3.112s] Installing testparameter_get script to /home/robu/work/robu_hoeran19_ws/install/robu/lib/robu
[3.118s] Installing wallfollower script to /home/robu/work/robu_hoeran19_ws/install/robu/lib/robu
[3.122s] writing list of installed files to '/home/robu/work/robu_hoeran19_ws/build/robu/install.log'
[3.199s] Invoked command in '/home/robu/work/robu_hoeran19_ws/src/robu' returned '0': PYTHONPATH=/home/robu/work/robu_hoeran19_ws/build/robu/prefix_override:/home/robu/work/robu_hoeran19_ws/install/robu/lib/python3.10/site-packages:${PYTHONPATH} /usr/bin/python3 setup.py egg_info --egg-base ../../build/robu build --build-base /home/robu/work/robu_hoeran19_ws/build/robu/build install --record /home/robu/work/robu_hoeran19_ws/build/robu/install.log --single-version-externally-managed
