[0.846s] DEBUG:colcon:Command line arguments: ['/usr/bin/colcon', 'build']
[0.846s] DEBUG:colcon:Parsed command line arguments: Namespace(log_base=None, log_level=None, verb_name='build', build_base='build', install_base='install', merge_install=False, symlink_install=False, test_result_base=None, continue_on_error=False, executor='parallel', parallel_workers=2, event_handlers=None, ignore_user_meta=False, metas=['./colcon.meta'], base_paths=['.'], packages_ignore=None, packages_ignore_regex=None, paths=None, packages_up_to=None, packages_up_to_regex=None, packages_above=None, packages_above_and_dependencies=None, packages_above_depth=None, packages_select_by_dep=None, packages_skip_by_dep=None, packages_skip_up_to=None, packages_select_build_failed=False, packages_skip_build_finished=False, packages_select_test_failures=False, packages_skip_test_passed=False, packages_select=None, packages_skip=None, packages_select_regex=None, packages_skip_regex=None, packages_start=None, packages_end=None, allow_overriding=[], cmake_args=None, cmake_target=None, cmake_target_skip_unavailable=False, cmake_clean_cache=False, cmake_clean_first=False, cmake_force_configure=False, ament_cmake_args=None, catkin_cmake_args=None, catkin_skip_building_tests=False, verb_parser=<colcon_defaults.argument_parser.defaults.DefaultArgumentsDecorator object at 0x7ff4b44ea890>, verb_extension=<colcon_core.verb.build.BuildVerb object at 0x7ff4b44ea320>, main=<bound method BuildVerb.main of <colcon_core.verb.build.BuildVerb object at 0x7ff4b44ea320>>)
[0.909s] Level 1:colcon.colcon_core.package_discovery:discover_packages(colcon_meta) check parameters
[0.910s] Level 1:colcon.colcon_core.package_discovery:discover_packages(recursive) check parameters
[0.910s] Level 1:colcon.colcon_core.package_discovery:discover_packages(ignore) check parameters
[0.910s] Level 1:colcon.colcon_core.package_discovery:discover_packages(path) check parameters
[0.910s] Level 1:colcon.colcon_core.package_discovery:discover_packages(colcon_meta) discover
[0.911s] Level 1:colcon.colcon_core.package_discovery:discover_packages(recursive) discover
[0.911s] INFO:colcon.colcon_core.package_discovery:Crawling recursively for packages in '/home/robu/work/robu_hoeran19_ws'
[0.911s] Level 1:colcon.colcon_core.package_identification:_identify(.) by extensions ['ignore', 'ignore_ament_install']
[0.912s] Level 1:colcon.colcon_core.package_identification:_identify(.) by extension 'ignore'
[0.912s] Level 1:colcon.colcon_core.package_identification:_identify(.) by extension 'ignore_ament_install'
[0.912s] Level 1:colcon.colcon_core.package_identification:_identify(.) by extensions ['colcon_pkg']
[0.912s] Level 1:colcon.colcon_core.package_identification:_identify(.) by extension 'colcon_pkg'
[0.912s] Level 1:colcon.colcon_core.package_identification:_identify(.) by extensions ['colcon_meta']
[0.912s] Level 1:colcon.colcon_core.package_identification:_identify(.) by extension 'colcon_meta'
[0.913s] Level 1:colcon.colcon_core.package_identification:_identify(.) by extensions ['ros']
[0.913s] Level 1:colcon.colcon_core.package_identification:_identify(.) by extension 'ros'
[0.946s] Level 1:colcon.colcon_core.package_identification:_identify(.) by extensions ['cmake', 'python']
[0.946s] Level 1:colcon.colcon_core.package_identification:_identify(.) by extension 'cmake'
[0.946s] Level 1:colcon.colcon_core.package_identification:_identify(.) by extension 'python'
[0.947s] Level 1:colcon.colcon_core.package_identification:_identify(.) by extensions ['python_setup_py']
[0.947s] Level 1:colcon.colcon_core.package_identification:_identify(.) by extension 'python_setup_py'
[0.947s] Level 1:colcon.colcon_core.package_identification:_identify(build) by extensions ['ignore', 'ignore_ament_install']
[0.948s] Level 1:colcon.colcon_core.package_identification:_identify(build) by extension 'ignore'
[0.948s] Level 1:colcon.colcon_core.package_identification:_identify(build) ignored
[0.948s] Level 1:colcon.colcon_core.package_identification:_identify(install) by extensions ['ignore', 'ignore_ament_install']
[0.949s] Level 1:colcon.colcon_core.package_identification:_identify(install) by extension 'ignore'
[0.949s] Level 1:colcon.colcon_core.package_identification:_identify(install) ignored
[0.950s] Level 1:colcon.colcon_core.package_identification:_identify(log) by extensions ['ignore', 'ignore_ament_install']
[0.950s] Level 1:colcon.colcon_core.package_identification:_identify(log) by extension 'ignore'
[0.951s] Level 1:colcon.colcon_core.package_identification:_identify(log) ignored
[0.951s] Level 1:colcon.colcon_core.package_identification:_identify(src) by extensions ['ignore', 'ignore_ament_install']
[0.951s] Level 1:colcon.colcon_core.package_identification:_identify(src) by extension 'ignore'
[0.952s] Level 1:colcon.colcon_core.package_identification:_identify(src) by extension 'ignore_ament_install'
[0.952s] Level 1:colcon.colcon_core.package_identification:_identify(src) by extensions ['colcon_pkg']
[0.952s] Level 1:colcon.colcon_core.package_identification:_identify(src) by extension 'colcon_pkg'
[0.952s] Level 1:colcon.colcon_core.package_identification:_identify(src) by extensions ['colcon_meta']
[0.952s] Level 1:colcon.colcon_core.package_identification:_identify(src) by extension 'colcon_meta'
[0.953s] Level 1:colcon.colcon_core.package_identification:_identify(src) by extensions ['ros']
[0.953s] Level 1:colcon.colcon_core.package_identification:_identify(src) by extension 'ros'
[0.953s] Level 1:colcon.colcon_core.package_identification:_identify(src) by extensions ['cmake', 'python']
[0.953s] Level 1:colcon.colcon_core.package_identification:_identify(src) by extension 'cmake'
[0.954s] Level 1:colcon.colcon_core.package_identification:_identify(src) by extension 'python'
[0.954s] Level 1:colcon.colcon_core.package_identification:_identify(src) by extensions ['python_setup_py']
[0.954s] Level 1:colcon.colcon_core.package_identification:_identify(src) by extension 'python_setup_py'
[0.954s] Level 1:colcon.colcon_core.package_identification:_identify(src/robu) by extensions ['ignore', 'ignore_ament_install']
[0.955s] Level 1:colcon.colcon_core.package_identification:_identify(src/robu) by extension 'ignore'
[0.955s] Level 1:colcon.colcon_core.package_identification:_identify(src/robu) by extension 'ignore_ament_install'
[0.955s] Level 1:colcon.colcon_core.package_identification:_identify(src/robu) by extensions ['colcon_pkg']
[0.955s] Level 1:colcon.colcon_core.package_identification:_identify(src/robu) by extension 'colcon_pkg'
[0.955s] Level 1:colcon.colcon_core.package_identification:_identify(src/robu) by extensions ['colcon_meta']
[0.956s] Level 1:colcon.colcon_core.package_identification:_identify(src/robu) by extension 'colcon_meta'
[0.956s] Level 1:colcon.colcon_core.package_identification:_identify(src/robu) by extensions ['ros']
[0.956s] Level 1:colcon.colcon_core.package_identification:_identify(src/robu) by extension 'ros'
[0.961s] DEBUG:colcon.colcon_core.package_identification:Package 'src/robu' with type 'ros.ament_python' and name 'robu'
[0.962s] Level 1:colcon.colcon_core.package_identification:_identify(src/robu_interfaces) by extensions ['ignore', 'ignore_ament_install']
[0.962s] Level 1:colcon.colcon_core.package_identification:_identify(src/robu_interfaces) by extension 'ignore'
[0.962s] Level 1:colcon.colcon_core.package_identification:_identify(src/robu_interfaces) by extension 'ignore_ament_install'
[0.963s] Level 1:colcon.colcon_core.package_identification:_identify(src/robu_interfaces) by extensions ['colcon_pkg']
[0.963s] Level 1:colcon.colcon_core.package_identification:_identify(src/robu_interfaces) by extension 'colcon_pkg'
[0.963s] Level 1:colcon.colcon_core.package_identification:_identify(src/robu_interfaces) by extensions ['colcon_meta']
[0.963s] Level 1:colcon.colcon_core.package_identification:_identify(src/robu_interfaces) by extension 'colcon_meta'
[0.963s] Level 1:colcon.colcon_core.package_identification:_identify(src/robu_interfaces) by extensions ['ros']
[0.963s] Level 1:colcon.colcon_core.package_identification:_identify(src/robu_interfaces) by extension 'ros'
[0.965s] DEBUG:colcon.colcon_core.package_identification:Package 'src/robu_interfaces' with type 'ros.ament_cmake' and name 'robu_interfaces'
[0.965s] Level 1:colcon.colcon_core.package_discovery:discover_packages(recursive) using defaults
[0.965s] Level 1:colcon.colcon_core.package_discovery:discover_packages(ignore) discover
[0.966s] Level 1:colcon.colcon_core.package_discovery:discover_packages(ignore) using defaults
[0.966s] Level 1:colcon.colcon_core.package_discovery:discover_packages(path) discover
[0.966s] Level 1:colcon.colcon_core.package_discovery:discover_packages(path) using defaults
[1.026s] Level 1:colcon.colcon_core.package_discovery:discover_packages(prefix_path) check parameters
[1.026s] Level 1:colcon.colcon_core.package_discovery:discover_packages(prefix_path) discover
[1.036s] DEBUG:colcon.colcon_installed_package_information.package_discovery:Found 2 installed packages in /home/robu/work/robu_hoeran19_ws/install
[1.040s] DEBUG:colcon.colcon_installed_package_information.package_discovery:Found 17 installed packages in /home/robu/work/turtlebot3_ws/install
[1.047s] DEBUG:colcon.colcon_installed_package_information.package_discovery:Found 358 installed packages in /opt/ros/humble
[1.055s] Level 1:colcon.colcon_core.package_discovery:discover_packages(prefix_path) using defaults
[1.254s] Level 5:colcon.colcon_core.verb:set package 'robu' build argument 'cmake_args' from command line to 'None'
[1.255s] Level 5:colcon.colcon_core.verb:set package 'robu' build argument 'cmake_target' from command line to 'None'
[1.255s] Level 5:colcon.colcon_core.verb:set package 'robu' build argument 'cmake_target_skip_unavailable' from command line to 'False'
[1.255s] Level 5:colcon.colcon_core.verb:set package 'robu' build argument 'cmake_clean_cache' from command line to 'False'
[1.255s] Level 5:colcon.colcon_core.verb:set package 'robu' build argument 'cmake_clean_first' from command line to 'False'
[1.255s] Level 5:colcon.colcon_core.verb:set package 'robu' build argument 'cmake_force_configure' from command line to 'False'
[1.255s] Level 5:colcon.colcon_core.verb:set package 'robu' build argument 'ament_cmake_args' from command line to 'None'
[1.255s] Level 5:colcon.colcon_core.verb:set package 'robu' build argument 'catkin_cmake_args' from command line to 'None'
[1.255s] Level 5:colcon.colcon_core.verb:set package 'robu' build argument 'catkin_skip_building_tests' from command line to 'False'
[1.256s] DEBUG:colcon.colcon_core.verb:Building package 'robu' with the following arguments: {'ament_cmake_args': None, 'build_base': '/home/robu/work/robu_hoeran19_ws/build/robu', 'catkin_cmake_args': None, 'catkin_skip_building_tests': False, 'cmake_args': None, 'cmake_clean_cache': False, 'cmake_clean_first': False, 'cmake_force_configure': False, 'cmake_target': None, 'cmake_target_skip_unavailable': False, 'install_base': '/home/robu/work/robu_hoeran19_ws/install/robu', 'merge_install': False, 'path': '/home/robu/work/robu_hoeran19_ws/src/robu', 'symlink_install': False, 'test_result_base': None}
[1.258s] Level 5:colcon.colcon_core.verb:set package 'robu_interfaces' build argument 'cmake_args' from command line to 'None'
[1.258s] Level 5:colcon.colcon_core.verb:set package 'robu_interfaces' build argument 'cmake_target' from command line to 'None'
[1.259s] Level 5:colcon.colcon_core.verb:set package 'robu_interfaces' build argument 'cmake_target_skip_unavailable' from command line to 'False'
[1.259s] Level 5:colcon.colcon_core.verb:set package 'robu_interfaces' build argument 'cmake_clean_cache' from command line to 'False'
[1.259s] Level 5:colcon.colcon_core.verb:set package 'robu_interfaces' build argument 'cmake_clean_first' from command line to 'False'
[1.259s] Level 5:colcon.colcon_core.verb:set package 'robu_interfaces' build argument 'cmake_force_configure' from command line to 'False'
[1.259s] Level 5:colcon.colcon_core.verb:set package 'robu_interfaces' build argument 'ament_cmake_args' from command line to 'None'
[1.259s] Level 5:colcon.colcon_core.verb:set package 'robu_interfaces' build argument 'catkin_cmake_args' from command line to 'None'
[1.259s] Level 5:colcon.colcon_core.verb:set package 'robu_interfaces' build argument 'catkin_skip_building_tests' from command line to 'False'
[1.259s] DEBUG:colcon.colcon_core.verb:Building package 'robu_interfaces' with the following arguments: {'ament_cmake_args': None, 'build_base': '/home/robu/work/robu_hoeran19_ws/build/robu_interfaces', 'catkin_cmake_args': None, 'catkin_skip_building_tests': False, 'cmake_args': None, 'cmake_clean_cache': False, 'cmake_clean_first': False, 'cmake_force_configure': False, 'cmake_target': None, 'cmake_target_skip_unavailable': False, 'install_base': '/home/robu/work/robu_hoeran19_ws/install/robu_interfaces', 'merge_install': False, 'path': '/home/robu/work/robu_hoeran19_ws/src/robu_interfaces', 'symlink_install': False, 'test_result_base': None}
[1.261s] INFO:colcon.colcon_core.executor:Executing jobs using 'parallel' executor
[1.270s] DEBUG:colcon.colcon_parallel_executor.executor.parallel:run_until_complete
[1.271s] INFO:colcon.colcon_ros.task.ament_python.build:Building ROS package in '/home/robu/work/robu_hoeran19_ws/src/robu' with build type 'ament_python'
[1.271s] Level 1:colcon.colcon_core.shell:create_environment_hook('robu', 'ament_prefix_path')
[1.289s] INFO:colcon.colcon_core.plugin_system:Skipping extension 'colcon_core.shell.bat': Not used on non-Windows systems
[1.290s] INFO:colcon.colcon_core.shell:Creating environment hook '/home/robu/work/robu_hoeran19_ws/install/robu/share/robu/hook/ament_prefix_path.ps1'
[1.293s] INFO:colcon.colcon_core.shell:Creating environment descriptor '/home/robu/work/robu_hoeran19_ws/install/robu/share/robu/hook/ament_prefix_path.dsv'
[1.298s] INFO:colcon.colcon_core.shell:Creating environment hook '/home/robu/work/robu_hoeran19_ws/install/robu/share/robu/hook/ament_prefix_path.sh'
[1.312s] INFO:colcon.colcon_core.shell:Skip shell extension 'powershell' for command environment: Not usable outside of PowerShell
[1.313s] DEBUG:colcon.colcon_core.shell:Skip shell extension 'dsv' for command environment
[1.339s] INFO:colcon.colcon_ros.task.ament_cmake.build:Building ROS package in '/home/robu/work/robu_hoeran19_ws/src/robu_interfaces' with build type 'ament_cmake'
[1.339s] INFO:colcon.colcon_cmake.task.cmake.build:Building CMake package in '/home/robu/work/robu_hoeran19_ws/src/robu_interfaces'
[1.345s] INFO:colcon.colcon_core.shell:Skip shell extension 'powershell' for command environment: Not usable outside of PowerShell
[1.346s] DEBUG:colcon.colcon_core.shell:Skip shell extension 'dsv' for command environment
[2.304s] INFO:colcon.colcon_core.task.python.build:Building Python package in '/home/robu/work/robu_hoeran19_ws/src/robu'
[2.309s] INFO:colcon.colcon_core.shell:Skip shell extension 'powershell' for command environment: Not usable outside of PowerShell
[2.309s] DEBUG:colcon.colcon_core.shell:Skip shell extension 'dsv' for command environment
[2.346s] DEBUG:colcon.colcon_core.event_handler.log_command:Invoking command in '/home/robu/work/robu_hoeran19_ws/build/robu_interfaces': CMAKE_PREFIX_PATH=${CMAKE_PREFIX_PATH}:/home/robu/work/robu_hoeran19_ws/install/robu:/home/robu/work/turtlebot3_ws/install/turtlebot3_teleop:/home/robu/work/turtlebot3_ws/install/turtlebot3_example:/opt/ros/humble /usr/bin/cmake --build /home/robu/work/robu_hoeran19_ws/build/robu_interfaces -- -j2 -l2
[4.712s] DEBUG:colcon.colcon_core.event_handler.log_command:Invoking command in '/home/robu/work/robu_hoeran19_ws/src/robu': PYTHONPATH=/home/robu/work/robu_hoeran19_ws/build/robu/prefix_override:/home/robu/work/robu_hoeran19_ws/install/robu/lib/python3.10/site-packages:${PYTHONPATH} /usr/bin/python3 setup.py egg_info --egg-base ../../build/robu build --build-base /home/robu/work/robu_hoeran19_ws/build/robu/build install --record /home/robu/work/robu_hoeran19_ws/build/robu/install.log --single-version-externally-managed
[5.173s] DEBUG:colcon.colcon_core.event_handler.log_command:Invoked command in '/home/robu/work/robu_hoeran19_ws/build/robu_interfaces' returned '0': CMAKE_PREFIX_PATH=${CMAKE_PREFIX_PATH}:/home/robu/work/robu_hoeran19_ws/install/robu:/home/robu/work/turtlebot3_ws/install/turtlebot3_teleop:/home/robu/work/turtlebot3_ws/install/turtlebot3_example:/opt/ros/humble /usr/bin/cmake --build /home/robu/work/robu_hoeran19_ws/build/robu_interfaces -- -j2 -l2
[5.740s] DEBUG:colcon.colcon_core.event_handler.log_command:Invoking command in '/home/robu/work/robu_hoeran19_ws/build/robu_interfaces': CMAKE_PREFIX_PATH=${CMAKE_PREFIX_PATH}:/home/robu/work/robu_hoeran19_ws/install/robu:/home/robu/work/turtlebot3_ws/install/turtlebot3_teleop:/home/robu/work/turtlebot3_ws/install/turtlebot3_example:/opt/ros/humble /usr/bin/cmake --install /home/robu/work/robu_hoeran19_ws/build/robu_interfaces
[6.171s] Level 1:colcon.colcon_core.environment:create_environment_scripts_only(robu_interfaces)
[6.175s] DEBUG:colcon.colcon_core.event_handler.log_command:Invoked command in '/home/robu/work/robu_hoeran19_ws/build/robu_interfaces' returned '0': CMAKE_PREFIX_PATH=${CMAKE_PREFIX_PATH}:/home/robu/work/robu_hoeran19_ws/install/robu:/home/robu/work/turtlebot3_ws/install/turtlebot3_teleop:/home/robu/work/turtlebot3_ws/install/turtlebot3_example:/opt/ros/humble /usr/bin/cmake --install /home/robu/work/robu_hoeran19_ws/build/robu_interfaces
[6.213s] Level 1:colcon.colcon_core.environment:checking '/home/robu/work/robu_hoeran19_ws/install/robu_interfaces' for CMake module files
[6.223s] Level 1:colcon.colcon_core.environment:checking '/home/robu/work/robu_hoeran19_ws/install/robu_interfaces' for CMake config files
[6.226s] Level 1:colcon.colcon_core.shell:create_environment_hook('robu_interfaces', 'cmake_prefix_path')
[6.236s] INFO:colcon.colcon_core.shell:Creating environment hook '/home/robu/work/robu_hoeran19_ws/install/robu_interfaces/share/robu_interfaces/hook/cmake_prefix_path.ps1'
[6.240s] INFO:colcon.colcon_core.shell:Creating environment descriptor '/home/robu/work/robu_hoeran19_ws/install/robu_interfaces/share/robu_interfaces/hook/cmake_prefix_path.dsv'
[6.242s] INFO:colcon.colcon_core.shell:Creating environment hook '/home/robu/work/robu_hoeran19_ws/install/robu_interfaces/share/robu_interfaces/hook/cmake_prefix_path.sh'
[6.245s] Level 1:colcon.colcon_core.environment:checking '/home/robu/work/robu_hoeran19_ws/install/robu_interfaces/lib'
[6.246s] Level 1:colcon.colcon_core.shell:create_environment_hook('robu_interfaces', 'ld_library_path_lib')
[6.254s] INFO:colcon.colcon_core.shell:Creating environment hook '/home/robu/work/robu_hoeran19_ws/install/robu_interfaces/share/robu_interfaces/hook/ld_library_path_lib.ps1'
[6.255s] INFO:colcon.colcon_core.shell:Creating environment descriptor '/home/robu/work/robu_hoeran19_ws/install/robu_interfaces/share/robu_interfaces/hook/ld_library_path_lib.dsv'
[6.256s] INFO:colcon.colcon_core.shell:Creating environment hook '/home/robu/work/robu_hoeran19_ws/install/robu_interfaces/share/robu_interfaces/hook/ld_library_path_lib.sh'
[6.257s] Level 1:colcon.colcon_core.environment:checking '/home/robu/work/robu_hoeran19_ws/install/robu_interfaces/bin'
[6.257s] Level 1:colcon.colcon_core.environment:checking '/home/robu/work/robu_hoeran19_ws/install/robu_interfaces/lib/pkgconfig/robu_interfaces.pc'
[6.258s] Level 1:colcon.colcon_core.environment:checking '/home/robu/work/robu_hoeran19_ws/install/robu_interfaces/lib/python3.10/site-packages'
[6.263s] Level 1:colcon.colcon_core.environment:checking '/home/robu/work/robu_hoeran19_ws/install/robu_interfaces/bin'
[6.266s] INFO:colcon.colcon_core.shell:Creating package script '/home/robu/work/robu_hoeran19_ws/install/robu_interfaces/share/robu_interfaces/package.ps1'
[6.268s] INFO:colcon.colcon_core.shell:Creating package descriptor '/home/robu/work/robu_hoeran19_ws/install/robu_interfaces/share/robu_interfaces/package.dsv'
[6.271s] INFO:colcon.colcon_core.shell:Creating package script '/home/robu/work/robu_hoeran19_ws/install/robu_interfaces/share/robu_interfaces/package.sh'
[6.273s] INFO:colcon.colcon_core.shell:Creating package script '/home/robu/work/robu_hoeran19_ws/install/robu_interfaces/share/robu_interfaces/package.bash'
[6.280s] INFO:colcon.colcon_core.shell:Creating package script '/home/robu/work/robu_hoeran19_ws/install/robu_interfaces/share/robu_interfaces/package.zsh'
[6.282s] Level 1:colcon.colcon_core.environment:create_file_with_runtime_dependencies(/home/robu/work/robu_hoeran19_ws/install/robu_interfaces/share/colcon-core/packages/robu_interfaces)
[6.304s] Level 1:colcon.colcon_core.environment:checking '/home/robu/work/robu_hoeran19_ws/install/robu' for CMake module files
[6.305s] DEBUG:colcon.colcon_core.event_handler.log_command:Invoked command in '/home/robu/work/robu_hoeran19_ws/src/robu' returned '0': PYTHONPATH=/home/robu/work/robu_hoeran19_ws/build/robu/prefix_override:/home/robu/work/robu_hoeran19_ws/install/robu/lib/python3.10/site-packages:${PYTHONPATH} /usr/bin/python3 setup.py egg_info --egg-base ../../build/robu build --build-base /home/robu/work/robu_hoeran19_ws/build/robu/build install --record /home/robu/work/robu_hoeran19_ws/build/robu/install.log --single-version-externally-managed
[6.312s] Level 1:colcon.colcon_core.environment:checking '/home/robu/work/robu_hoeran19_ws/install/robu' for CMake config files
[6.320s] Level 1:colcon.colcon_core.environment:checking '/home/robu/work/robu_hoeran19_ws/install/robu/lib'
[6.320s] Level 1:colcon.colcon_core.environment:checking '/home/robu/work/robu_hoeran19_ws/install/robu/bin'
[6.320s] Level 1:colcon.colcon_core.environment:checking '/home/robu/work/robu_hoeran19_ws/install/robu/lib/pkgconfig/robu.pc'
[6.321s] Level 1:colcon.colcon_core.environment:checking '/home/robu/work/robu_hoeran19_ws/install/robu/lib/python3.10/site-packages'
[6.321s] Level 1:colcon.colcon_core.shell:create_environment_hook('robu', 'pythonpath')
[6.329s] INFO:colcon.colcon_core.shell:Creating environment hook '/home/robu/work/robu_hoeran19_ws/install/robu/share/robu/hook/pythonpath.ps1'
[6.330s] INFO:colcon.colcon_core.shell:Creating environment descriptor '/home/robu/work/robu_hoeran19_ws/install/robu/share/robu/hook/pythonpath.dsv'
[6.339s] INFO:colcon.colcon_core.shell:Creating environment hook '/home/robu/work/robu_hoeran19_ws/install/robu/share/robu/hook/pythonpath.sh'
[6.341s] Level 1:colcon.colcon_core.environment:checking '/home/robu/work/robu_hoeran19_ws/install/robu/bin'
[6.341s] Level 1:colcon.colcon_core.environment:create_environment_scripts_only(robu)
[6.358s] INFO:colcon.colcon_core.shell:Creating package script '/home/robu/work/robu_hoeran19_ws/install/robu/share/robu/package.ps1'
[6.360s] INFO:colcon.colcon_core.shell:Creating package descriptor '/home/robu/work/robu_hoeran19_ws/install/robu/share/robu/package.dsv'
[6.361s] INFO:colcon.colcon_core.shell:Creating package script '/home/robu/work/robu_hoeran19_ws/install/robu/share/robu/package.sh'
[6.371s] INFO:colcon.colcon_core.shell:Creating package script '/home/robu/work/robu_hoeran19_ws/install/robu/share/robu/package.bash'
[6.372s] INFO:colcon.colcon_core.shell:Creating package script '/home/robu/work/robu_hoeran19_ws/install/robu/share/robu/package.zsh'
[6.375s] Level 1:colcon.colcon_core.environment:create_file_with_runtime_dependencies(/home/robu/work/robu_hoeran19_ws/install/robu/share/colcon-core/packages/robu)
[6.850s] Level 1:colcon.colcon_core.environment:create_environment_scripts_only(robu_interfaces)
[6.853s] Level 1:colcon.colcon_core.environment:checking '/home/robu/work/robu_hoeran19_ws/install/robu_interfaces' for CMake module files
[6.854s] Level 1:colcon.colcon_core.environment:checking '/home/robu/work/robu_hoeran19_ws/install/robu_interfaces' for CMake config files
[6.855s] Level 1:colcon.colcon_core.shell:create_environment_hook('robu_interfaces', 'cmake_prefix_path')
[6.862s] INFO:colcon.colcon_core.shell:Creating environment hook '/home/robu/work/robu_hoeran19_ws/install/robu_interfaces/share/robu_interfaces/hook/cmake_prefix_path.ps1'
[6.863s] INFO:colcon.colcon_core.shell:Creating environment descriptor '/home/robu/work/robu_hoeran19_ws/install/robu_interfaces/share/robu_interfaces/hook/cmake_prefix_path.dsv'
[6.864s] INFO:colcon.colcon_core.shell:Creating environment hook '/home/robu/work/robu_hoeran19_ws/install/robu_interfaces/share/robu_interfaces/hook/cmake_prefix_path.sh'
[6.865s] Level 1:colcon.colcon_core.environment:checking '/home/robu/work/robu_hoeran19_ws/install/robu_interfaces/lib'
[6.865s] Level 1:colcon.colcon_core.shell:create_environment_hook('robu_interfaces', 'ld_library_path_lib')
[6.872s] INFO:colcon.colcon_core.shell:Creating environment hook '/home/robu/work/robu_hoeran19_ws/install/robu_interfaces/share/robu_interfaces/hook/ld_library_path_lib.ps1'
[6.873s] INFO:colcon.colcon_core.shell:Creating environment descriptor '/home/robu/work/robu_hoeran19_ws/install/robu_interfaces/share/robu_interfaces/hook/ld_library_path_lib.dsv'
[6.874s] INFO:colcon.colcon_core.shell:Creating environment hook '/home/robu/work/robu_hoeran19_ws/install/robu_interfaces/share/robu_interfaces/hook/ld_library_path_lib.sh'
[6.875s] Level 1:colcon.colcon_core.environment:checking '/home/robu/work/robu_hoeran19_ws/install/robu_interfaces/bin'
[6.875s] Level 1:colcon.colcon_core.environment:checking '/home/robu/work/robu_hoeran19_ws/install/robu_interfaces/lib/pkgconfig/robu_interfaces.pc'
[6.876s] Level 1:colcon.colcon_core.environment:checking '/home/robu/work/robu_hoeran19_ws/install/robu_interfaces/lib/python3.10/site-packages'
[6.876s] Level 1:colcon.colcon_core.environment:checking '/home/robu/work/robu_hoeran19_ws/install/robu_interfaces/bin'
[6.880s] INFO:colcon.colcon_core.shell:Creating package script '/home/robu/work/robu_hoeran19_ws/install/robu_interfaces/share/robu_interfaces/package.ps1'
[6.881s] INFO:colcon.colcon_core.shell:Creating package descriptor '/home/robu/work/robu_hoeran19_ws/install/robu_interfaces/share/robu_interfaces/package.dsv'
[6.883s] INFO:colcon.colcon_core.shell:Creating package script '/home/robu/work/robu_hoeran19_ws/install/robu_interfaces/share/robu_interfaces/package.sh'
[6.884s] INFO:colcon.colcon_core.shell:Creating package script '/home/robu/work/robu_hoeran19_ws/install/robu_interfaces/share/robu_interfaces/package.bash'
[6.886s] INFO:colcon.colcon_core.shell:Creating package script '/home/robu/work/robu_hoeran19_ws/install/robu_interfaces/share/robu_interfaces/package.zsh'
[6.889s] Level 1:colcon.colcon_core.environment:create_file_with_runtime_dependencies(/home/robu/work/robu_hoeran19_ws/install/robu_interfaces/share/colcon-core/packages/robu_interfaces)
[6.891s] DEBUG:colcon.colcon_parallel_executor.executor.parallel:closing loop
[6.899s] DEBUG:colcon.colcon_parallel_executor.executor.parallel:loop closed
[6.899s] DEBUG:colcon.colcon_parallel_executor.executor.parallel:run_until_complete finished with '0'
[6.899s] DEBUG:colcon.colcon_core.event_reactor:joining thread
[6.919s] INFO:colcon.colcon_core.plugin_system:Skipping extension 'colcon_notification.desktop_notification.terminal_notifier': Not used on non-Darwin systems
[6.921s] INFO:colcon.colcon_core.plugin_system:Skipping extension 'colcon_notification.desktop_notification.win32': Not used on non-Windows systems
[6.921s] INFO:colcon.colcon_notification.desktop_notification:Sending desktop notification using 'notify2'
[6.984s] DEBUG:colcon.colcon_core.event_reactor:joined thread
[6.986s] INFO:colcon.colcon_core.shell:Creating prefix script '/home/robu/work/robu_hoeran19_ws/install/local_setup.ps1'
[6.989s] INFO:colcon.colcon_core.shell:Creating prefix util module '/home/robu/work/robu_hoeran19_ws/install/_local_setup_util_ps1.py'
[6.993s] INFO:colcon.colcon_core.shell:Creating prefix chain script '/home/robu/work/robu_hoeran19_ws/install/setup.ps1'
[7.010s] INFO:colcon.colcon_core.shell:Creating prefix script '/home/robu/work/robu_hoeran19_ws/install/local_setup.sh'
[7.013s] INFO:colcon.colcon_core.shell:Creating prefix util module '/home/robu/work/robu_hoeran19_ws/install/_local_setup_util_sh.py'
[7.016s] INFO:colcon.colcon_core.shell:Creating prefix chain script '/home/robu/work/robu_hoeran19_ws/install/setup.sh'
[7.032s] INFO:colcon.colcon_core.shell:Creating prefix script '/home/robu/work/robu_hoeran19_ws/install/local_setup.bash'
[7.034s] INFO:colcon.colcon_core.shell:Creating prefix chain script '/home/robu/work/robu_hoeran19_ws/install/setup.bash'
[7.052s] INFO:colcon.colcon_core.shell:Creating prefix script '/home/robu/work/robu_hoeran19_ws/install/local_setup.zsh'
[7.054s] INFO:colcon.colcon_core.shell:Creating prefix chain script '/home/robu/work/robu_hoeran19_ws/install/setup.zsh'
