[0.569s] Invoking command in '/home/robu/work/robu_hoeran19_ws/build/robu_interfaces': CMAKE_PREFIX_PATH=/opt/ros/humble /usr/bin/cmake --build /home/robu/work/robu_hoeran19_ws/build/robu_interfaces -- -j8 -l8
[0.667s] [  3%] Built target robu_interfaces__cpp
[0.669s] [ 12%] Built target robu_interfaces__rosidl_generator_c
[0.708s] [ 12%] Built target ament_cmake_python_copy_robu_interfaces
[0.739s] [ 22%] Built target robu_interfaces__rosidl_typesupport_introspection_cpp
[0.745s] [ 32%] Built target robu_interfaces__rosidl_typesupport_introspection_c
[0.745s] [ 41%] Built target robu_interfaces__rosidl_typesupport_cpp
[0.746s] [ 51%] Built target robu_interfaces__rosidl_typesupport_fastrtps_c
[0.755s] [ 61%] Built target robu_interfaces__rosidl_typesupport_fastrtps_cpp
[0.768s] [ 70%] Built target robu_interfaces__rosidl_typesupport_c
[0.837s] [ 70%] Built target robu_interfaces
[0.881s] [ 74%] Built target robu_interfaces__py
[0.924s] [ 80%] Built target robu_interfaces__rosidl_generator_py
[0.986s] [ 87%] Built target robu_interfaces__rosidl_typesupport_fastrtps_c__pyext
[0.987s] [ 93%] Built target robu_interfaces__rosidl_typesupport_introspection_c__pyext
[0.987s] [100%] Built target robu_interfaces__rosidl_typesupport_c__pyext
[1.270s] running egg_info
[1.271s] writing robu_interfaces.egg-info/PKG-INFO
[1.272s] writing dependency_links to robu_interfaces.egg-info/dependency_links.txt
[1.272s] writing top-level names to robu_interfaces.egg-info/top_level.txt
[1.277s] reading manifest file 'robu_interfaces.egg-info/SOURCES.txt'
[1.278s] writing manifest file 'robu_interfaces.egg-info/SOURCES.txt'
[1.327s] [100%] Built target ament_cmake_python_build_robu_interfaces_egg
[1.354s] Invoked command in '/home/robu/work/robu_hoeran19_ws/build/robu_interfaces' returned '0': CMAKE_PREFIX_PATH=/opt/ros/humble /usr/bin/cmake --build /home/robu/work/robu_hoeran19_ws/build/robu_interfaces -- -j8 -l8
[1.579s] Invoking command in '/home/robu/work/robu_hoeran19_ws/build/robu_interfaces': CMAKE_PREFIX_PATH=/opt/ros/humble /usr/bin/cmake --install /home/robu/work/robu_hoeran19_ws/build/robu_interfaces
[1.596s] -- Install configuration: ""
[1.597s] -- Up-to-date: /home/robu/work/robu_hoeran19_ws/install/robu_interfaces/share/ament_index/resource_index/rosidl_interfaces/robu_interfaces
[1.598s] -- Up-to-date: /home/robu/work/robu_hoeran19_ws/install/robu_interfaces/include/robu_interfaces/robu_interfaces
[1.598s] -- Up-to-date: /home/robu/work/robu_hoeran19_ws/install/robu_interfaces/include/robu_interfaces/robu_interfaces/action
[1.598s] -- Up-to-date: /home/robu/work/robu_hoeran19_ws/install/robu_interfaces/include/robu_interfaces/robu_interfaces/action/detail
[1.598s] -- Up-to-date: /home/robu/work/robu_hoeran19_ws/install/robu_interfaces/include/robu_interfaces/robu_interfaces/action/detail/fibonacci__functions.c
[1.599s] -- Up-to-date: /home/robu/work/robu_hoeran19_ws/install/robu_interfaces/include/robu_interfaces/robu_interfaces/action/detail/fibonacci__struct.h
[1.599s] -- Up-to-date: /home/robu/work/robu_hoeran19_ws/install/robu_interfaces/include/robu_interfaces/robu_interfaces/action/detail/fibonacci__type_support.h
[1.600s] -- Up-to-date: /home/robu/work/robu_hoeran19_ws/install/robu_interfaces/include/robu_interfaces/robu_interfaces/action/detail/fibonacci__functions.h
[1.600s] -- Up-to-date: /home/robu/work/robu_hoeran19_ws/install/robu_interfaces/include/robu_interfaces/robu_interfaces/action/fibonacci.h
[1.600s] -- Up-to-date: /home/robu/work/robu_hoeran19_ws/install/robu_interfaces/include/robu_interfaces/robu_interfaces/msg
[1.601s] -- Up-to-date: /home/robu/work/robu_hoeran19_ws/install/robu_interfaces/include/robu_interfaces/robu_interfaces/msg/rosidl_generator_c__visibility_control.h
[1.601s] -- Up-to-date: /home/robu/work/robu_hoeran19_ws/install/robu_interfaces/share/robu_interfaces/environment/library_path.sh
[1.602s] -- Up-to-date: /home/robu/work/robu_hoeran19_ws/install/robu_interfaces/share/robu_interfaces/environment/library_path.dsv
[1.602s] -- Up-to-date: /home/robu/work/robu_hoeran19_ws/install/robu_interfaces/lib/librobu_interfaces__rosidl_generator_c.so
[1.602s] -- Up-to-date: /home/robu/work/robu_hoeran19_ws/install/robu_interfaces/include/robu_interfaces/robu_interfaces
[1.602s] -- Up-to-date: /home/robu/work/robu_hoeran19_ws/install/robu_interfaces/include/robu_interfaces/robu_interfaces/action
[1.603s] -- Up-to-date: /home/robu/work/robu_hoeran19_ws/install/robu_interfaces/include/robu_interfaces/robu_interfaces/action/detail
[1.603s] -- Up-to-date: /home/robu/work/robu_hoeran19_ws/install/robu_interfaces/include/robu_interfaces/robu_interfaces/action/detail/fibonacci__rosidl_typesupport_fastrtps_c.h
[1.604s] -- Up-to-date: /home/robu/work/robu_hoeran19_ws/install/robu_interfaces/include/robu_interfaces/robu_interfaces/msg
[1.604s] -- Up-to-date: /home/robu/work/robu_hoeran19_ws/install/robu_interfaces/include/robu_interfaces/robu_interfaces/msg/rosidl_typesupport_fastrtps_c__visibility_control.h
[1.605s] -- Up-to-date: /home/robu/work/robu_hoeran19_ws/install/robu_interfaces/lib/librobu_interfaces__rosidl_typesupport_fastrtps_c.so
[1.605s] -- Up-to-date: /home/robu/work/robu_hoeran19_ws/install/robu_interfaces/include/robu_interfaces/robu_interfaces
[1.606s] -- Up-to-date: /home/robu/work/robu_hoeran19_ws/install/robu_interfaces/include/robu_interfaces/robu_interfaces/action
[1.606s] -- Up-to-date: /home/robu/work/robu_hoeran19_ws/install/robu_interfaces/include/robu_interfaces/robu_interfaces/action/detail
[1.606s] -- Up-to-date: /home/robu/work/robu_hoeran19_ws/install/robu_interfaces/include/robu_interfaces/robu_interfaces/action/detail/fibonacci__type_support.c
[1.607s] -- Up-to-date: /home/robu/work/robu_hoeran19_ws/install/robu_interfaces/include/robu_interfaces/robu_interfaces/action/detail/fibonacci__rosidl_typesupport_introspection_c.h
[1.608s] -- Up-to-date: /home/robu/work/robu_hoeran19_ws/install/robu_interfaces/include/robu_interfaces/robu_interfaces/msg
[1.608s] -- Up-to-date: /home/robu/work/robu_hoeran19_ws/install/robu_interfaces/include/robu_interfaces/robu_interfaces/msg/rosidl_typesupport_introspection_c__visibility_control.h
[1.609s] -- Up-to-date: /home/robu/work/robu_hoeran19_ws/install/robu_interfaces/lib/librobu_interfaces__rosidl_typesupport_introspection_c.so
[1.609s] -- Up-to-date: /home/robu/work/robu_hoeran19_ws/install/robu_interfaces/lib/librobu_interfaces__rosidl_typesupport_c.so
[1.610s] -- Up-to-date: /home/robu/work/robu_hoeran19_ws/install/robu_interfaces/include/robu_interfaces/robu_interfaces
[1.610s] -- Up-to-date: /home/robu/work/robu_hoeran19_ws/install/robu_interfaces/include/robu_interfaces/robu_interfaces/action
[1.610s] -- Up-to-date: /home/robu/work/robu_hoeran19_ws/install/robu_interfaces/include/robu_interfaces/robu_interfaces/action/detail
[1.610s] -- Up-to-date: /home/robu/work/robu_hoeran19_ws/install/robu_interfaces/include/robu_interfaces/robu_interfaces/action/detail/fibonacci__struct.hpp
[1.610s] -- Up-to-date: /home/robu/work/robu_hoeran19_ws/install/robu_interfaces/include/robu_interfaces/robu_interfaces/action/detail/fibonacci__builder.hpp
[1.610s] -- Up-to-date: /home/robu/work/robu_hoeran19_ws/install/robu_interfaces/include/robu_interfaces/robu_interfaces/action/detail/fibonacci__traits.hpp
[1.611s] -- Up-to-date: /home/robu/work/robu_hoeran19_ws/install/robu_interfaces/include/robu_interfaces/robu_interfaces/action/fibonacci.hpp
[1.611s] -- Up-to-date: /home/robu/work/robu_hoeran19_ws/install/robu_interfaces/include/robu_interfaces/robu_interfaces
[1.611s] -- Up-to-date: /home/robu/work/robu_hoeran19_ws/install/robu_interfaces/include/robu_interfaces/robu_interfaces/action
[1.611s] -- Up-to-date: /home/robu/work/robu_hoeran19_ws/install/robu_interfaces/include/robu_interfaces/robu_interfaces/action/detail
[1.612s] -- Up-to-date: /home/robu/work/robu_hoeran19_ws/install/robu_interfaces/include/robu_interfaces/robu_interfaces/action/detail/dds_fastrtps
[1.612s] -- Up-to-date: /home/robu/work/robu_hoeran19_ws/install/robu_interfaces/include/robu_interfaces/robu_interfaces/action/detail/fibonacci__rosidl_typesupport_fastrtps_cpp.hpp
[1.612s] -- Up-to-date: /home/robu/work/robu_hoeran19_ws/install/robu_interfaces/include/robu_interfaces/robu_interfaces/msg
[1.612s] -- Up-to-date: /home/robu/work/robu_hoeran19_ws/install/robu_interfaces/include/robu_interfaces/robu_interfaces/msg/rosidl_typesupport_fastrtps_cpp__visibility_control.h
[1.613s] -- Up-to-date: /home/robu/work/robu_hoeran19_ws/install/robu_interfaces/lib/librobu_interfaces__rosidl_typesupport_fastrtps_cpp.so
[1.613s] -- Up-to-date: /home/robu/work/robu_hoeran19_ws/install/robu_interfaces/include/robu_interfaces/robu_interfaces
[1.613s] -- Up-to-date: /home/robu/work/robu_hoeran19_ws/install/robu_interfaces/include/robu_interfaces/robu_interfaces/action
[1.613s] -- Up-to-date: /home/robu/work/robu_hoeran19_ws/install/robu_interfaces/include/robu_interfaces/robu_interfaces/action/detail
[1.613s] -- Up-to-date: /home/robu/work/robu_hoeran19_ws/install/robu_interfaces/include/robu_interfaces/robu_interfaces/action/detail/fibonacci__rosidl_typesupport_introspection_cpp.hpp
[1.613s] -- Up-to-date: /home/robu/work/robu_hoeran19_ws/install/robu_interfaces/include/robu_interfaces/robu_interfaces/action/detail/fibonacci__type_support.cpp
[1.614s] -- Up-to-date: /home/robu/work/robu_hoeran19_ws/install/robu_interfaces/lib/librobu_interfaces__rosidl_typesupport_introspection_cpp.so
[1.614s] -- Up-to-date: /home/robu/work/robu_hoeran19_ws/install/robu_interfaces/lib/librobu_interfaces__rosidl_typesupport_cpp.so
[1.614s] -- Up-to-date: /home/robu/work/robu_hoeran19_ws/install/robu_interfaces/share/robu_interfaces/environment/pythonpath.sh
[1.614s] -- Up-to-date: /home/robu/work/robu_hoeran19_ws/install/robu_interfaces/share/robu_interfaces/environment/pythonpath.dsv
[1.614s] -- Up-to-date: /home/robu/work/robu_hoeran19_ws/install/robu_interfaces/local/lib/python3.10/dist-packages/robu_interfaces-0.0.0-py3.10.egg-info
[1.614s] -- Installing: /home/robu/work/robu_hoeran19_ws/install/robu_interfaces/local/lib/python3.10/dist-packages/robu_interfaces-0.0.0-py3.10.egg-info/top_level.txt
[1.614s] -- Installing: /home/robu/work/robu_hoeran19_ws/install/robu_interfaces/local/lib/python3.10/dist-packages/robu_interfaces-0.0.0-py3.10.egg-info/dependency_links.txt
[1.614s] -- Installing: /home/robu/work/robu_hoeran19_ws/install/robu_interfaces/local/lib/python3.10/dist-packages/robu_interfaces-0.0.0-py3.10.egg-info/PKG-INFO
[1.614s] -- Installing: /home/robu/work/robu_hoeran19_ws/install/robu_interfaces/local/lib/python3.10/dist-packages/robu_interfaces-0.0.0-py3.10.egg-info/SOURCES.txt
[1.615s] -- Up-to-date: /home/robu/work/robu_hoeran19_ws/install/robu_interfaces/local/lib/python3.10/dist-packages/robu_interfaces
[1.615s] -- Up-to-date: /home/robu/work/robu_hoeran19_ws/install/robu_interfaces/local/lib/python3.10/dist-packages/robu_interfaces/action
[1.615s] -- Up-to-date: /home/robu/work/robu_hoeran19_ws/install/robu_interfaces/local/lib/python3.10/dist-packages/robu_interfaces/action/_fibonacci_s.c
[1.615s] -- Up-to-date: /home/robu/work/robu_hoeran19_ws/install/robu_interfaces/local/lib/python3.10/dist-packages/robu_interfaces/action/_fibonacci.py
[1.615s] -- Up-to-date: /home/robu/work/robu_hoeran19_ws/install/robu_interfaces/local/lib/python3.10/dist-packages/robu_interfaces/action/__init__.py
[1.615s] -- Up-to-date: /home/robu/work/robu_hoeran19_ws/install/robu_interfaces/local/lib/python3.10/dist-packages/robu_interfaces/_robu_interfaces_s.ep.rosidl_typesupport_introspection_c.c
[1.615s] -- Up-to-date: /home/robu/work/robu_hoeran19_ws/install/robu_interfaces/local/lib/python3.10/dist-packages/robu_interfaces/robu_interfaces_s__rosidl_typesupport_fastrtps_c.cpython-310-x86_64-linux-gnu.so
[1.615s] -- Up-to-date: /home/robu/work/robu_hoeran19_ws/install/robu_interfaces/local/lib/python3.10/dist-packages/robu_interfaces/robu_interfaces_s__rosidl_typesupport_c.cpython-310-x86_64-linux-gnu.so
[1.615s] -- Up-to-date: /home/robu/work/robu_hoeran19_ws/install/robu_interfaces/local/lib/python3.10/dist-packages/robu_interfaces/_robu_interfaces_s.ep.rosidl_typesupport_c.c
[1.616s] -- Up-to-date: /home/robu/work/robu_hoeran19_ws/install/robu_interfaces/local/lib/python3.10/dist-packages/robu_interfaces/librobu_interfaces__rosidl_generator_py.so
[1.616s] -- Up-to-date: /home/robu/work/robu_hoeran19_ws/install/robu_interfaces/local/lib/python3.10/dist-packages/robu_interfaces/robu_interfaces_s__rosidl_typesupport_introspection_c.cpython-310-x86_64-linux-gnu.so
[1.616s] -- Up-to-date: /home/robu/work/robu_hoeran19_ws/install/robu_interfaces/local/lib/python3.10/dist-packages/robu_interfaces/__init__.py
[1.616s] -- Up-to-date: /home/robu/work/robu_hoeran19_ws/install/robu_interfaces/local/lib/python3.10/dist-packages/robu_interfaces/_robu_interfaces_s.ep.rosidl_typesupport_fastrtps_c.c
[1.671s] Listing '/home/robu/work/robu_hoeran19_ws/install/robu_interfaces/local/lib/python3.10/dist-packages/robu_interfaces'...
[1.671s] Listing '/home/robu/work/robu_hoeran19_ws/install/robu_interfaces/local/lib/python3.10/dist-packages/robu_interfaces/action'...
[1.678s] -- Up-to-date: /home/robu/work/robu_hoeran19_ws/install/robu_interfaces/local/lib/python3.10/dist-packages/robu_interfaces/robu_interfaces_s__rosidl_typesupport_fastrtps_c.cpython-310-x86_64-linux-gnu.so
[1.679s] -- Up-to-date: /home/robu/work/robu_hoeran19_ws/install/robu_interfaces/local/lib/python3.10/dist-packages/robu_interfaces/robu_interfaces_s__rosidl_typesupport_introspection_c.cpython-310-x86_64-linux-gnu.so
[1.680s] -- Up-to-date: /home/robu/work/robu_hoeran19_ws/install/robu_interfaces/local/lib/python3.10/dist-packages/robu_interfaces/robu_interfaces_s__rosidl_typesupport_c.cpython-310-x86_64-linux-gnu.so
[1.681s] -- Up-to-date: /home/robu/work/robu_hoeran19_ws/install/robu_interfaces/lib/librobu_interfaces__rosidl_generator_py.so
[1.681s] -- Up-to-date: /home/robu/work/robu_hoeran19_ws/install/robu_interfaces/share/robu_interfaces/action/Fibonacci.idl
[1.681s] -- Up-to-date: /home/robu/work/robu_hoeran19_ws/install/robu_interfaces/share/robu_interfaces/action/Fibonacci.action
[1.682s] -- Up-to-date: /home/robu/work/robu_hoeran19_ws/install/robu_interfaces/share/ament_index/resource_index/package_run_dependencies/robu_interfaces
[1.682s] -- Up-to-date: /home/robu/work/robu_hoeran19_ws/install/robu_interfaces/share/ament_index/resource_index/parent_prefix_path/robu_interfaces
[1.683s] -- Up-to-date: /home/robu/work/robu_hoeran19_ws/install/robu_interfaces/share/robu_interfaces/environment/ament_prefix_path.sh
[1.683s] -- Up-to-date: /home/robu/work/robu_hoeran19_ws/install/robu_interfaces/share/robu_interfaces/environment/ament_prefix_path.dsv
[1.683s] -- Up-to-date: /home/robu/work/robu_hoeran19_ws/install/robu_interfaces/share/robu_interfaces/environment/path.sh
[1.684s] -- Up-to-date: /home/robu/work/robu_hoeran19_ws/install/robu_interfaces/share/robu_interfaces/environment/path.dsv
[1.684s] -- Up-to-date: /home/robu/work/robu_hoeran19_ws/install/robu_interfaces/share/robu_interfaces/local_setup.bash
[1.685s] -- Up-to-date: /home/robu/work/robu_hoeran19_ws/install/robu_interfaces/share/robu_interfaces/local_setup.sh
[1.685s] -- Up-to-date: /home/robu/work/robu_hoeran19_ws/install/robu_interfaces/share/robu_interfaces/local_setup.zsh
[1.686s] -- Up-to-date: /home/robu/work/robu_hoeran19_ws/install/robu_interfaces/share/robu_interfaces/local_setup.dsv
[1.686s] -- Installing: /home/robu/work/robu_hoeran19_ws/install/robu_interfaces/share/robu_interfaces/package.dsv
[1.687s] -- Up-to-date: /home/robu/work/robu_hoeran19_ws/install/robu_interfaces/share/ament_index/resource_index/packages/robu_interfaces
[1.687s] -- Up-to-date: /home/robu/work/robu_hoeran19_ws/install/robu_interfaces/share/robu_interfaces/cmake/export_robu_interfaces__rosidl_generator_cExport.cmake
[1.688s] -- Up-to-date: /home/robu/work/robu_hoeran19_ws/install/robu_interfaces/share/robu_interfaces/cmake/export_robu_interfaces__rosidl_generator_cExport-noconfig.cmake
[1.688s] -- Up-to-date: /home/robu/work/robu_hoeran19_ws/install/robu_interfaces/share/robu_interfaces/cmake/export_robu_interfaces__rosidl_typesupport_fastrtps_cExport.cmake
[1.689s] -- Up-to-date: /home/robu/work/robu_hoeran19_ws/install/robu_interfaces/share/robu_interfaces/cmake/export_robu_interfaces__rosidl_typesupport_fastrtps_cExport-noconfig.cmake
[1.689s] -- Up-to-date: /home/robu/work/robu_hoeran19_ws/install/robu_interfaces/share/robu_interfaces/cmake/robu_interfaces__rosidl_typesupport_introspection_cExport.cmake
[1.689s] -- Up-to-date: /home/robu/work/robu_hoeran19_ws/install/robu_interfaces/share/robu_interfaces/cmake/robu_interfaces__rosidl_typesupport_introspection_cExport-noconfig.cmake
[1.689s] -- Up-to-date: /home/robu/work/robu_hoeran19_ws/install/robu_interfaces/share/robu_interfaces/cmake/robu_interfaces__rosidl_typesupport_cExport.cmake
[1.689s] -- Up-to-date: /home/robu/work/robu_hoeran19_ws/install/robu_interfaces/share/robu_interfaces/cmake/robu_interfaces__rosidl_typesupport_cExport-noconfig.cmake
[1.690s] -- Up-to-date: /home/robu/work/robu_hoeran19_ws/install/robu_interfaces/share/robu_interfaces/cmake/export_robu_interfaces__rosidl_generator_cppExport.cmake
[1.690s] -- Up-to-date: /home/robu/work/robu_hoeran19_ws/install/robu_interfaces/share/robu_interfaces/cmake/export_robu_interfaces__rosidl_typesupport_fastrtps_cppExport.cmake
[1.690s] -- Up-to-date: /home/robu/work/robu_hoeran19_ws/install/robu_interfaces/share/robu_interfaces/cmake/export_robu_interfaces__rosidl_typesupport_fastrtps_cppExport-noconfig.cmake
[1.690s] -- Up-to-date: /home/robu/work/robu_hoeran19_ws/install/robu_interfaces/share/robu_interfaces/cmake/robu_interfaces__rosidl_typesupport_introspection_cppExport.cmake
[1.691s] -- Up-to-date: /home/robu/work/robu_hoeran19_ws/install/robu_interfaces/share/robu_interfaces/cmake/robu_interfaces__rosidl_typesupport_introspection_cppExport-noconfig.cmake
[1.692s] -- Up-to-date: /home/robu/work/robu_hoeran19_ws/install/robu_interfaces/share/robu_interfaces/cmake/robu_interfaces__rosidl_typesupport_cppExport.cmake
[1.696s] -- Up-to-date: /home/robu/work/robu_hoeran19_ws/install/robu_interfaces/share/robu_interfaces/cmake/robu_interfaces__rosidl_typesupport_cppExport-noconfig.cmake
[1.697s] -- Up-to-date: /home/robu/work/robu_hoeran19_ws/install/robu_interfaces/share/robu_interfaces/cmake/export_robu_interfaces__rosidl_generator_pyExport.cmake
[1.698s] -- Up-to-date: /home/robu/work/robu_hoeran19_ws/install/robu_interfaces/share/robu_interfaces/cmake/export_robu_interfaces__rosidl_generator_pyExport-noconfig.cmake
[1.698s] -- Up-to-date: /home/robu/work/robu_hoeran19_ws/install/robu_interfaces/share/robu_interfaces/cmake/rosidl_cmake-extras.cmake
[1.698s] -- Up-to-date: /home/robu/work/robu_hoeran19_ws/install/robu_interfaces/share/robu_interfaces/cmake/ament_cmake_export_dependencies-extras.cmake
[1.700s] -- Up-to-date: /home/robu/work/robu_hoeran19_ws/install/robu_interfaces/share/robu_interfaces/cmake/ament_cmake_export_include_directories-extras.cmake
[1.700s] -- Up-to-date: /home/robu/work/robu_hoeran19_ws/install/robu_interfaces/share/robu_interfaces/cmake/ament_cmake_export_libraries-extras.cmake
[1.701s] -- Up-to-date: /home/robu/work/robu_hoeran19_ws/install/robu_interfaces/share/robu_interfaces/cmake/ament_cmake_export_targets-extras.cmake
[1.701s] -- Up-to-date: /home/robu/work/robu_hoeran19_ws/install/robu_interfaces/share/robu_interfaces/cmake/rosidl_cmake_export_typesupport_targets-extras.cmake
[1.702s] -- Up-to-date: /home/robu/work/robu_hoeran19_ws/install/robu_interfaces/share/robu_interfaces/cmake/rosidl_cmake_export_typesupport_libraries-extras.cmake
[1.702s] -- Up-to-date: /home/robu/work/robu_hoeran19_ws/install/robu_interfaces/share/robu_interfaces/cmake/robu_interfacesConfig.cmake
[1.702s] -- Up-to-date: /home/robu/work/robu_hoeran19_ws/install/robu_interfaces/share/robu_interfaces/cmake/robu_interfacesConfig-version.cmake
[1.703s] -- Up-to-date: /home/robu/work/robu_hoeran19_ws/install/robu_interfaces/share/robu_interfaces/package.xml
[1.703s] Invoked command in '/home/robu/work/robu_hoeran19_ws/build/robu_interfaces' returned '0': CMAKE_PREFIX_PATH=/opt/ros/humble /usr/bin/cmake --install /home/robu/work/robu_hoeran19_ws/build/robu_interfaces
