[1.772s] Invoking command in '/home/robu/work/robu_hoeran19_ws/src/robu': PYTHONPATH=/home/robu/work/robu_hoeran19_ws/build/robu/prefix_override:/home/robu/work/robu_hoeran19_ws/install/robu/lib/python3.10/site-packages:${PYTHONPATH} /usr/bin/python3 setup.py egg_info --egg-base ../../build/robu build --build-base /home/robu/work/robu_hoeran19_ws/build/robu/build install --record /home/robu/work/robu_hoeran19_ws/build/robu/install.log --single-version-externally-managed
[2.389s] running egg_info
[2.391s] writing ../../build/robu/robu.egg-info/PKG-INFO
[2.391s] writing dependency_links to ../../build/robu/robu.egg-info/dependency_links.txt
[2.392s] writing entry points to ../../build/robu/robu.egg-info/entry_points.txt
[2.393s] writing requirements to ../../build/robu/robu.egg-info/requires.txt
[2.393s] writing top-level names to ../../build/robu/robu.egg-info/top_level.txt
[2.397s] reading manifest file '../../build/robu/robu.egg-info/SOURCES.txt'
[2.398s] writing manifest file '../../build/robu/robu.egg-info/SOURCES.txt'
[2.399s] running build
[2.399s] running build_py
[2.400s] running install
[2.401s] running install_lib
[2.405s] running install_data
[2.407s] running install_egg_info
[2.411s] removing '/home/robu/work/robu_hoeran19_ws/install/robu/lib/python3.10/site-packages/robu-0.0.0-py3.10.egg-info' (and everything under it)
[2.411s] Copying ../../build/robu/robu.egg-info to /home/robu/work/robu_hoeran19_ws/install/robu/lib/python3.10/site-packages/robu-0.0.0-py3.10.egg-info
[2.414s] running install_scripts
[2.464s] Installing fibonacci_client script to /home/robu/work/robu_hoeran19_ws/install/robu/lib/robu
[2.464s] Installing fibonacci_server script to /home/robu/work/robu_hoeran19_ws/install/robu/lib/robu
[2.465s] Installing myparameter script to /home/robu/work/robu_hoeran19_ws/install/robu/lib/robu
[2.465s] Installing mypublisher script to /home/robu/work/robu_hoeran19_ws/install/robu/lib/robu
[2.465s] Installing mysubscriber script to /home/robu/work/robu_hoeran19_ws/install/robu/lib/robu
[2.466s] Installing navigation script to /home/robu/work/robu_hoeran19_ws/install/robu/lib/robu
[2.466s] Installing testparameter script to /home/robu/work/robu_hoeran19_ws/install/robu/lib/robu
[2.467s] Installing testparameter_get script to /home/robu/work/robu_hoeran19_ws/install/robu/lib/robu
[2.467s] Installing wallfollower script to /home/robu/work/robu_hoeran19_ws/install/robu/lib/robu
[2.468s] writing list of installed files to '/home/robu/work/robu_hoeran19_ws/build/robu/install.log'
[2.557s] Invoked command in '/home/robu/work/robu_hoeran19_ws/src/robu' returned '0': PYTHONPATH=/home/robu/work/robu_hoeran19_ws/build/robu/prefix_override:/home/robu/work/robu_hoeran19_ws/install/robu/lib/python3.10/site-packages:${PYTHONPATH} /usr/bin/python3 setup.py egg_info --egg-base ../../build/robu build --build-base /home/robu/work/robu_hoeran19_ws/build/robu/build install --record /home/robu/work/robu_hoeran19_ws/build/robu/install.log --single-version-externally-managed
