[2.213s] Invoking command in '/home/robu/work/robu_hoeran19_ws/src/robu': PYTHONPATH=/home/robu/work/robu_hoeran19_ws/build/robu/prefix_override:/home/robu/work/robu_hoeran19_ws/install/robu/lib/python3.10/site-packages:${PYTHONPATH} /usr/bin/python3 setup.py egg_info --egg-base ../../build/robu build --build-base /home/robu/work/robu_hoeran19_ws/build/robu/build install --record /home/robu/work/robu_hoeran19_ws/build/robu/install.log --single-version-externally-managed
[3.140s] running egg_info
[3.143s] writing ../../build/robu/robu.egg-info/PKG-INFO
[3.146s] writing dependency_links to ../../build/robu/robu.egg-info/dependency_links.txt
[3.150s] writing entry points to ../../build/robu/robu.egg-info/entry_points.txt
[3.158s] writing requirements to ../../build/robu/robu.egg-info/requires.txt
[3.158s] writing top-level names to ../../build/robu/robu.egg-info/top_level.txt
[3.163s] reading manifest file '../../build/robu/robu.egg-info/SOURCES.txt'
[3.168s] writing manifest file '../../build/robu/robu.egg-info/SOURCES.txt'
[3.169s] running build
[3.169s] running build_py
[3.171s] running install
[3.171s] running install_lib
[3.176s] running install_data
[3.177s] copying launch/test_parameter_launch.py -> /home/robu/work/robu_hoeran19_ws/install/robu/share/robu
[3.177s] running install_egg_info
[3.181s] removing '/home/robu/work/robu_hoeran19_ws/install/robu/lib/python3.10/site-packages/robu-0.0.0-py3.10.egg-info' (and everything under it)
[3.193s] Copying ../../build/robu/robu.egg-info to /home/robu/work/robu_hoeran19_ws/install/robu/lib/python3.10/site-packages/robu-0.0.0-py3.10.egg-info
[3.193s] running install_scripts
[3.267s] Installing myparameter script to /home/robu/work/robu_hoeran19_ws/install/robu/lib/robu
[3.268s] Installing mypublisher script to /home/robu/work/robu_hoeran19_ws/install/robu/lib/robu
[3.274s] Installing mysubscriber script to /home/robu/work/robu_hoeran19_ws/install/robu/lib/robu
[3.274s] Installing testparameter script to /home/robu/work/robu_hoeran19_ws/install/robu/lib/robu
[3.274s] Installing testparameter_get script to /home/robu/work/robu_hoeran19_ws/install/robu/lib/robu
[3.274s] Installing wallfollower script to /home/robu/work/robu_hoeran19_ws/install/robu/lib/robu
[3.275s] writing list of installed files to '/home/robu/work/robu_hoeran19_ws/build/robu/install.log'
[3.364s] Invoked command in '/home/robu/work/robu_hoeran19_ws/src/robu' returned '0': PYTHONPATH=/home/robu/work/robu_hoeran19_ws/build/robu/prefix_override:/home/robu/work/robu_hoeran19_ws/install/robu/lib/python3.10/site-packages:${PYTHONPATH} /usr/bin/python3 setup.py egg_info --egg-base ../../build/robu build --build-base /home/robu/work/robu_hoeran19_ws/build/robu/build install --record /home/robu/work/robu_hoeran19_ws/build/robu/install.log --single-version-externally-managed
