[3.662s] Invoking command in '/home/robu/work/robu_hoeran19_ws/src/robu': PYTHONPATH=/home/robu/work/robu_hoeran19_ws/build/robu/prefix_override:/home/robu/work/robu_hoeran19_ws/install/robu/lib/python3.10/site-packages:${PYTHONPATH} /usr/bin/python3 setup.py egg_info --egg-base ../../build/robu build --build-base /home/robu/work/robu_hoeran19_ws/build/robu/build install --record /home/robu/work/robu_hoeran19_ws/build/robu/install.log --single-version-externally-managed
[4.919s] running egg_info
[4.921s] writing ../../build/robu/robu.egg-info/PKG-INFO
[4.924s] writing dependency_links to ../../build/robu/robu.egg-info/dependency_links.txt
[4.925s] writing entry points to ../../build/robu/robu.egg-info/entry_points.txt
[4.926s] writing requirements to ../../build/robu/robu.egg-info/requires.txt
[4.927s] writing top-level names to ../../build/robu/robu.egg-info/top_level.txt
[4.933s] reading manifest file '../../build/robu/robu.egg-info/SOURCES.txt'
[4.953s] writing manifest file '../../build/robu/robu.egg-info/SOURCES.txt'
[4.955s] running build
[4.956s] running build_py
[4.959s] running install
[4.961s] running install_lib
[4.974s] running install_data
[4.982s] copying launch/ex13_action_launch.py -> /home/robu/work/robu_hoeran19_ws/install/robu/share/robu
[4.989s] running install_egg_info
[4.990s] removing '/home/robu/work/robu_hoeran19_ws/install/robu/lib/python3.10/site-packages/robu-0.0.0-py3.10.egg-info' (and everything under it)
[5.011s] Copying ../../build/robu/robu.egg-info to /home/robu/work/robu_hoeran19_ws/install/robu/lib/python3.10/site-packages/robu-0.0.0-py3.10.egg-info
[5.019s] running install_scripts
[5.174s] Installing fibonacci_client script to /home/robu/work/robu_hoeran19_ws/install/robu/lib/robu
[5.190s] Installing fibonacci_server script to /home/robu/work/robu_hoeran19_ws/install/robu/lib/robu
[5.190s] Installing myparameter script to /home/robu/work/robu_hoeran19_ws/install/robu/lib/robu
[5.190s] Installing mypublisher script to /home/robu/work/robu_hoeran19_ws/install/robu/lib/robu
[5.190s] Installing mysubscriber script to /home/robu/work/robu_hoeran19_ws/install/robu/lib/robu
[5.190s] Installing testparameter script to /home/robu/work/robu_hoeran19_ws/install/robu/lib/robu
[5.191s] Installing testparameter_get script to /home/robu/work/robu_hoeran19_ws/install/robu/lib/robu
[5.199s] Installing wallfollower script to /home/robu/work/robu_hoeran19_ws/install/robu/lib/robu
[5.201s] writing list of installed files to '/home/robu/work/robu_hoeran19_ws/build/robu/install.log'
[5.350s] Invoked command in '/home/robu/work/robu_hoeran19_ws/src/robu' returned '0': PYTHONPATH=/home/robu/work/robu_hoeran19_ws/build/robu/prefix_override:/home/robu/work/robu_hoeran19_ws/install/robu/lib/python3.10/site-packages:${PYTHONPATH} /usr/bin/python3 setup.py egg_info --egg-base ../../build/robu build --build-base /home/robu/work/robu_hoeran19_ws/build/robu/build install --record /home/robu/work/robu_hoeran19_ws/build/robu/install.log --single-version-externally-managed
