[1.463s] Invoking command in '/home/robu/work/robu_hoeran19_ws/src/robu': PYTHONPATH=/home/robu/work/robu_hoeran19_ws/build/robu/prefix_override:/home/robu/work/robu_hoeran19_ws/install/robu/lib/python3.10/site-packages:${PYTHONPATH} /usr/bin/python3 setup.py egg_info --egg-base ../../build/robu build --build-base /home/robu/work/robu_hoeran19_ws/build/robu/build install --record /home/robu/work/robu_hoeran19_ws/build/robu/install.log --single-version-externally-managed
[2.179s] running egg_info
[2.181s] writing ../../build/robu/robu.egg-info/PKG-INFO
[2.181s] writing dependency_links to ../../build/robu/robu.egg-info/dependency_links.txt
[2.182s] writing entry points to ../../build/robu/robu.egg-info/entry_points.txt
[2.182s] writing requirements to ../../build/robu/robu.egg-info/requires.txt
[2.183s] writing top-level names to ../../build/robu/robu.egg-info/top_level.txt
[2.191s] reading manifest file '../../build/robu/robu.egg-info/SOURCES.txt'
[2.193s] writing manifest file '../../build/robu/robu.egg-info/SOURCES.txt'
[2.193s] running build
[2.193s] running build_py
[2.194s] running install
[2.196s] running install_lib
[2.199s] running install_data
[2.200s] creating /home/robu/work/robu_hoeran19_ws/install/robu/share/robu/maps
[2.201s] creating /home/robu/work/robu_hoeran19_ws/install/robu/share/robu/maps/tb3_world
[2.201s] copying maps/tb3_world/tb3_world.yaml -> /home/robu/work/robu_hoeran19_ws/install/robu/share/robu/maps/tb3_world
[2.201s] copying maps/tb3_world/tb3_world.pgm -> /home/robu/work/robu_hoeran19_ws/install/robu/share/robu/maps/tb3_world
[2.287s] running install_egg_info
[2.291s] removing '/home/robu/work/robu_hoeran19_ws/install/robu/lib/python3.10/site-packages/robu-0.0.0-py3.10.egg-info' (and everything under it)
[2.292s] Copying ../../build/robu/robu.egg-info to /home/robu/work/robu_hoeran19_ws/install/robu/lib/python3.10/site-packages/robu-0.0.0-py3.10.egg-info
[2.294s] running install_scripts
[2.341s] Installing fibonacci_client script to /home/robu/work/robu_hoeran19_ws/install/robu/lib/robu
[2.344s] Installing fibonacci_server script to /home/robu/work/robu_hoeran19_ws/install/robu/lib/robu
[2.345s] Installing myparameter script to /home/robu/work/robu_hoeran19_ws/install/robu/lib/robu
[2.345s] Installing mypublisher script to /home/robu/work/robu_hoeran19_ws/install/robu/lib/robu
[2.345s] Installing mysubscriber script to /home/robu/work/robu_hoeran19_ws/install/robu/lib/robu
[2.345s] Installing testparameter script to /home/robu/work/robu_hoeran19_ws/install/robu/lib/robu
[2.350s] Installing testparameter_get script to /home/robu/work/robu_hoeran19_ws/install/robu/lib/robu
[2.350s] Installing wallfollower script to /home/robu/work/robu_hoeran19_ws/install/robu/lib/robu
[2.351s] writing list of installed files to '/home/robu/work/robu_hoeran19_ws/build/robu/install.log'
[2.674s] Invoked command in '/home/robu/work/robu_hoeran19_ws/src/robu' returned '0': PYTHONPATH=/home/robu/work/robu_hoeran19_ws/build/robu/prefix_override:/home/robu/work/robu_hoeran19_ws/install/robu/lib/python3.10/site-packages:${PYTHONPATH} /usr/bin/python3 setup.py egg_info --egg-base ../../build/robu build --build-base /home/robu/work/robu_hoeran19_ws/build/robu/build install --record /home/robu/work/robu_hoeran19_ws/build/robu/install.log --single-version-externally-managed
