[3.247s] Invoking command in '/home/robu/work/robu_hoeran19_ws/src/robu': PYTHONPATH=/home/robu/work/robu_hoeran19_ws/build/robu/prefix_override:/home/robu/work/robu_hoeran19_ws/install/robu/lib/python3.10/site-packages:${PYTHONPATH} /usr/bin/python3 setup.py egg_info --egg-base ../../build/robu build --build-base /home/robu/work/robu_hoeran19_ws/build/robu/build install --record /home/robu/work/robu_hoeran19_ws/build/robu/install.log --single-version-externally-managed
[4.725s] running egg_info
[4.737s] writing ../../build/robu/robu.egg-info/PKG-INFO
[4.740s] writing dependency_links to ../../build/robu/robu.egg-info/dependency_links.txt
[4.742s] writing entry points to ../../build/robu/robu.egg-info/entry_points.txt
[4.744s] writing requirements to ../../build/robu/robu.egg-info/requires.txt
[4.746s] writing top-level names to ../../build/robu/robu.egg-info/top_level.txt
[4.748s] reading manifest file '../../build/robu/robu.egg-info/SOURCES.txt'
[4.757s] writing manifest file '../../build/robu/robu.egg-info/SOURCES.txt'
[4.758s] running build
[4.758s] running build_py
[4.760s] running install
[4.761s] running install_lib
[4.777s] running install_data
[4.780s] copying launch/ex13_action_launch.py -> /home/robu/work/robu_hoeran19_ws/install/robu/share/robu
[4.782s] running install_egg_info
[4.791s] removing '/home/robu/work/robu_hoeran19_ws/install/robu/lib/python3.10/site-packages/robu-0.0.0-py3.10.egg-info' (and everything under it)
[4.801s] Copying ../../build/robu/robu.egg-info to /home/robu/work/robu_hoeran19_ws/install/robu/lib/python3.10/site-packages/robu-0.0.0-py3.10.egg-info
[4.801s] running install_scripts
[4.936s] Installing fibonacci_client script to /home/robu/work/robu_hoeran19_ws/install/robu/lib/robu
[4.938s] Installing fibonacci_server script to /home/robu/work/robu_hoeran19_ws/install/robu/lib/robu
[4.940s] Installing myparameter script to /home/robu/work/robu_hoeran19_ws/install/robu/lib/robu
[4.945s] Installing mypublisher script to /home/robu/work/robu_hoeran19_ws/install/robu/lib/robu
[4.946s] Installing mysubscriber script to /home/robu/work/robu_hoeran19_ws/install/robu/lib/robu
[4.947s] Installing testparameter script to /home/robu/work/robu_hoeran19_ws/install/robu/lib/robu
[4.948s] Installing testparameter_get script to /home/robu/work/robu_hoeran19_ws/install/robu/lib/robu
[4.949s] Installing wallfollower script to /home/robu/work/robu_hoeran19_ws/install/robu/lib/robu
[4.951s] writing list of installed files to '/home/robu/work/robu_hoeran19_ws/build/robu/install.log'
[5.139s] Invoked command in '/home/robu/work/robu_hoeran19_ws/src/robu' returned '0': PYTHONPATH=/home/robu/work/robu_hoeran19_ws/build/robu/prefix_override:/home/robu/work/robu_hoeran19_ws/install/robu/lib/python3.10/site-packages:${PYTHONPATH} /usr/bin/python3 setup.py egg_info --egg-base ../../build/robu build --build-base /home/robu/work/robu_hoeran19_ws/build/robu/build install --record /home/robu/work/robu_hoeran19_ws/build/robu/install.log --single-version-externally-managed
