[0.705s] Invoking command in '/home/robu/work/robu_hoeran19_ws/src/robu': PYTHONPATH=/home/robu/work/robu_hoeran19_ws/build/robu/prefix_override:/home/robu/work/robu_hoeran19_ws/install/robu/lib/python3.10/site-packages:${PYTHONPATH} /usr/bin/python3 setup.py egg_info --egg-base ../../build/robu build --build-base /home/robu/work/robu_hoeran19_ws/build/robu/build install --record /home/robu/work/robu_hoeran19_ws/build/robu/install.log --single-version-externally-managed
[0.982s] running egg_info
[0.983s] writing ../../build/robu/robu.egg-info/PKG-INFO
[0.983s] writing dependency_links to ../../build/robu/robu.egg-info/dependency_links.txt
[0.984s] writing entry points to ../../build/robu/robu.egg-info/entry_points.txt
[0.984s] writing requirements to ../../build/robu/robu.egg-info/requires.txt
[0.984s] writing top-level names to ../../build/robu/robu.egg-info/top_level.txt
[0.986s] reading manifest file '../../build/robu/robu.egg-info/SOURCES.txt'
[0.987s] writing manifest file '../../build/robu/robu.egg-info/SOURCES.txt'
[0.987s] running build
[0.988s] running build_py
[0.988s] copying robu/test_parameter_get.py -> /home/robu/work/robu_hoeran19_ws/build/robu/build/lib/robu
[0.988s] running install
[0.988s] running install_lib
[0.989s] copying /home/robu/work/robu_hoeran19_ws/build/robu/build/lib/robu/test_parameter_get.py -> /home/robu/work/robu_hoeran19_ws/install/robu/lib/python3.10/site-packages/robu
[0.990s] byte-compiling /home/robu/work/robu_hoeran19_ws/install/robu/lib/python3.10/site-packages/robu/test_parameter_get.py to test_parameter_get.cpython-310.pyc
[0.991s] running install_data
[0.992s] running install_egg_info
[0.993s] removing '/home/robu/work/robu_hoeran19_ws/install/robu/lib/python3.10/site-packages/robu-0.0.0-py3.10.egg-info' (and everything under it)
[0.994s] Copying ../../build/robu/robu.egg-info to /home/robu/work/robu_hoeran19_ws/install/robu/lib/python3.10/site-packages/robu-0.0.0-py3.10.egg-info
[0.995s] running install_scripts
[1.014s] Installing myparameter script to /home/robu/work/robu_hoeran19_ws/install/robu/lib/robu
[1.015s] Installing mypublisher script to /home/robu/work/robu_hoeran19_ws/install/robu/lib/robu
[1.015s] Installing mysubscriber script to /home/robu/work/robu_hoeran19_ws/install/robu/lib/robu
[1.015s] Installing testparameter script to /home/robu/work/robu_hoeran19_ws/install/robu/lib/robu
[1.015s] Installing testparameter_get script to /home/robu/work/robu_hoeran19_ws/install/robu/lib/robu
[1.016s] Installing wallfollower script to /home/robu/work/robu_hoeran19_ws/install/robu/lib/robu
[1.016s] writing list of installed files to '/home/robu/work/robu_hoeran19_ws/build/robu/install.log'
[1.043s] Invoked command in '/home/robu/work/robu_hoeran19_ws/src/robu' returned '0': PYTHONPATH=/home/robu/work/robu_hoeran19_ws/build/robu/prefix_override:/home/robu/work/robu_hoeran19_ws/install/robu/lib/python3.10/site-packages:${PYTHONPATH} /usr/bin/python3 setup.py egg_info --egg-base ../../build/robu build --build-base /home/robu/work/robu_hoeran19_ws/build/robu/build install --record /home/robu/work/robu_hoeran19_ws/build/robu/install.log --single-version-externally-managed
