[2.422s] Invoking command in '/home/robu/work/robu_hoeran19_ws/src/robu': PYTHONPATH=/home/robu/work/robu_hoeran19_ws/build/robu/prefix_override:/home/robu/work/robu_hoeran19_ws/install/robu/lib/python3.10/site-packages:${PYTHONPATH} /usr/bin/python3 setup.py egg_info --egg-base ../../build/robu build --build-base /home/robu/work/robu_hoeran19_ws/build/robu/build install --record /home/robu/work/robu_hoeran19_ws/build/robu/install.log --single-version-externally-managed
[3.187s] running egg_info
[3.188s] writing ../../build/robu/robu.egg-info/PKG-INFO
[3.189s] writing dependency_links to ../../build/robu/robu.egg-info/dependency_links.txt
[3.190s] writing entry points to ../../build/robu/robu.egg-info/entry_points.txt
[3.190s] writing requirements to ../../build/robu/robu.egg-info/requires.txt
[3.191s] writing top-level names to ../../build/robu/robu.egg-info/top_level.txt
[3.195s] reading manifest file '../../build/robu/robu.egg-info/SOURCES.txt'
[3.197s] writing manifest file '../../build/robu/robu.egg-info/SOURCES.txt'
[3.197s] running build
[3.198s] running build_py
[3.199s] running install
[3.199s] running install_lib
[3.202s] running install_data
[3.203s] running install_egg_info
[3.206s] removing '/home/robu/work/robu_hoeran19_ws/install/robu/lib/python3.10/site-packages/robu-0.0.0-py3.10.egg-info' (and everything under it)
[3.216s] Copying ../../build/robu/robu.egg-info to /home/robu/work/robu_hoeran19_ws/install/robu/lib/python3.10/site-packages/robu-0.0.0-py3.10.egg-info
[3.216s] running install_scripts
[3.309s] Installing fibonacci_server script to /home/robu/work/robu_hoeran19_ws/install/robu/lib/robu
[3.310s] Installing myparameter script to /home/robu/work/robu_hoeran19_ws/install/robu/lib/robu
[3.312s] Installing mypublisher script to /home/robu/work/robu_hoeran19_ws/install/robu/lib/robu
[3.315s] Installing mysubscriber script to /home/robu/work/robu_hoeran19_ws/install/robu/lib/robu
[3.318s] Installing testparameter script to /home/robu/work/robu_hoeran19_ws/install/robu/lib/robu
[3.319s] Installing testparameter_get script to /home/robu/work/robu_hoeran19_ws/install/robu/lib/robu
[3.326s] Installing wallfollower script to /home/robu/work/robu_hoeran19_ws/install/robu/lib/robu
[3.328s] writing list of installed files to '/home/robu/work/robu_hoeran19_ws/build/robu/install.log'
[3.409s] Invoked command in '/home/robu/work/robu_hoeran19_ws/src/robu' returned '0': PYTHONPATH=/home/robu/work/robu_hoeran19_ws/build/robu/prefix_override:/home/robu/work/robu_hoeran19_ws/install/robu/lib/python3.10/site-packages:${PYTHONPATH} /usr/bin/python3 setup.py egg_info --egg-base ../../build/robu build --build-base /home/robu/work/robu_hoeran19_ws/build/robu/build install --record /home/robu/work/robu_hoeran19_ws/build/robu/install.log --single-version-externally-managed
