[3.693s] Invoking command in '/home/robu/work/robu_hoeran19_ws/src/robu': PYTHONPATH=/home/robu/work/robu_hoeran19_ws/build/robu/prefix_override:/home/robu/work/robu_hoeran19_ws/install/robu/lib/python3.10/site-packages:${PYTHONPATH} /usr/bin/python3 setup.py egg_info --egg-base ../../build/robu build --build-base /home/robu/work/robu_hoeran19_ws/build/robu/build install --record /home/robu/work/robu_hoeran19_ws/build/robu/install.log --single-version-externally-managed
[5.338s] running egg_info
[5.343s] writing ../../build/robu/robu.egg-info/PKG-INFO
[5.345s] writing dependency_links to ../../build/robu/robu.egg-info/dependency_links.txt
[5.348s] writing entry points to ../../build/robu/robu.egg-info/entry_points.txt
[5.350s] writing requirements to ../../build/robu/robu.egg-info/requires.txt
[5.352s] writing top-level names to ../../build/robu/robu.egg-info/top_level.txt
[5.359s] reading manifest file '../../build/robu/robu.egg-info/SOURCES.txt'
[5.362s] writing manifest file '../../build/robu/robu.egg-info/SOURCES.txt'
[5.363s] running build
[5.364s] running build_py
[5.366s] running install
[5.367s] running install_lib
[5.373s] running install_data
[5.374s] running install_egg_info
[5.404s] removing '/home/robu/work/robu_hoeran19_ws/install/robu/lib/python3.10/site-packages/robu-0.0.0-py3.10.egg-info' (and everything under it)
[5.443s] Copying ../../build/robu/robu.egg-info to /home/robu/work/robu_hoeran19_ws/install/robu/lib/python3.10/site-packages/robu-0.0.0-py3.10.egg-info
[5.452s] running install_scripts
[5.594s] Installing myparameter script to /home/robu/work/robu_hoeran19_ws/install/robu/lib/robu
[5.596s] Installing mypublisher script to /home/robu/work/robu_hoeran19_ws/install/robu/lib/robu
[5.597s] Installing mysubscriber script to /home/robu/work/robu_hoeran19_ws/install/robu/lib/robu
[5.598s] Installing testparameter script to /home/robu/work/robu_hoeran19_ws/install/robu/lib/robu
[5.599s] Installing testparameter_get script to /home/robu/work/robu_hoeran19_ws/install/robu/lib/robu
[5.600s] Installing wallfollower script to /home/robu/work/robu_hoeran19_ws/install/robu/lib/robu
[5.603s] writing list of installed files to '/home/robu/work/robu_hoeran19_ws/build/robu/install.log'
[5.804s] Invoked command in '/home/robu/work/robu_hoeran19_ws/src/robu' returned '0': PYTHONPATH=/home/robu/work/robu_hoeran19_ws/build/robu/prefix_override:/home/robu/work/robu_hoeran19_ws/install/robu/lib/python3.10/site-packages:${PYTHONPATH} /usr/bin/python3 setup.py egg_info --egg-base ../../build/robu build --build-base /home/robu/work/robu_hoeran19_ws/build/robu/build install --record /home/robu/work/robu_hoeran19_ws/build/robu/install.log --single-version-externally-managed
