[1.136s] Invoking command in '/home/robu/work/robu_hoeran19_ws/build/robu_interfaces': CMAKE_PREFIX_PATH=${CMAKE_PREFIX_PATH}:/home/robu/work/robu_hoeran19_ws/install/robu:/home/robu/work/turtlebot3_ws/install/turtlebot3_teleop:/home/robu/work/turtlebot3_ws/install/turtlebot3_example:/opt/ros/humble /usr/bin/cmake --build /home/robu/work/robu_hoeran19_ws/build/robu_interfaces -- -j2 -l2
[1.369s] [  3%] Built target robu_interfaces__cpp
[1.480s] [ 12%] Built target robu_interfaces__rosidl_generator_c
[1.586s] [ 12%] Built target ament_cmake_python_copy_robu_interfaces
[1.628s] [ 22%] Built target robu_interfaces__rosidl_typesupport_cpp
[1.862s] [ 32%] Built target robu_interfaces__rosidl_typesupport_fastrtps_c
[1.934s] [ 41%] Built target robu_interfaces__rosidl_typesupport_introspection_c
[2.118s] [ 51%] Built target robu_interfaces__rosidl_typesupport_fastrtps_cpp
[2.126s] [ 61%] Built target robu_interfaces__rosidl_typesupport_c
[2.252s] [ 70%] Built target robu_interfaces__rosidl_typesupport_introspection_cpp
[2.351s] [ 70%] Built target robu_interfaces
[2.464s] [ 74%] Built target robu_interfaces__py
[2.576s] [ 80%] Built target robu_interfaces__rosidl_generator_py
[2.963s] [ 87%] Built target robu_interfaces__rosidl_typesupport_fastrtps_c__pyext
[3.129s] [ 93%] Built target robu_interfaces__rosidl_typesupport_introspection_c__pyext
[3.233s] [100%] Built target robu_interfaces__rosidl_typesupport_c__pyext
[3.676s] running egg_info
[3.680s] writing robu_interfaces.egg-info/PKG-INFO
[3.684s] writing dependency_links to robu_interfaces.egg-info/dependency_links.txt
[3.686s] writing top-level names to robu_interfaces.egg-info/top_level.txt
[3.706s] reading manifest file 'robu_interfaces.egg-info/SOURCES.txt'
[3.716s] writing manifest file 'robu_interfaces.egg-info/SOURCES.txt'
[3.808s] [100%] Built target ament_cmake_python_build_robu_interfaces_egg
[3.882s] Invoked command in '/home/robu/work/robu_hoeran19_ws/build/robu_interfaces' returned '0': CMAKE_PREFIX_PATH=${CMAKE_PREFIX_PATH}:/home/robu/work/robu_hoeran19_ws/install/robu:/home/robu/work/turtlebot3_ws/install/turtlebot3_teleop:/home/robu/work/turtlebot3_ws/install/turtlebot3_example:/opt/ros/humble /usr/bin/cmake --build /home/robu/work/robu_hoeran19_ws/build/robu_interfaces -- -j2 -l2
[4.923s] Invoking command in '/home/robu/work/robu_hoeran19_ws/build/robu_interfaces': CMAKE_PREFIX_PATH=${CMAKE_PREFIX_PATH}:/home/robu/work/robu_hoeran19_ws/install/robu:/home/robu/work/turtlebot3_ws/install/turtlebot3_teleop:/home/robu/work/turtlebot3_ws/install/turtlebot3_example:/opt/ros/humble /usr/bin/cmake --install /home/robu/work/robu_hoeran19_ws/build/robu_interfaces
[4.973s] -- Install configuration: ""
[4.974s] -- Up-to-date: /home/robu/work/robu_hoeran19_ws/install/robu_interfaces/share/ament_index/resource_index/rosidl_interfaces/robu_interfaces
[4.975s] -- Up-to-date: /home/robu/work/robu_hoeran19_ws/install/robu_interfaces/include/robu_interfaces/robu_interfaces
[4.976s] -- Up-to-date: /home/robu/work/robu_hoeran19_ws/install/robu_interfaces/include/robu_interfaces/robu_interfaces/action
[4.976s] -- Up-to-date: /home/robu/work/robu_hoeran19_ws/install/robu_interfaces/include/robu_interfaces/robu_interfaces/action/detail
[4.978s] -- Up-to-date: /home/robu/work/robu_hoeran19_ws/install/robu_interfaces/include/robu_interfaces/robu_interfaces/action/detail/fibonacci__functions.c
[4.979s] -- Up-to-date: /home/robu/work/robu_hoeran19_ws/install/robu_interfaces/include/robu_interfaces/robu_interfaces/action/detail/fibonacci__struct.h
[4.983s] -- Up-to-date: /home/robu/work/robu_hoeran19_ws/install/robu_interfaces/include/robu_interfaces/robu_interfaces/action/detail/fibonacci__type_support.h
[4.983s] -- Up-to-date: /home/robu/work/robu_hoeran19_ws/install/robu_interfaces/include/robu_interfaces/robu_interfaces/action/detail/fibonacci__functions.h
[4.984s] -- Up-to-date: /home/robu/work/robu_hoeran19_ws/install/robu_interfaces/include/robu_interfaces/robu_interfaces/action/fibonacci.h
[4.985s] -- Up-to-date: /home/robu/work/robu_hoeran19_ws/install/robu_interfaces/include/robu_interfaces/robu_interfaces/msg
[4.986s] -- Up-to-date: /home/robu/work/robu_hoeran19_ws/install/robu_interfaces/include/robu_interfaces/robu_interfaces/msg/rosidl_generator_c__visibility_control.h
[4.987s] -- Up-to-date: /home/robu/work/robu_hoeran19_ws/install/robu_interfaces/share/robu_interfaces/environment/library_path.sh
[4.990s] -- Up-to-date: /home/robu/work/robu_hoeran19_ws/install/robu_interfaces/share/robu_interfaces/environment/library_path.dsv
[4.992s] -- Up-to-date: /home/robu/work/robu_hoeran19_ws/install/robu_interfaces/lib/librobu_interfaces__rosidl_generator_c.so
[4.994s] -- Up-to-date: /home/robu/work/robu_hoeran19_ws/install/robu_interfaces/include/robu_interfaces/robu_interfaces
[4.995s] -- Up-to-date: /home/robu/work/robu_hoeran19_ws/install/robu_interfaces/include/robu_interfaces/robu_interfaces/action
[4.996s] -- Up-to-date: /home/robu/work/robu_hoeran19_ws/install/robu_interfaces/include/robu_interfaces/robu_interfaces/action/detail
[4.998s] -- Up-to-date: /home/robu/work/robu_hoeran19_ws/install/robu_interfaces/include/robu_interfaces/robu_interfaces/action/detail/fibonacci__rosidl_typesupport_fastrtps_c.h
[4.998s] -- Up-to-date: /home/robu/work/robu_hoeran19_ws/install/robu_interfaces/include/robu_interfaces/robu_interfaces/msg
[4.999s] -- Up-to-date: /home/robu/work/robu_hoeran19_ws/install/robu_interfaces/include/robu_interfaces/robu_interfaces/msg/rosidl_typesupport_fastrtps_c__visibility_control.h
[5.001s] -- Up-to-date: /home/robu/work/robu_hoeran19_ws/install/robu_interfaces/lib/librobu_interfaces__rosidl_typesupport_fastrtps_c.so
[5.002s] -- Up-to-date: /home/robu/work/robu_hoeran19_ws/install/robu_interfaces/include/robu_interfaces/robu_interfaces
[5.003s] -- Up-to-date: /home/robu/work/robu_hoeran19_ws/install/robu_interfaces/include/robu_interfaces/robu_interfaces/action
[5.003s] -- Up-to-date: /home/robu/work/robu_hoeran19_ws/install/robu_interfaces/include/robu_interfaces/robu_interfaces/action/detail
[5.004s] -- Up-to-date: /home/robu/work/robu_hoeran19_ws/install/robu_interfaces/include/robu_interfaces/robu_interfaces/action/detail/fibonacci__type_support.c
[5.004s] -- Up-to-date: /home/robu/work/robu_hoeran19_ws/install/robu_interfaces/include/robu_interfaces/robu_interfaces/action/detail/fibonacci__rosidl_typesupport_introspection_c.h
[5.005s] -- Up-to-date: /home/robu/work/robu_hoeran19_ws/install/robu_interfaces/include/robu_interfaces/robu_interfaces/msg
[5.006s] -- Up-to-date: /home/robu/work/robu_hoeran19_ws/install/robu_interfaces/include/robu_interfaces/robu_interfaces/msg/rosidl_typesupport_introspection_c__visibility_control.h
[5.006s] -- Up-to-date: /home/robu/work/robu_hoeran19_ws/install/robu_interfaces/lib/librobu_interfaces__rosidl_typesupport_introspection_c.so
[5.007s] -- Up-to-date: /home/robu/work/robu_hoeran19_ws/install/robu_interfaces/lib/librobu_interfaces__rosidl_typesupport_c.so
[5.008s] -- Up-to-date: /home/robu/work/robu_hoeran19_ws/install/robu_interfaces/include/robu_interfaces/robu_interfaces
[5.009s] -- Up-to-date: /home/robu/work/robu_hoeran19_ws/install/robu_interfaces/include/robu_interfaces/robu_interfaces/action
[5.009s] -- Up-to-date: /home/robu/work/robu_hoeran19_ws/install/robu_interfaces/include/robu_interfaces/robu_interfaces/action/detail
[5.010s] -- Up-to-date: /home/robu/work/robu_hoeran19_ws/install/robu_interfaces/include/robu_interfaces/robu_interfaces/action/detail/fibonacci__struct.hpp
[5.010s] -- Up-to-date: /home/robu/work/robu_hoeran19_ws/install/robu_interfaces/include/robu_interfaces/robu_interfaces/action/detail/fibonacci__builder.hpp
[5.010s] -- Up-to-date: /home/robu/work/robu_hoeran19_ws/install/robu_interfaces/include/robu_interfaces/robu_interfaces/action/detail/fibonacci__traits.hpp
[5.011s] -- Up-to-date: /home/robu/work/robu_hoeran19_ws/install/robu_interfaces/include/robu_interfaces/robu_interfaces/action/fibonacci.hpp
[5.011s] -- Up-to-date: /home/robu/work/robu_hoeran19_ws/install/robu_interfaces/include/robu_interfaces/robu_interfaces
[5.012s] -- Up-to-date: /home/robu/work/robu_hoeran19_ws/install/robu_interfaces/include/robu_interfaces/robu_interfaces/action
[5.012s] -- Up-to-date: /home/robu/work/robu_hoeran19_ws/install/robu_interfaces/include/robu_interfaces/robu_interfaces/action/detail
[5.013s] -- Up-to-date: /home/robu/work/robu_hoeran19_ws/install/robu_interfaces/include/robu_interfaces/robu_interfaces/action/detail/dds_fastrtps
[5.013s] -- Up-to-date: /home/robu/work/robu_hoeran19_ws/install/robu_interfaces/include/robu_interfaces/robu_interfaces/action/detail/fibonacci__rosidl_typesupport_fastrtps_cpp.hpp
[5.014s] -- Up-to-date: /home/robu/work/robu_hoeran19_ws/install/robu_interfaces/include/robu_interfaces/robu_interfaces/msg
[5.015s] -- Up-to-date: /home/robu/work/robu_hoeran19_ws/install/robu_interfaces/include/robu_interfaces/robu_interfaces/msg/rosidl_typesupport_fastrtps_cpp__visibility_control.h
[5.015s] -- Up-to-date: /home/robu/work/robu_hoeran19_ws/install/robu_interfaces/lib/librobu_interfaces__rosidl_typesupport_fastrtps_cpp.so
[5.016s] -- Up-to-date: /home/robu/work/robu_hoeran19_ws/install/robu_interfaces/include/robu_interfaces/robu_interfaces
[5.017s] -- Up-to-date: /home/robu/work/robu_hoeran19_ws/install/robu_interfaces/include/robu_interfaces/robu_interfaces/action
[5.019s] -- Up-to-date: /home/robu/work/robu_hoeran19_ws/install/robu_interfaces/include/robu_interfaces/robu_interfaces/action/detail
[5.019s] -- Up-to-date: /home/robu/work/robu_hoeran19_ws/install/robu_interfaces/include/robu_interfaces/robu_interfaces/action/detail/fibonacci__rosidl_typesupport_introspection_cpp.hpp
[5.019s] -- Up-to-date: /home/robu/work/robu_hoeran19_ws/install/robu_interfaces/include/robu_interfaces/robu_interfaces/action/detail/fibonacci__type_support.cpp
[5.019s] -- Up-to-date: /home/robu/work/robu_hoeran19_ws/install/robu_interfaces/lib/librobu_interfaces__rosidl_typesupport_introspection_cpp.so
[5.021s] -- Up-to-date: /home/robu/work/robu_hoeran19_ws/install/robu_interfaces/lib/librobu_interfaces__rosidl_typesupport_cpp.so
[5.022s] -- Up-to-date: /home/robu/work/robu_hoeran19_ws/install/robu_interfaces/share/robu_interfaces/environment/pythonpath.sh
[5.022s] -- Up-to-date: /home/robu/work/robu_hoeran19_ws/install/robu_interfaces/share/robu_interfaces/environment/pythonpath.dsv
[5.023s] -- Up-to-date: /home/robu/work/robu_hoeran19_ws/install/robu_interfaces/local/lib/python3.10/dist-packages/robu_interfaces-0.0.0-py3.10.egg-info
[5.023s] -- Installing: /home/robu/work/robu_hoeran19_ws/install/robu_interfaces/local/lib/python3.10/dist-packages/robu_interfaces-0.0.0-py3.10.egg-info/top_level.txt
[5.024s] -- Installing: /home/robu/work/robu_hoeran19_ws/install/robu_interfaces/local/lib/python3.10/dist-packages/robu_interfaces-0.0.0-py3.10.egg-info/dependency_links.txt
[5.025s] -- Installing: /home/robu/work/robu_hoeran19_ws/install/robu_interfaces/local/lib/python3.10/dist-packages/robu_interfaces-0.0.0-py3.10.egg-info/PKG-INFO
[5.026s] -- Installing: /home/robu/work/robu_hoeran19_ws/install/robu_interfaces/local/lib/python3.10/dist-packages/robu_interfaces-0.0.0-py3.10.egg-info/SOURCES.txt
[5.027s] -- Up-to-date: /home/robu/work/robu_hoeran19_ws/install/robu_interfaces/local/lib/python3.10/dist-packages/robu_interfaces
[5.027s] -- Up-to-date: /home/robu/work/robu_hoeran19_ws/install/robu_interfaces/local/lib/python3.10/dist-packages/robu_interfaces/action
[5.028s] -- Up-to-date: /home/robu/work/robu_hoeran19_ws/install/robu_interfaces/local/lib/python3.10/dist-packages/robu_interfaces/action/_fibonacci_s.c
[5.028s] -- Up-to-date: /home/robu/work/robu_hoeran19_ws/install/robu_interfaces/local/lib/python3.10/dist-packages/robu_interfaces/action/_fibonacci.py
[5.028s] -- Up-to-date: /home/robu/work/robu_hoeran19_ws/install/robu_interfaces/local/lib/python3.10/dist-packages/robu_interfaces/action/__init__.py
[5.029s] -- Up-to-date: /home/robu/work/robu_hoeran19_ws/install/robu_interfaces/local/lib/python3.10/dist-packages/robu_interfaces/_robu_interfaces_s.ep.rosidl_typesupport_introspection_c.c
[5.029s] -- Up-to-date: /home/robu/work/robu_hoeran19_ws/install/robu_interfaces/local/lib/python3.10/dist-packages/robu_interfaces/robu_interfaces_s__rosidl_typesupport_fastrtps_c.cpython-310-x86_64-linux-gnu.so
[5.030s] -- Up-to-date: /home/robu/work/robu_hoeran19_ws/install/robu_interfaces/local/lib/python3.10/dist-packages/robu_interfaces/robu_interfaces_s__rosidl_typesupport_c.cpython-310-x86_64-linux-gnu.so
[5.030s] -- Up-to-date: /home/robu/work/robu_hoeran19_ws/install/robu_interfaces/local/lib/python3.10/dist-packages/robu_interfaces/_robu_interfaces_s.ep.rosidl_typesupport_c.c
[5.030s] -- Up-to-date: /home/robu/work/robu_hoeran19_ws/install/robu_interfaces/local/lib/python3.10/dist-packages/robu_interfaces/librobu_interfaces__rosidl_generator_py.so
[5.031s] -- Up-to-date: /home/robu/work/robu_hoeran19_ws/install/robu_interfaces/local/lib/python3.10/dist-packages/robu_interfaces/robu_interfaces_s__rosidl_typesupport_introspection_c.cpython-310-x86_64-linux-gnu.so
[5.032s] -- Up-to-date: /home/robu/work/robu_hoeran19_ws/install/robu_interfaces/local/lib/python3.10/dist-packages/robu_interfaces/__init__.py
[5.032s] -- Up-to-date: /home/robu/work/robu_hoeran19_ws/install/robu_interfaces/local/lib/python3.10/dist-packages/robu_interfaces/_robu_interfaces_s.ep.rosidl_typesupport_fastrtps_c.c
[5.135s] Listing '/home/robu/work/robu_hoeran19_ws/install/robu_interfaces/local/lib/python3.10/dist-packages/robu_interfaces'...
[5.135s] Listing '/home/robu/work/robu_hoeran19_ws/install/robu_interfaces/local/lib/python3.10/dist-packages/robu_interfaces/action'...
[5.150s] -- Up-to-date: /home/robu/work/robu_hoeran19_ws/install/robu_interfaces/local/lib/python3.10/dist-packages/robu_interfaces/robu_interfaces_s__rosidl_typesupport_fastrtps_c.cpython-310-x86_64-linux-gnu.so
[5.150s] -- Up-to-date: /home/robu/work/robu_hoeran19_ws/install/robu_interfaces/local/lib/python3.10/dist-packages/robu_interfaces/robu_interfaces_s__rosidl_typesupport_introspection_c.cpython-310-x86_64-linux-gnu.so
[5.152s] -- Up-to-date: /home/robu/work/robu_hoeran19_ws/install/robu_interfaces/local/lib/python3.10/dist-packages/robu_interfaces/robu_interfaces_s__rosidl_typesupport_c.cpython-310-x86_64-linux-gnu.so
[5.155s] -- Up-to-date: /home/robu/work/robu_hoeran19_ws/install/robu_interfaces/lib/librobu_interfaces__rosidl_generator_py.so
[5.155s] -- Up-to-date: /home/robu/work/robu_hoeran19_ws/install/robu_interfaces/share/robu_interfaces/action/Fibonacci.idl
[5.156s] -- Up-to-date: /home/robu/work/robu_hoeran19_ws/install/robu_interfaces/share/robu_interfaces/action/Fibonacci.action
[5.156s] -- Up-to-date: /home/robu/work/robu_hoeran19_ws/install/robu_interfaces/share/ament_index/resource_index/package_run_dependencies/robu_interfaces
[5.157s] -- Up-to-date: /home/robu/work/robu_hoeran19_ws/install/robu_interfaces/share/ament_index/resource_index/parent_prefix_path/robu_interfaces
[5.157s] -- Up-to-date: /home/robu/work/robu_hoeran19_ws/install/robu_interfaces/share/robu_interfaces/environment/ament_prefix_path.sh
[5.158s] -- Up-to-date: /home/robu/work/robu_hoeran19_ws/install/robu_interfaces/share/robu_interfaces/environment/ament_prefix_path.dsv
[5.158s] -- Up-to-date: /home/robu/work/robu_hoeran19_ws/install/robu_interfaces/share/robu_interfaces/environment/path.sh
[5.159s] -- Up-to-date: /home/robu/work/robu_hoeran19_ws/install/robu_interfaces/share/robu_interfaces/environment/path.dsv
[5.159s] -- Up-to-date: /home/robu/work/robu_hoeran19_ws/install/robu_interfaces/share/robu_interfaces/local_setup.bash
[5.160s] -- Up-to-date: /home/robu/work/robu_hoeran19_ws/install/robu_interfaces/share/robu_interfaces/local_setup.sh
[5.160s] -- Up-to-date: /home/robu/work/robu_hoeran19_ws/install/robu_interfaces/share/robu_interfaces/local_setup.zsh
[5.161s] -- Up-to-date: /home/robu/work/robu_hoeran19_ws/install/robu_interfaces/share/robu_interfaces/local_setup.dsv
[5.161s] -- Installing: /home/robu/work/robu_hoeran19_ws/install/robu_interfaces/share/robu_interfaces/package.dsv
[5.162s] -- Up-to-date: /home/robu/work/robu_hoeran19_ws/install/robu_interfaces/share/ament_index/resource_index/packages/robu_interfaces
[5.163s] -- Up-to-date: /home/robu/work/robu_hoeran19_ws/install/robu_interfaces/share/robu_interfaces/cmake/export_robu_interfaces__rosidl_generator_cExport.cmake
[5.163s] -- Up-to-date: /home/robu/work/robu_hoeran19_ws/install/robu_interfaces/share/robu_interfaces/cmake/export_robu_interfaces__rosidl_generator_cExport-noconfig.cmake
[5.164s] -- Up-to-date: /home/robu/work/robu_hoeran19_ws/install/robu_interfaces/share/robu_interfaces/cmake/export_robu_interfaces__rosidl_typesupport_fastrtps_cExport.cmake
[5.164s] -- Up-to-date: /home/robu/work/robu_hoeran19_ws/install/robu_interfaces/share/robu_interfaces/cmake/export_robu_interfaces__rosidl_typesupport_fastrtps_cExport-noconfig.cmake
[5.165s] -- Up-to-date: /home/robu/work/robu_hoeran19_ws/install/robu_interfaces/share/robu_interfaces/cmake/robu_interfaces__rosidl_typesupport_introspection_cExport.cmake
[5.165s] -- Up-to-date: /home/robu/work/robu_hoeran19_ws/install/robu_interfaces/share/robu_interfaces/cmake/robu_interfaces__rosidl_typesupport_introspection_cExport-noconfig.cmake
[5.166s] -- Up-to-date: /home/robu/work/robu_hoeran19_ws/install/robu_interfaces/share/robu_interfaces/cmake/robu_interfaces__rosidl_typesupport_cExport.cmake
[5.166s] -- Up-to-date: /home/robu/work/robu_hoeran19_ws/install/robu_interfaces/share/robu_interfaces/cmake/robu_interfaces__rosidl_typesupport_cExport-noconfig.cmake
[5.167s] -- Up-to-date: /home/robu/work/robu_hoeran19_ws/install/robu_interfaces/share/robu_interfaces/cmake/export_robu_interfaces__rosidl_generator_cppExport.cmake
[5.168s] -- Up-to-date: /home/robu/work/robu_hoeran19_ws/install/robu_interfaces/share/robu_interfaces/cmake/export_robu_interfaces__rosidl_typesupport_fastrtps_cppExport.cmake
[5.168s] -- Up-to-date: /home/robu/work/robu_hoeran19_ws/install/robu_interfaces/share/robu_interfaces/cmake/export_robu_interfaces__rosidl_typesupport_fastrtps_cppExport-noconfig.cmake
[5.169s] -- Up-to-date: /home/robu/work/robu_hoeran19_ws/install/robu_interfaces/share/robu_interfaces/cmake/robu_interfaces__rosidl_typesupport_introspection_cppExport.cmake
[5.169s] -- Up-to-date: /home/robu/work/robu_hoeran19_ws/install/robu_interfaces/share/robu_interfaces/cmake/robu_interfaces__rosidl_typesupport_introspection_cppExport-noconfig.cmake
[5.170s] -- Up-to-date: /home/robu/work/robu_hoeran19_ws/install/robu_interfaces/share/robu_interfaces/cmake/robu_interfaces__rosidl_typesupport_cppExport.cmake
[5.171s] -- Up-to-date: /home/robu/work/robu_hoeran19_ws/install/robu_interfaces/share/robu_interfaces/cmake/robu_interfaces__rosidl_typesupport_cppExport-noconfig.cmake
[5.172s] -- Up-to-date: /home/robu/work/robu_hoeran19_ws/install/robu_interfaces/share/robu_interfaces/cmake/export_robu_interfaces__rosidl_generator_pyExport.cmake
[5.173s] -- Up-to-date: /home/robu/work/robu_hoeran19_ws/install/robu_interfaces/share/robu_interfaces/cmake/export_robu_interfaces__rosidl_generator_pyExport-noconfig.cmake
[5.173s] -- Up-to-date: /home/robu/work/robu_hoeran19_ws/install/robu_interfaces/share/robu_interfaces/cmake/rosidl_cmake-extras.cmake
[5.174s] -- Up-to-date: /home/robu/work/robu_hoeran19_ws/install/robu_interfaces/share/robu_interfaces/cmake/ament_cmake_export_dependencies-extras.cmake
[5.175s] -- Up-to-date: /home/robu/work/robu_hoeran19_ws/install/robu_interfaces/share/robu_interfaces/cmake/ament_cmake_export_include_directories-extras.cmake
[5.175s] -- Up-to-date: /home/robu/work/robu_hoeran19_ws/install/robu_interfaces/share/robu_interfaces/cmake/ament_cmake_export_libraries-extras.cmake
[5.176s] -- Up-to-date: /home/robu/work/robu_hoeran19_ws/install/robu_interfaces/share/robu_interfaces/cmake/ament_cmake_export_targets-extras.cmake
[5.177s] -- Up-to-date: /home/robu/work/robu_hoeran19_ws/install/robu_interfaces/share/robu_interfaces/cmake/rosidl_cmake_export_typesupport_targets-extras.cmake
[5.177s] -- Up-to-date: /home/robu/work/robu_hoeran19_ws/install/robu_interfaces/share/robu_interfaces/cmake/rosidl_cmake_export_typesupport_libraries-extras.cmake
[5.178s] -- Up-to-date: /home/robu/work/robu_hoeran19_ws/install/robu_interfaces/share/robu_interfaces/cmake/robu_interfacesConfig.cmake
[5.181s] -- Up-to-date: /home/robu/work/robu_hoeran19_ws/install/robu_interfaces/share/robu_interfaces/cmake/robu_interfacesConfig-version.cmake
[5.181s] -- Up-to-date: /home/robu/work/robu_hoeran19_ws/install/robu_interfaces/share/robu_interfaces/package.xml
[5.196s] Invoked command in '/home/robu/work/robu_hoeran19_ws/build/robu_interfaces' returned '0': CMAKE_PREFIX_PATH=${CMAKE_PREFIX_PATH}:/home/robu/work/robu_hoeran19_ws/install/robu:/home/robu/work/turtlebot3_ws/install/turtlebot3_teleop:/home/robu/work/turtlebot3_ws/install/turtlebot3_example:/opt/ros/humble /usr/bin/cmake --install /home/robu/work/robu_hoeran19_ws/build/robu_interfaces
