[1.566s] Invoking command in '/home/robu/work/robu_hoeran19_ws/src/robu': PYTHONPATH=/home/robu/work/robu_hoeran19_ws/build/robu/prefix_override:/home/robu/work/robu_hoeran19_ws/install/robu/lib/python3.10/site-packages:${PYTHONPATH} /usr/bin/python3 setup.py egg_info --egg-base ../../build/robu build --build-base /home/robu/work/robu_hoeran19_ws/build/robu/build install --record /home/robu/work/robu_hoeran19_ws/build/robu/install.log --single-version-externally-managed
[2.150s] running egg_info
[2.151s] writing ../../build/robu/robu.egg-info/PKG-INFO
[2.152s] writing dependency_links to ../../build/robu/robu.egg-info/dependency_links.txt
[2.153s] writing entry points to ../../build/robu/robu.egg-info/entry_points.txt
[2.153s] writing requirements to ../../build/robu/robu.egg-info/requires.txt
[2.153s] writing top-level names to ../../build/robu/robu.egg-info/top_level.txt
[2.157s] reading manifest file '../../build/robu/robu.egg-info/SOURCES.txt'
[2.159s] writing manifest file '../../build/robu/robu.egg-info/SOURCES.txt'
[2.159s] running build
[2.159s] running build_py
[2.160s] running install
[2.161s] running install_lib
[2.163s] running install_data
[2.164s] copying launch/ex14_navigation_launch.py -> /home/robu/work/robu_hoeran19_ws/install/robu/share/robu
[2.164s] running install_egg_info
[2.167s] removing '/home/robu/work/robu_hoeran19_ws/install/robu/lib/python3.10/site-packages/robu-0.0.0-py3.10.egg-info' (and everything under it)
[2.168s] Copying ../../build/robu/robu.egg-info to /home/robu/work/robu_hoeran19_ws/install/robu/lib/python3.10/site-packages/robu-0.0.0-py3.10.egg-info
[2.169s] running install_scripts
[2.203s] Installing fibonacci_client script to /home/robu/work/robu_hoeran19_ws/install/robu/lib/robu
[2.203s] Installing fibonacci_server script to /home/robu/work/robu_hoeran19_ws/install/robu/lib/robu
[2.204s] Installing myparameter script to /home/robu/work/robu_hoeran19_ws/install/robu/lib/robu
[2.205s] Installing mypublisher script to /home/robu/work/robu_hoeran19_ws/install/robu/lib/robu
[2.205s] Installing mysubscriber script to /home/robu/work/robu_hoeran19_ws/install/robu/lib/robu
[2.206s] Installing navigation script to /home/robu/work/robu_hoeran19_ws/install/robu/lib/robu
[2.207s] Installing testparameter script to /home/robu/work/robu_hoeran19_ws/install/robu/lib/robu
[2.207s] Installing testparameter_get script to /home/robu/work/robu_hoeran19_ws/install/robu/lib/robu
[2.208s] Installing wallfollower script to /home/robu/work/robu_hoeran19_ws/install/robu/lib/robu
[2.209s] writing list of installed files to '/home/robu/work/robu_hoeran19_ws/build/robu/install.log'
[2.271s] Invoked command in '/home/robu/work/robu_hoeran19_ws/src/robu' returned '0': PYTHONPATH=/home/robu/work/robu_hoeran19_ws/build/robu/prefix_override:/home/robu/work/robu_hoeran19_ws/install/robu/lib/python3.10/site-packages:${PYTHONPATH} /usr/bin/python3 setup.py egg_info --egg-base ../../build/robu build --build-base /home/robu/work/robu_hoeran19_ws/build/robu/build install --record /home/robu/work/robu_hoeran19_ws/build/robu/install.log --single-version-externally-managed
