[1.944s] Invoking command in '/home/robu/work/robu_hoeran19_ws/src/robu': PYTHONPATH=/home/robu/work/robu_hoeran19_ws/build/robu/prefix_override:/home/robu/work/robu_hoeran19_ws/install/robu/lib/python3.10/site-packages:${PYTHONPATH} /usr/bin/python3 setup.py egg_info --egg-base ../../build/robu build --build-base /home/robu/work/robu_hoeran19_ws/build/robu/build install --record /home/robu/work/robu_hoeran19_ws/build/robu/install.log --single-version-externally-managed
[2.719s] running egg_info
[2.722s] writing ../../build/robu/robu.egg-info/PKG-INFO
[2.725s] writing dependency_links to ../../build/robu/robu.egg-info/dependency_links.txt
[2.726s] writing entry points to ../../build/robu/robu.egg-info/entry_points.txt
[2.727s] writing requirements to ../../build/robu/robu.egg-info/requires.txt
[2.728s] writing top-level names to ../../build/robu/robu.egg-info/top_level.txt
[2.734s] reading manifest file '../../build/robu/robu.egg-info/SOURCES.txt'
[2.744s] writing manifest file '../../build/robu/robu.egg-info/SOURCES.txt'
[2.745s] running build
[2.745s] running build_py
[2.755s] running install
[2.757s] running install_lib
[2.764s] running install_data
[2.766s] running install_egg_info
[2.772s] removing '/home/robu/work/robu_hoeran19_ws/install/robu/lib/python3.10/site-packages/robu-0.0.0-py3.10.egg-info' (and everything under it)
[2.783s] Copying ../../build/robu/robu.egg-info to /home/robu/work/robu_hoeran19_ws/install/robu/lib/python3.10/site-packages/robu-0.0.0-py3.10.egg-info
[2.794s] running install_scripts
[2.856s] Installing fibonacci_server script to /home/robu/work/robu_hoeran19_ws/install/robu/lib/robu
[2.858s] Installing myparameter script to /home/robu/work/robu_hoeran19_ws/install/robu/lib/robu
[2.860s] Installing mypublisher script to /home/robu/work/robu_hoeran19_ws/install/robu/lib/robu
[2.862s] Installing mysubscriber script to /home/robu/work/robu_hoeran19_ws/install/robu/lib/robu
[2.862s] Installing testparameter script to /home/robu/work/robu_hoeran19_ws/install/robu/lib/robu
[2.862s] Installing testparameter_get script to /home/robu/work/robu_hoeran19_ws/install/robu/lib/robu
[2.863s] Installing wallfollower script to /home/robu/work/robu_hoeran19_ws/install/robu/lib/robu
[2.866s] writing list of installed files to '/home/robu/work/robu_hoeran19_ws/build/robu/install.log'
[2.919s] Invoked command in '/home/robu/work/robu_hoeran19_ws/src/robu' returned '0': PYTHONPATH=/home/robu/work/robu_hoeran19_ws/build/robu/prefix_override:/home/robu/work/robu_hoeran19_ws/install/robu/lib/python3.10/site-packages:${PYTHONPATH} /usr/bin/python3 setup.py egg_info --egg-base ../../build/robu build --build-base /home/robu/work/robu_hoeran19_ws/build/robu/build install --record /home/robu/work/robu_hoeran19_ws/build/robu/install.log --single-version-externally-managed
