[6.919s] Invoking command in '/home/robu/work/robu_hoeran19_ws/src/robu': PYTHONPATH=/home/robu/work/robu_hoeran19_ws/build/robu/prefix_override:/home/robu/work/robu_hoeran19_ws/install/robu/lib/python3.10/site-packages:${PYTHONPATH} /usr/bin/python3 setup.py egg_info --egg-base ../../build/robu build --build-base /home/robu/work/robu_hoeran19_ws/build/robu/build install --record /home/robu/work/robu_hoeran19_ws/build/robu/install.log --single-version-externally-managed
[10.691s] running egg_info
[10.726s] writing ../../build/robu/robu.egg-info/PKG-INFO
[10.726s] writing dependency_links to ../../build/robu/robu.egg-info/dependency_links.txt
[10.727s] writing entry points to ../../build/robu/robu.egg-info/entry_points.txt
[10.734s] writing requirements to ../../build/robu/robu.egg-info/requires.txt
[10.748s] writing top-level names to ../../build/robu/robu.egg-info/top_level.txt
[10.779s] reading manifest file '../../build/robu/robu.egg-info/SOURCES.txt'
[10.808s] writing manifest file '../../build/robu/robu.egg-info/SOURCES.txt'
[10.810s] running build
[10.811s] running build_py
[10.820s] running install
[10.837s] running install_lib
[10.856s] running install_data
[10.859s] copying launch/ex13_action_launch.py -> /home/robu/work/robu_hoeran19_ws/install/robu/share/robu
[10.869s] running install_egg_info
[10.899s] removing '/home/robu/work/robu_hoeran19_ws/install/robu/lib/python3.10/site-packages/robu-0.0.0-py3.10.egg-info' (and everything under it)
[10.922s] Copying ../../build/robu/robu.egg-info to /home/robu/work/robu_hoeran19_ws/install/robu/lib/python3.10/site-packages/robu-0.0.0-py3.10.egg-info
[10.956s] running install_scripts
[11.284s] Installing fibonacci_client script to /home/robu/work/robu_hoeran19_ws/install/robu/lib/robu
[11.286s] Installing fibonacci_server script to /home/robu/work/robu_hoeran19_ws/install/robu/lib/robu
[11.288s] Installing myparameter script to /home/robu/work/robu_hoeran19_ws/install/robu/lib/robu
[11.289s] Installing mypublisher script to /home/robu/work/robu_hoeran19_ws/install/robu/lib/robu
[11.298s] Installing mysubscriber script to /home/robu/work/robu_hoeran19_ws/install/robu/lib/robu
[11.320s] Installing testparameter script to /home/robu/work/robu_hoeran19_ws/install/robu/lib/robu
[11.322s] Installing testparameter_get script to /home/robu/work/robu_hoeran19_ws/install/robu/lib/robu
[11.324s] Installing wallfollower script to /home/robu/work/robu_hoeran19_ws/install/robu/lib/robu
[11.332s] writing list of installed files to '/home/robu/work/robu_hoeran19_ws/build/robu/install.log'
[11.619s] Invoked command in '/home/robu/work/robu_hoeran19_ws/src/robu' returned '0': PYTHONPATH=/home/robu/work/robu_hoeran19_ws/build/robu/prefix_override:/home/robu/work/robu_hoeran19_ws/install/robu/lib/python3.10/site-packages:${PYTHONPATH} /usr/bin/python3 setup.py egg_info --egg-base ../../build/robu build --build-base /home/robu/work/robu_hoeran19_ws/build/robu/build install --record /home/robu/work/robu_hoeran19_ws/build/robu/install.log --single-version-externally-managed
