[0.701s] Invoking command in '/home/robu/work/robu_hoeran19_ws/src/robu': PYTHONPATH=/home/robu/work/robu_hoeran19_ws/build/robu/prefix_override:/home/robu/work/robu_hoeran19_ws/install/robu/lib/python3.10/site-packages:${PYTHONPATH} /usr/bin/python3 setup.py egg_info --egg-base ../../build/robu build --build-base /home/robu/work/robu_hoeran19_ws/build/robu/build install --record /home/robu/work/robu_hoeran19_ws/build/robu/install.log --single-version-externally-managed
[0.970s] running egg_info
[0.971s] writing ../../build/robu/robu.egg-info/PKG-INFO
[0.972s] writing dependency_links to ../../build/robu/robu.egg-info/dependency_links.txt
[0.972s] writing entry points to ../../build/robu/robu.egg-info/entry_points.txt
[0.973s] writing requirements to ../../build/robu/robu.egg-info/requires.txt
[0.973s] writing top-level names to ../../build/robu/robu.egg-info/top_level.txt
[0.976s] reading manifest file '../../build/robu/robu.egg-info/SOURCES.txt'
[0.977s] writing manifest file '../../build/robu/robu.egg-info/SOURCES.txt'
[0.977s] running build
[0.977s] running build_py
[0.978s] copying robu/test_parameter.py -> /home/robu/work/robu_hoeran19_ws/build/robu/build/lib/robu
[0.979s] running install
[0.979s] running install_lib
[0.980s] copying /home/robu/work/robu_hoeran19_ws/build/robu/build/lib/robu/test_parameter.py -> /home/robu/work/robu_hoeran19_ws/install/robu/lib/python3.10/site-packages/robu
[0.981s] byte-compiling /home/robu/work/robu_hoeran19_ws/install/robu/lib/python3.10/site-packages/robu/test_parameter.py to test_parameter.cpython-310.pyc
[0.982s] running install_data
[0.983s] running install_egg_info
[0.985s] removing '/home/robu/work/robu_hoeran19_ws/install/robu/lib/python3.10/site-packages/robu-0.0.0-py3.10.egg-info' (and everything under it)
[0.986s] Copying ../../build/robu/robu.egg-info to /home/robu/work/robu_hoeran19_ws/install/robu/lib/python3.10/site-packages/robu-0.0.0-py3.10.egg-info
[0.987s] running install_scripts
[1.007s] Installing myparameter script to /home/robu/work/robu_hoeran19_ws/install/robu/lib/robu
[1.008s] Installing mypublisher script to /home/robu/work/robu_hoeran19_ws/install/robu/lib/robu
[1.008s] Installing mysubscriber script to /home/robu/work/robu_hoeran19_ws/install/robu/lib/robu
[1.008s] Installing testparameter script to /home/robu/work/robu_hoeran19_ws/install/robu/lib/robu
[1.009s] Installing wallfollower script to /home/robu/work/robu_hoeran19_ws/install/robu/lib/robu
[1.010s] writing list of installed files to '/home/robu/work/robu_hoeran19_ws/build/robu/install.log'
[1.037s] Invoked command in '/home/robu/work/robu_hoeran19_ws/src/robu' returned '0': PYTHONPATH=/home/robu/work/robu_hoeran19_ws/build/robu/prefix_override:/home/robu/work/robu_hoeran19_ws/install/robu/lib/python3.10/site-packages:${PYTHONPATH} /usr/bin/python3 setup.py egg_info --egg-base ../../build/robu build --build-base /home/robu/work/robu_hoeran19_ws/build/robu/build install --record /home/robu/work/robu_hoeran19_ws/build/robu/install.log --single-version-externally-managed
