[1.923s] Invoking command in '/home/robu/work/robu_hoeran19_ws/src/robu': PYTHONPATH=/home/robu/work/robu_hoeran19_ws/build/robu/prefix_override:/home/robu/work/robu_hoeran19_ws/install/robu/lib/python3.10/site-packages:${PYTHONPATH} /usr/bin/python3 setup.py egg_info --egg-base ../../build/robu build --build-base /home/robu/work/robu_hoeran19_ws/build/robu/build install --record /home/robu/work/robu_hoeran19_ws/build/robu/install.log --single-version-externally-managed
[2.572s] running egg_info
[2.573s] writing ../../build/robu/robu.egg-info/PKG-INFO
[2.576s] writing dependency_links to ../../build/robu/robu.egg-info/dependency_links.txt
[2.576s] writing entry points to ../../build/robu/robu.egg-info/entry_points.txt
[2.576s] writing requirements to ../../build/robu/robu.egg-info/requires.txt
[2.577s] writing top-level names to ../../build/robu/robu.egg-info/top_level.txt
[2.579s] reading manifest file '../../build/robu/robu.egg-info/SOURCES.txt'
[2.582s] writing manifest file '../../build/robu/robu.egg-info/SOURCES.txt'
[2.582s] running build
[2.582s] running build_py
[2.583s] running install
[2.584s] running install_lib
[2.587s] running install_data
[2.589s] running install_egg_info
[2.592s] removing '/home/robu/work/robu_hoeran19_ws/install/robu/lib/python3.10/site-packages/robu-0.0.0-py3.10.egg-info' (and everything under it)
[2.593s] Copying ../../build/robu/robu.egg-info to /home/robu/work/robu_hoeran19_ws/install/robu/lib/python3.10/site-packages/robu-0.0.0-py3.10.egg-info
[2.595s] running install_scripts
[2.635s] Installing fibonacci_client script to /home/robu/work/robu_hoeran19_ws/install/robu/lib/robu
[2.636s] Installing fibonacci_server script to /home/robu/work/robu_hoeran19_ws/install/robu/lib/robu
[2.636s] Installing myparameter script to /home/robu/work/robu_hoeran19_ws/install/robu/lib/robu
[2.636s] Installing mypublisher script to /home/robu/work/robu_hoeran19_ws/install/robu/lib/robu
[2.637s] Installing mysubscriber script to /home/robu/work/robu_hoeran19_ws/install/robu/lib/robu
[2.638s] Installing navigation script to /home/robu/work/robu_hoeran19_ws/install/robu/lib/robu
[2.638s] Installing testparameter script to /home/robu/work/robu_hoeran19_ws/install/robu/lib/robu
[2.638s] Installing testparameter_get script to /home/robu/work/robu_hoeran19_ws/install/robu/lib/robu
[2.639s] Installing wallfollower script to /home/robu/work/robu_hoeran19_ws/install/robu/lib/robu
[2.644s] writing list of installed files to '/home/robu/work/robu_hoeran19_ws/build/robu/install.log'
[2.851s] Invoked command in '/home/robu/work/robu_hoeran19_ws/src/robu' returned '0': PYTHONPATH=/home/robu/work/robu_hoeran19_ws/build/robu/prefix_override:/home/robu/work/robu_hoeran19_ws/install/robu/lib/python3.10/site-packages:${PYTHONPATH} /usr/bin/python3 setup.py egg_info --egg-base ../../build/robu build --build-base /home/robu/work/robu_hoeran19_ws/build/robu/build install --record /home/robu/work/robu_hoeran19_ws/build/robu/install.log --single-version-externally-managed
