[0.908s] Invoking command in '/home/robu/work/robu_hoeran19_ws/build/robu_interfaces': CMAKE_PREFIX_PATH=${CMAKE_PREFIX_PATH}:/home/robu/work/robu_hoeran19_ws/install/robu:/home/robu/work/turtlebot3_ws/install/turtlebot3_teleop:/home/robu/work/turtlebot3_ws/install/turtlebot3_example:/opt/ros/humble /usr/bin/cmake --build /home/robu/work/robu_hoeran19_ws/build/robu_interfaces -- -j2 -l2
[1.286s] [  3%] Built target robu_interfaces__cpp
[1.325s] [ 12%] Built target robu_interfaces__rosidl_generator_c
[1.473s] [ 22%] Built target robu_interfaces__rosidl_typesupport_cpp
[1.612s] [ 22%] Built target ament_cmake_python_copy_robu_interfaces
[1.654s] [ 32%] Built target robu_interfaces__rosidl_typesupport_fastrtps_c
[1.856s] [ 41%] Built target robu_interfaces__rosidl_typesupport_introspection_c
[1.889s] [ 51%] Built target robu_interfaces__rosidl_typesupport_c
[2.026s] [ 61%] Built target robu_interfaces__rosidl_typesupport_fastrtps_cpp
[2.085s] [ 70%] Built target robu_interfaces__rosidl_typesupport_introspection_cpp
[2.286s] [ 70%] Built target robu_interfaces
[2.522s] [ 74%] Built target robu_interfaces__py
[2.705s] [ 80%] Built target robu_interfaces__rosidl_generator_py
[2.952s] [ 87%] Built target robu_interfaces__rosidl_typesupport_fastrtps_c__pyext
[3.237s] [ 93%] Built target robu_interfaces__rosidl_typesupport_introspection_c__pyext
[3.553s] [100%] Built target robu_interfaces__rosidl_typesupport_c__pyext
[3.614s] running egg_info
[3.623s] writing robu_interfaces.egg-info/PKG-INFO
[3.623s] writing dependency_links to robu_interfaces.egg-info/dependency_links.txt
[3.624s] writing top-level names to robu_interfaces.egg-info/top_level.txt
[3.636s] reading manifest file 'robu_interfaces.egg-info/SOURCES.txt'
[3.640s] writing manifest file 'robu_interfaces.egg-info/SOURCES.txt'
[3.729s] [100%] Built target ament_cmake_python_build_robu_interfaces_egg
[3.778s] Invoked command in '/home/robu/work/robu_hoeran19_ws/build/robu_interfaces' returned '0': CMAKE_PREFIX_PATH=${CMAKE_PREFIX_PATH}:/home/robu/work/robu_hoeran19_ws/install/robu:/home/robu/work/turtlebot3_ws/install/turtlebot3_teleop:/home/robu/work/turtlebot3_ws/install/turtlebot3_example:/opt/ros/humble /usr/bin/cmake --build /home/robu/work/robu_hoeran19_ws/build/robu_interfaces -- -j2 -l2
[4.230s] Invoking command in '/home/robu/work/robu_hoeran19_ws/build/robu_interfaces': CMAKE_PREFIX_PATH=${CMAKE_PREFIX_PATH}:/home/robu/work/robu_hoeran19_ws/install/robu:/home/robu/work/turtlebot3_ws/install/turtlebot3_teleop:/home/robu/work/turtlebot3_ws/install/turtlebot3_example:/opt/ros/humble /usr/bin/cmake --install /home/robu/work/robu_hoeran19_ws/build/robu_interfaces
[4.265s] -- Install configuration: ""
[4.266s] -- Up-to-date: /home/robu/work/robu_hoeran19_ws/install/robu_interfaces/share/ament_index/resource_index/rosidl_interfaces/robu_interfaces
[4.270s] -- Up-to-date: /home/robu/work/robu_hoeran19_ws/install/robu_interfaces/include/robu_interfaces/robu_interfaces
[4.271s] -- Up-to-date: /home/robu/work/robu_hoeran19_ws/install/robu_interfaces/include/robu_interfaces/robu_interfaces/action
[4.271s] -- Up-to-date: /home/robu/work/robu_hoeran19_ws/install/robu_interfaces/include/robu_interfaces/robu_interfaces/action/detail
[4.271s] -- Up-to-date: /home/robu/work/robu_hoeran19_ws/install/robu_interfaces/include/robu_interfaces/robu_interfaces/action/detail/fibonacci__functions.c
[4.272s] -- Up-to-date: /home/robu/work/robu_hoeran19_ws/install/robu_interfaces/include/robu_interfaces/robu_interfaces/action/detail/fibonacci__struct.h
[4.272s] -- Up-to-date: /home/robu/work/robu_hoeran19_ws/install/robu_interfaces/include/robu_interfaces/robu_interfaces/action/detail/fibonacci__type_support.h
[4.274s] -- Up-to-date: /home/robu/work/robu_hoeran19_ws/install/robu_interfaces/include/robu_interfaces/robu_interfaces/action/detail/fibonacci__functions.h
[4.274s] -- Up-to-date: /home/robu/work/robu_hoeran19_ws/install/robu_interfaces/include/robu_interfaces/robu_interfaces/action/fibonacci.h
[4.275s] -- Up-to-date: /home/robu/work/robu_hoeran19_ws/install/robu_interfaces/include/robu_interfaces/robu_interfaces/msg
[4.275s] -- Up-to-date: /home/robu/work/robu_hoeran19_ws/install/robu_interfaces/include/robu_interfaces/robu_interfaces/msg/rosidl_generator_c__visibility_control.h
[4.275s] -- Up-to-date: /home/robu/work/robu_hoeran19_ws/install/robu_interfaces/share/robu_interfaces/environment/library_path.sh
[4.275s] -- Up-to-date: /home/robu/work/robu_hoeran19_ws/install/robu_interfaces/share/robu_interfaces/environment/library_path.dsv
[4.283s] -- Up-to-date: /home/robu/work/robu_hoeran19_ws/install/robu_interfaces/lib/librobu_interfaces__rosidl_generator_c.so
[4.284s] -- Up-to-date: /home/robu/work/robu_hoeran19_ws/install/robu_interfaces/include/robu_interfaces/robu_interfaces
[4.284s] -- Up-to-date: /home/robu/work/robu_hoeran19_ws/install/robu_interfaces/include/robu_interfaces/robu_interfaces/action
[4.292s] -- Up-to-date: /home/robu/work/robu_hoeran19_ws/install/robu_interfaces/include/robu_interfaces/robu_interfaces/action/detail
[4.301s] -- Up-to-date: /home/robu/work/robu_hoeran19_ws/install/robu_interfaces/include/robu_interfaces/robu_interfaces/action/detail/fibonacci__rosidl_typesupport_fastrtps_c.h
[4.301s] -- Up-to-date: /home/robu/work/robu_hoeran19_ws/install/robu_interfaces/include/robu_interfaces/robu_interfaces/msg
[4.301s] -- Up-to-date: /home/robu/work/robu_hoeran19_ws/install/robu_interfaces/include/robu_interfaces/robu_interfaces/msg/rosidl_typesupport_fastrtps_c__visibility_control.h
[4.301s] -- Up-to-date: /home/robu/work/robu_hoeran19_ws/install/robu_interfaces/lib/librobu_interfaces__rosidl_typesupport_fastrtps_c.so
[4.301s] -- Up-to-date: /home/robu/work/robu_hoeran19_ws/install/robu_interfaces/include/robu_interfaces/robu_interfaces
[4.302s] -- Up-to-date: /home/robu/work/robu_hoeran19_ws/install/robu_interfaces/include/robu_interfaces/robu_interfaces/action
[4.302s] -- Up-to-date: /home/robu/work/robu_hoeran19_ws/install/robu_interfaces/include/robu_interfaces/robu_interfaces/action/detail
[4.302s] -- Up-to-date: /home/robu/work/robu_hoeran19_ws/install/robu_interfaces/include/robu_interfaces/robu_interfaces/action/detail/fibonacci__type_support.c
[4.302s] -- Up-to-date: /home/robu/work/robu_hoeran19_ws/install/robu_interfaces/include/robu_interfaces/robu_interfaces/action/detail/fibonacci__rosidl_typesupport_introspection_c.h
[4.302s] -- Up-to-date: /home/robu/work/robu_hoeran19_ws/install/robu_interfaces/include/robu_interfaces/robu_interfaces/msg
[4.302s] -- Up-to-date: /home/robu/work/robu_hoeran19_ws/install/robu_interfaces/include/robu_interfaces/robu_interfaces/msg/rosidl_typesupport_introspection_c__visibility_control.h
[4.303s] -- Up-to-date: /home/robu/work/robu_hoeran19_ws/install/robu_interfaces/lib/librobu_interfaces__rosidl_typesupport_introspection_c.so
[4.303s] -- Up-to-date: /home/robu/work/robu_hoeran19_ws/install/robu_interfaces/lib/librobu_interfaces__rosidl_typesupport_c.so
[4.303s] -- Up-to-date: /home/robu/work/robu_hoeran19_ws/install/robu_interfaces/include/robu_interfaces/robu_interfaces
[4.303s] -- Up-to-date: /home/robu/work/robu_hoeran19_ws/install/robu_interfaces/include/robu_interfaces/robu_interfaces/action
[4.304s] -- Up-to-date: /home/robu/work/robu_hoeran19_ws/install/robu_interfaces/include/robu_interfaces/robu_interfaces/action/detail
[4.304s] -- Up-to-date: /home/robu/work/robu_hoeran19_ws/install/robu_interfaces/include/robu_interfaces/robu_interfaces/action/detail/fibonacci__struct.hpp
[4.304s] -- Up-to-date: /home/robu/work/robu_hoeran19_ws/install/robu_interfaces/include/robu_interfaces/robu_interfaces/action/detail/fibonacci__builder.hpp
[4.304s] -- Up-to-date: /home/robu/work/robu_hoeran19_ws/install/robu_interfaces/include/robu_interfaces/robu_interfaces/action/detail/fibonacci__traits.hpp
[4.304s] -- Up-to-date: /home/robu/work/robu_hoeran19_ws/install/robu_interfaces/include/robu_interfaces/robu_interfaces/action/fibonacci.hpp
[4.304s] -- Up-to-date: /home/robu/work/robu_hoeran19_ws/install/robu_interfaces/include/robu_interfaces/robu_interfaces
[4.304s] -- Up-to-date: /home/robu/work/robu_hoeran19_ws/install/robu_interfaces/include/robu_interfaces/robu_interfaces/action
[4.305s] -- Up-to-date: /home/robu/work/robu_hoeran19_ws/install/robu_interfaces/include/robu_interfaces/robu_interfaces/action/detail
[4.305s] -- Up-to-date: /home/robu/work/robu_hoeran19_ws/install/robu_interfaces/include/robu_interfaces/robu_interfaces/action/detail/dds_fastrtps
[4.305s] -- Up-to-date: /home/robu/work/robu_hoeran19_ws/install/robu_interfaces/include/robu_interfaces/robu_interfaces/action/detail/fibonacci__rosidl_typesupport_fastrtps_cpp.hpp
[4.305s] -- Up-to-date: /home/robu/work/robu_hoeran19_ws/install/robu_interfaces/include/robu_interfaces/robu_interfaces/msg
[4.305s] -- Up-to-date: /home/robu/work/robu_hoeran19_ws/install/robu_interfaces/include/robu_interfaces/robu_interfaces/msg/rosidl_typesupport_fastrtps_cpp__visibility_control.h
[4.305s] -- Up-to-date: /home/robu/work/robu_hoeran19_ws/install/robu_interfaces/lib/librobu_interfaces__rosidl_typesupport_fastrtps_cpp.so
[4.306s] -- Up-to-date: /home/robu/work/robu_hoeran19_ws/install/robu_interfaces/include/robu_interfaces/robu_interfaces
[4.306s] -- Up-to-date: /home/robu/work/robu_hoeran19_ws/install/robu_interfaces/include/robu_interfaces/robu_interfaces/action
[4.306s] -- Up-to-date: /home/robu/work/robu_hoeran19_ws/install/robu_interfaces/include/robu_interfaces/robu_interfaces/action/detail
[4.306s] -- Up-to-date: /home/robu/work/robu_hoeran19_ws/install/robu_interfaces/include/robu_interfaces/robu_interfaces/action/detail/fibonacci__rosidl_typesupport_introspection_cpp.hpp
[4.306s] -- Up-to-date: /home/robu/work/robu_hoeran19_ws/install/robu_interfaces/include/robu_interfaces/robu_interfaces/action/detail/fibonacci__type_support.cpp
[4.311s] -- Up-to-date: /home/robu/work/robu_hoeran19_ws/install/robu_interfaces/lib/librobu_interfaces__rosidl_typesupport_introspection_cpp.so
[4.321s] -- Up-to-date: /home/robu/work/robu_hoeran19_ws/install/robu_interfaces/lib/librobu_interfaces__rosidl_typesupport_cpp.so
[4.322s] -- Up-to-date: /home/robu/work/robu_hoeran19_ws/install/robu_interfaces/share/robu_interfaces/environment/pythonpath.sh
[4.323s] -- Up-to-date: /home/robu/work/robu_hoeran19_ws/install/robu_interfaces/share/robu_interfaces/environment/pythonpath.dsv
[4.324s] -- Up-to-date: /home/robu/work/robu_hoeran19_ws/install/robu_interfaces/local/lib/python3.10/dist-packages/robu_interfaces-0.0.0-py3.10.egg-info
[4.324s] -- Installing: /home/robu/work/robu_hoeran19_ws/install/robu_interfaces/local/lib/python3.10/dist-packages/robu_interfaces-0.0.0-py3.10.egg-info/top_level.txt
[4.325s] -- Installing: /home/robu/work/robu_hoeran19_ws/install/robu_interfaces/local/lib/python3.10/dist-packages/robu_interfaces-0.0.0-py3.10.egg-info/dependency_links.txt
[4.325s] -- Installing: /home/robu/work/robu_hoeran19_ws/install/robu_interfaces/local/lib/python3.10/dist-packages/robu_interfaces-0.0.0-py3.10.egg-info/PKG-INFO
[4.325s] -- Installing: /home/robu/work/robu_hoeran19_ws/install/robu_interfaces/local/lib/python3.10/dist-packages/robu_interfaces-0.0.0-py3.10.egg-info/SOURCES.txt
[4.325s] -- Up-to-date: /home/robu/work/robu_hoeran19_ws/install/robu_interfaces/local/lib/python3.10/dist-packages/robu_interfaces
[4.326s] -- Up-to-date: /home/robu/work/robu_hoeran19_ws/install/robu_interfaces/local/lib/python3.10/dist-packages/robu_interfaces/action
[4.326s] -- Up-to-date: /home/robu/work/robu_hoeran19_ws/install/robu_interfaces/local/lib/python3.10/dist-packages/robu_interfaces/action/_fibonacci_s.c
[4.326s] -- Up-to-date: /home/robu/work/robu_hoeran19_ws/install/robu_interfaces/local/lib/python3.10/dist-packages/robu_interfaces/action/_fibonacci.py
[4.327s] -- Up-to-date: /home/robu/work/robu_hoeran19_ws/install/robu_interfaces/local/lib/python3.10/dist-packages/robu_interfaces/action/__init__.py
[4.327s] -- Up-to-date: /home/robu/work/robu_hoeran19_ws/install/robu_interfaces/local/lib/python3.10/dist-packages/robu_interfaces/_robu_interfaces_s.ep.rosidl_typesupport_introspection_c.c
[4.327s] -- Up-to-date: /home/robu/work/robu_hoeran19_ws/install/robu_interfaces/local/lib/python3.10/dist-packages/robu_interfaces/robu_interfaces_s__rosidl_typesupport_fastrtps_c.cpython-310-x86_64-linux-gnu.so
[4.327s] -- Up-to-date: /home/robu/work/robu_hoeran19_ws/install/robu_interfaces/local/lib/python3.10/dist-packages/robu_interfaces/robu_interfaces_s__rosidl_typesupport_c.cpython-310-x86_64-linux-gnu.so
[4.328s] -- Up-to-date: /home/robu/work/robu_hoeran19_ws/install/robu_interfaces/local/lib/python3.10/dist-packages/robu_interfaces/_robu_interfaces_s.ep.rosidl_typesupport_c.c
[4.328s] -- Up-to-date: /home/robu/work/robu_hoeran19_ws/install/robu_interfaces/local/lib/python3.10/dist-packages/robu_interfaces/librobu_interfaces__rosidl_generator_py.so
[4.328s] -- Up-to-date: /home/robu/work/robu_hoeran19_ws/install/robu_interfaces/local/lib/python3.10/dist-packages/robu_interfaces/robu_interfaces_s__rosidl_typesupport_introspection_c.cpython-310-x86_64-linux-gnu.so
[4.328s] -- Up-to-date: /home/robu/work/robu_hoeran19_ws/install/robu_interfaces/local/lib/python3.10/dist-packages/robu_interfaces/__init__.py
[4.329s] -- Up-to-date: /home/robu/work/robu_hoeran19_ws/install/robu_interfaces/local/lib/python3.10/dist-packages/robu_interfaces/_robu_interfaces_s.ep.rosidl_typesupport_fastrtps_c.c
[4.567s] Listing '/home/robu/work/robu_hoeran19_ws/install/robu_interfaces/local/lib/python3.10/dist-packages/robu_interfaces'...
[4.568s] Listing '/home/robu/work/robu_hoeran19_ws/install/robu_interfaces/local/lib/python3.10/dist-packages/robu_interfaces/action'...
[4.609s] -- Up-to-date: /home/robu/work/robu_hoeran19_ws/install/robu_interfaces/local/lib/python3.10/dist-packages/robu_interfaces/robu_interfaces_s__rosidl_typesupport_fastrtps_c.cpython-310-x86_64-linux-gnu.so
[4.610s] -- Up-to-date: /home/robu/work/robu_hoeran19_ws/install/robu_interfaces/local/lib/python3.10/dist-packages/robu_interfaces/robu_interfaces_s__rosidl_typesupport_introspection_c.cpython-310-x86_64-linux-gnu.so
[4.610s] -- Up-to-date: /home/robu/work/robu_hoeran19_ws/install/robu_interfaces/local/lib/python3.10/dist-packages/robu_interfaces/robu_interfaces_s__rosidl_typesupport_c.cpython-310-x86_64-linux-gnu.so
[4.611s] -- Up-to-date: /home/robu/work/robu_hoeran19_ws/install/robu_interfaces/lib/librobu_interfaces__rosidl_generator_py.so
[4.611s] -- Up-to-date: /home/robu/work/robu_hoeran19_ws/install/robu_interfaces/share/robu_interfaces/action/Fibonacci.idl
[4.611s] -- Up-to-date: /home/robu/work/robu_hoeran19_ws/install/robu_interfaces/share/robu_interfaces/action/Fibonacci.action
[4.612s] -- Up-to-date: /home/robu/work/robu_hoeran19_ws/install/robu_interfaces/share/ament_index/resource_index/package_run_dependencies/robu_interfaces
[4.613s] -- Up-to-date: /home/robu/work/robu_hoeran19_ws/install/robu_interfaces/share/ament_index/resource_index/parent_prefix_path/robu_interfaces
[4.613s] -- Up-to-date: /home/robu/work/robu_hoeran19_ws/install/robu_interfaces/share/robu_interfaces/environment/ament_prefix_path.sh
[4.613s] -- Up-to-date: /home/robu/work/robu_hoeran19_ws/install/robu_interfaces/share/robu_interfaces/environment/ament_prefix_path.dsv
[4.613s] -- Up-to-date: /home/robu/work/robu_hoeran19_ws/install/robu_interfaces/share/robu_interfaces/environment/path.sh
[4.613s] -- Up-to-date: /home/robu/work/robu_hoeran19_ws/install/robu_interfaces/share/robu_interfaces/environment/path.dsv
[4.613s] -- Up-to-date: /home/robu/work/robu_hoeran19_ws/install/robu_interfaces/share/robu_interfaces/local_setup.bash
[4.614s] -- Up-to-date: /home/robu/work/robu_hoeran19_ws/install/robu_interfaces/share/robu_interfaces/local_setup.sh
[4.614s] -- Up-to-date: /home/robu/work/robu_hoeran19_ws/install/robu_interfaces/share/robu_interfaces/local_setup.zsh
[4.615s] -- Up-to-date: /home/robu/work/robu_hoeran19_ws/install/robu_interfaces/share/robu_interfaces/local_setup.dsv
[4.620s] -- Installing: /home/robu/work/robu_hoeran19_ws/install/robu_interfaces/share/robu_interfaces/package.dsv
[4.626s] -- Up-to-date: /home/robu/work/robu_hoeran19_ws/install/robu_interfaces/share/ament_index/resource_index/packages/robu_interfaces
[4.627s] -- Up-to-date: /home/robu/work/robu_hoeran19_ws/install/robu_interfaces/share/robu_interfaces/cmake/export_robu_interfaces__rosidl_generator_cExport.cmake
[4.628s] -- Up-to-date: /home/robu/work/robu_hoeran19_ws/install/robu_interfaces/share/robu_interfaces/cmake/export_robu_interfaces__rosidl_generator_cExport-noconfig.cmake
[4.629s] -- Up-to-date: /home/robu/work/robu_hoeran19_ws/install/robu_interfaces/share/robu_interfaces/cmake/export_robu_interfaces__rosidl_typesupport_fastrtps_cExport.cmake
[4.630s] -- Up-to-date: /home/robu/work/robu_hoeran19_ws/install/robu_interfaces/share/robu_interfaces/cmake/export_robu_interfaces__rosidl_typesupport_fastrtps_cExport-noconfig.cmake
[4.630s] -- Up-to-date: /home/robu/work/robu_hoeran19_ws/install/robu_interfaces/share/robu_interfaces/cmake/robu_interfaces__rosidl_typesupport_introspection_cExport.cmake
[4.631s] -- Up-to-date: /home/robu/work/robu_hoeran19_ws/install/robu_interfaces/share/robu_interfaces/cmake/robu_interfaces__rosidl_typesupport_introspection_cExport-noconfig.cmake
[4.632s] -- Up-to-date: /home/robu/work/robu_hoeran19_ws/install/robu_interfaces/share/robu_interfaces/cmake/robu_interfaces__rosidl_typesupport_cExport.cmake
[4.633s] -- Up-to-date: /home/robu/work/robu_hoeran19_ws/install/robu_interfaces/share/robu_interfaces/cmake/robu_interfaces__rosidl_typesupport_cExport-noconfig.cmake
[4.633s] -- Up-to-date: /home/robu/work/robu_hoeran19_ws/install/robu_interfaces/share/robu_interfaces/cmake/export_robu_interfaces__rosidl_generator_cppExport.cmake
[4.636s] -- Up-to-date: /home/robu/work/robu_hoeran19_ws/install/robu_interfaces/share/robu_interfaces/cmake/export_robu_interfaces__rosidl_typesupport_fastrtps_cppExport.cmake
[4.636s] -- Up-to-date: /home/robu/work/robu_hoeran19_ws/install/robu_interfaces/share/robu_interfaces/cmake/export_robu_interfaces__rosidl_typesupport_fastrtps_cppExport-noconfig.cmake
[4.637s] -- Up-to-date: /home/robu/work/robu_hoeran19_ws/install/robu_interfaces/share/robu_interfaces/cmake/robu_interfaces__rosidl_typesupport_introspection_cppExport.cmake
[4.643s] -- Up-to-date: /home/robu/work/robu_hoeran19_ws/install/robu_interfaces/share/robu_interfaces/cmake/robu_interfaces__rosidl_typesupport_introspection_cppExport-noconfig.cmake
[4.644s] -- Up-to-date: /home/robu/work/robu_hoeran19_ws/install/robu_interfaces/share/robu_interfaces/cmake/robu_interfaces__rosidl_typesupport_cppExport.cmake
[4.644s] -- Up-to-date: /home/robu/work/robu_hoeran19_ws/install/robu_interfaces/share/robu_interfaces/cmake/robu_interfaces__rosidl_typesupport_cppExport-noconfig.cmake
[4.645s] -- Up-to-date: /home/robu/work/robu_hoeran19_ws/install/robu_interfaces/share/robu_interfaces/cmake/export_robu_interfaces__rosidl_generator_pyExport.cmake
[4.646s] -- Up-to-date: /home/robu/work/robu_hoeran19_ws/install/robu_interfaces/share/robu_interfaces/cmake/export_robu_interfaces__rosidl_generator_pyExport-noconfig.cmake
[4.646s] -- Up-to-date: /home/robu/work/robu_hoeran19_ws/install/robu_interfaces/share/robu_interfaces/cmake/rosidl_cmake-extras.cmake
[4.647s] -- Up-to-date: /home/robu/work/robu_hoeran19_ws/install/robu_interfaces/share/robu_interfaces/cmake/ament_cmake_export_dependencies-extras.cmake
[4.648s] -- Up-to-date: /home/robu/work/robu_hoeran19_ws/install/robu_interfaces/share/robu_interfaces/cmake/ament_cmake_export_include_directories-extras.cmake
[4.648s] -- Up-to-date: /home/robu/work/robu_hoeran19_ws/install/robu_interfaces/share/robu_interfaces/cmake/ament_cmake_export_libraries-extras.cmake
[4.649s] -- Up-to-date: /home/robu/work/robu_hoeran19_ws/install/robu_interfaces/share/robu_interfaces/cmake/ament_cmake_export_targets-extras.cmake
[4.649s] -- Up-to-date: /home/robu/work/robu_hoeran19_ws/install/robu_interfaces/share/robu_interfaces/cmake/rosidl_cmake_export_typesupport_targets-extras.cmake
[4.650s] -- Up-to-date: /home/robu/work/robu_hoeran19_ws/install/robu_interfaces/share/robu_interfaces/cmake/rosidl_cmake_export_typesupport_libraries-extras.cmake
[4.651s] -- Up-to-date: /home/robu/work/robu_hoeran19_ws/install/robu_interfaces/share/robu_interfaces/cmake/robu_interfacesConfig.cmake
[4.652s] -- Up-to-date: /home/robu/work/robu_hoeran19_ws/install/robu_interfaces/share/robu_interfaces/cmake/robu_interfacesConfig-version.cmake
[4.652s] -- Up-to-date: /home/robu/work/robu_hoeran19_ws/install/robu_interfaces/share/robu_interfaces/package.xml
[4.665s] Invoked command in '/home/robu/work/robu_hoeran19_ws/build/robu_interfaces' returned '0': CMAKE_PREFIX_PATH=${CMAKE_PREFIX_PATH}:/home/robu/work/robu_hoeran19_ws/install/robu:/home/robu/work/turtlebot3_ws/install/turtlebot3_teleop:/home/robu/work/turtlebot3_ws/install/turtlebot3_example:/opt/ros/humble /usr/bin/cmake --install /home/robu/work/robu_hoeran19_ws/build/robu_interfaces
