[0.738s] Invoking command in '/home/robu/work/robu_hoeran19_ws/src/robu': PYTHONPATH=/home/robu/work/robu_hoeran19_ws/build/robu/prefix_override:/home/robu/work/robu_hoeran19_ws/install/robu/lib/python3.10/site-packages:${PYTHONPATH} /usr/bin/python3 setup.py egg_info --egg-base ../../build/robu build --build-base /home/robu/work/robu_hoeran19_ws/build/robu/build install --record /home/robu/work/robu_hoeran19_ws/build/robu/install.log --single-version-externally-managed
[1.058s] running egg_info
[1.059s] writing ../../build/robu/robu.egg-info/PKG-INFO
[1.059s] writing dependency_links to ../../build/robu/robu.egg-info/dependency_links.txt
[1.060s] writing entry points to ../../build/robu/robu.egg-info/entry_points.txt
[1.060s] writing requirements to ../../build/robu/robu.egg-info/requires.txt
[1.060s] writing top-level names to ../../build/robu/robu.egg-info/top_level.txt
[1.064s] reading manifest file '../../build/robu/robu.egg-info/SOURCES.txt'
[1.065s] writing manifest file '../../build/robu/robu.egg-info/SOURCES.txt'
[1.065s] running build
[1.065s] running build_py
[1.066s] copying robu/test_parameter.py -> /home/robu/work/robu_hoeran19_ws/build/robu/build/lib/robu
[1.066s] running install
[1.067s] running install_lib
[1.068s] copying /home/robu/work/robu_hoeran19_ws/build/robu/build/lib/robu/test_parameter.py -> /home/robu/work/robu_hoeran19_ws/install/robu/lib/python3.10/site-packages/robu
[1.069s] byte-compiling /home/robu/work/robu_hoeran19_ws/install/robu/lib/python3.10/site-packages/robu/test_parameter.py to test_parameter.cpython-310.pyc
[1.070s] running install_data
[1.071s] running install_egg_info
[1.074s] removing '/home/robu/work/robu_hoeran19_ws/install/robu/lib/python3.10/site-packages/robu-0.0.0-py3.10.egg-info' (and everything under it)
[1.074s] Copying ../../build/robu/robu.egg-info to /home/robu/work/robu_hoeran19_ws/install/robu/lib/python3.10/site-packages/robu-0.0.0-py3.10.egg-info
[1.076s] running install_scripts
[1.116s] Installing myparameter script to /home/robu/work/robu_hoeran19_ws/install/robu/lib/robu
[1.117s] Installing mypublisher script to /home/robu/work/robu_hoeran19_ws/install/robu/lib/robu
[1.117s] Installing mysubscriber script to /home/robu/work/robu_hoeran19_ws/install/robu/lib/robu
[1.117s] Installing testparameter script to /home/robu/work/robu_hoeran19_ws/install/robu/lib/robu
[1.117s] Installing wallfollower script to /home/robu/work/robu_hoeran19_ws/install/robu/lib/robu
[1.118s] writing list of installed files to '/home/robu/work/robu_hoeran19_ws/build/robu/install.log'
[1.150s] Invoked command in '/home/robu/work/robu_hoeran19_ws/src/robu' returned '0': PYTHONPATH=/home/robu/work/robu_hoeran19_ws/build/robu/prefix_override:/home/robu/work/robu_hoeran19_ws/install/robu/lib/python3.10/site-packages:${PYTHONPATH} /usr/bin/python3 setup.py egg_info --egg-base ../../build/robu build --build-base /home/robu/work/robu_hoeran19_ws/build/robu/build install --record /home/robu/work/robu_hoeran19_ws/build/robu/install.log --single-version-externally-managed
