[1.682s] Invoking command in '/home/robu/work/robu_hoeran19_ws/src/robu': PYTHONPATH=/home/robu/work/robu_hoeran19_ws/build/robu/prefix_override:/home/robu/work/robu_hoeran19_ws/install/robu/lib/python3.10/site-packages:${PYTHONPATH} /usr/bin/python3 setup.py egg_info --egg-base ../../build/robu build --build-base /home/robu/work/robu_hoeran19_ws/build/robu/build install --record /home/robu/work/robu_hoeran19_ws/build/robu/install.log --single-version-externally-managed
[2.320s] running egg_info
[2.322s] writing ../../build/robu/robu.egg-info/PKG-INFO
[2.323s] writing dependency_links to ../../build/robu/robu.egg-info/dependency_links.txt
[2.324s] writing entry points to ../../build/robu/robu.egg-info/entry_points.txt
[2.324s] writing requirements to ../../build/robu/robu.egg-info/requires.txt
[2.325s] writing top-level names to ../../build/robu/robu.egg-info/top_level.txt
[2.328s] reading manifest file '../../build/robu/robu.egg-info/SOURCES.txt'
[2.331s] writing manifest file '../../build/robu/robu.egg-info/SOURCES.txt'
[2.333s] running build
[2.333s] running build_py
[2.333s] copying robu/ex14_navigation.py -> /home/robu/work/robu_hoeran19_ws/build/robu/build/lib/robu
[2.335s] running install
[2.339s] running install_lib
[2.339s] copying /home/robu/work/robu_hoeran19_ws/build/robu/build/lib/robu/ex14_navigation.py -> /home/robu/work/robu_hoeran19_ws/install/robu/lib/python3.10/site-packages/robu
[2.341s] byte-compiling /home/robu/work/robu_hoeran19_ws/install/robu/lib/python3.10/site-packages/robu/ex14_navigation.py to ex14_navigation.cpython-310.pyc
[2.344s] running install_data
[2.347s] running install_egg_info
[2.349s] removing '/home/robu/work/robu_hoeran19_ws/install/robu/lib/python3.10/site-packages/robu-0.0.0-py3.10.egg-info' (and everything under it)
[2.353s] Copying ../../build/robu/robu.egg-info to /home/robu/work/robu_hoeran19_ws/install/robu/lib/python3.10/site-packages/robu-0.0.0-py3.10.egg-info
[2.358s] running install_scripts
[2.413s] Installing fibonacci_client script to /home/robu/work/robu_hoeran19_ws/install/robu/lib/robu
[2.414s] Installing fibonacci_server script to /home/robu/work/robu_hoeran19_ws/install/robu/lib/robu
[2.414s] Installing myparameter script to /home/robu/work/robu_hoeran19_ws/install/robu/lib/robu
[2.415s] Installing mypublisher script to /home/robu/work/robu_hoeran19_ws/install/robu/lib/robu
[2.415s] Installing mysubscriber script to /home/robu/work/robu_hoeran19_ws/install/robu/lib/robu
[2.415s] Installing testparameter script to /home/robu/work/robu_hoeran19_ws/install/robu/lib/robu
[2.416s] Installing testparameter_get script to /home/robu/work/robu_hoeran19_ws/install/robu/lib/robu
[2.416s] Installing wallfollower script to /home/robu/work/robu_hoeran19_ws/install/robu/lib/robu
[2.416s] writing list of installed files to '/home/robu/work/robu_hoeran19_ws/build/robu/install.log'
[2.645s] Invoked command in '/home/robu/work/robu_hoeran19_ws/src/robu' returned '0': PYTHONPATH=/home/robu/work/robu_hoeran19_ws/build/robu/prefix_override:/home/robu/work/robu_hoeran19_ws/install/robu/lib/python3.10/site-packages:${PYTHONPATH} /usr/bin/python3 setup.py egg_info --egg-base ../../build/robu build --build-base /home/robu/work/robu_hoeran19_ws/build/robu/build install --record /home/robu/work/robu_hoeran19_ws/build/robu/install.log --single-version-externally-managed
