[2.047s] Invoking command in '/home/robu/work/robu_hoeran19_ws/src/robu': PYTHONPATH=/home/robu/work/robu_hoeran19_ws/build/robu/prefix_override:/home/robu/work/robu_hoeran19_ws/install/robu/lib/python3.10/site-packages:${PYTHONPATH} /usr/bin/python3 setup.py egg_info --egg-base ../../build/robu build --build-base /home/robu/work/robu_hoeran19_ws/build/robu/build install --record /home/robu/work/robu_hoeran19_ws/build/robu/install.log --single-version-externally-managed
[2.823s] running egg_info
[2.825s] writing ../../build/robu/robu.egg-info/PKG-INFO
[2.826s] writing dependency_links to ../../build/robu/robu.egg-info/dependency_links.txt
[2.827s] writing entry points to ../../build/robu/robu.egg-info/entry_points.txt
[2.829s] writing requirements to ../../build/robu/robu.egg-info/requires.txt
[2.829s] writing top-level names to ../../build/robu/robu.egg-info/top_level.txt
[2.836s] reading manifest file '../../build/robu/robu.egg-info/SOURCES.txt'
[2.839s] writing manifest file '../../build/robu/robu.egg-info/SOURCES.txt'
[2.840s] running build
[2.840s] running build_py
[2.844s] running install
[2.845s] running install_lib
[2.850s] running install_data
[2.852s] copying launch/test_parameter_launch.py -> /home/robu/work/robu_hoeran19_ws/install/robu/share/robu
[2.852s] running install_egg_info
[2.858s] removing '/home/robu/work/robu_hoeran19_ws/install/robu/lib/python3.10/site-packages/robu-0.0.0-py3.10.egg-info' (and everything under it)
[2.865s] Copying ../../build/robu/robu.egg-info to /home/robu/work/robu_hoeran19_ws/install/robu/lib/python3.10/site-packages/robu-0.0.0-py3.10.egg-info
[2.867s] running install_scripts
[2.923s] Installing myparameter script to /home/robu/work/robu_hoeran19_ws/install/robu/lib/robu
[2.925s] Installing mypublisher script to /home/robu/work/robu_hoeran19_ws/install/robu/lib/robu
[2.926s] Installing mysubscriber script to /home/robu/work/robu_hoeran19_ws/install/robu/lib/robu
[2.927s] Installing testparameter script to /home/robu/work/robu_hoeran19_ws/install/robu/lib/robu
[2.934s] Installing testparameter_get script to /home/robu/work/robu_hoeran19_ws/install/robu/lib/robu
[2.935s] Installing wallfollower script to /home/robu/work/robu_hoeran19_ws/install/robu/lib/robu
[2.935s] writing list of installed files to '/home/robu/work/robu_hoeran19_ws/build/robu/install.log'
[2.991s] Invoked command in '/home/robu/work/robu_hoeran19_ws/src/robu' returned '0': PYTHONPATH=/home/robu/work/robu_hoeran19_ws/build/robu/prefix_override:/home/robu/work/robu_hoeran19_ws/install/robu/lib/python3.10/site-packages:${PYTHONPATH} /usr/bin/python3 setup.py egg_info --egg-base ../../build/robu build --build-base /home/robu/work/robu_hoeran19_ws/build/robu/build install --record /home/robu/work/robu_hoeran19_ws/build/robu/install.log --single-version-externally-managed
