[1.223s] Invoking command in '/home/robu/work/robu_hoeran19_ws/build/robu_interfaces': CMAKE_PREFIX_PATH=${CMAKE_PREFIX_PATH}:/home/robu/work/turtlebot3_ws/install/turtlebot3_teleop:/home/robu/work/turtlebot3_ws/install/turtlebot3_example:/opt/ros/humble /usr/bin/cmake --build /home/robu/work/robu_hoeran19_ws/build/robu_interfaces -- -j2 -l2
[2.135s] [  3%] Built target robu_interfaces__cpp
[2.283s] [ 12%] Built target robu_interfaces__rosidl_generator_c
[2.487s] [ 12%] Built target ament_cmake_python_copy_robu_interfaces
[2.584s] [ 22%] Built target robu_interfaces__rosidl_typesupport_cpp
[2.687s] [ 32%] Built target robu_interfaces__rosidl_typesupport_fastrtps_c
[2.806s] [ 41%] Built target robu_interfaces__rosidl_typesupport_introspection_c
[2.821s] [ 51%] Built target robu_interfaces__rosidl_typesupport_c
[3.004s] [ 61%] Built target robu_interfaces__rosidl_typesupport_introspection_cpp
[3.005s] [ 70%] Built target robu_interfaces__rosidl_typesupport_fastrtps_cpp
[3.183s] [ 70%] Built target robu_interfaces
[3.327s] [ 74%] Built target robu_interfaces__py
[3.640s] [ 80%] Built target robu_interfaces__rosidl_generator_py
[3.780s] [ 87%] Built target robu_interfaces__rosidl_typesupport_fastrtps_c__pyext
[3.989s] [ 93%] Built target robu_interfaces__rosidl_typesupport_introspection_c__pyext
[4.191s] [100%] Built target robu_interfaces__rosidl_typesupport_c__pyext
[4.544s] running egg_info
[4.548s] writing robu_interfaces.egg-info/PKG-INFO
[4.550s] writing dependency_links to robu_interfaces.egg-info/dependency_links.txt
[4.554s] writing top-level names to robu_interfaces.egg-info/top_level.txt
[4.563s] reading manifest file 'robu_interfaces.egg-info/SOURCES.txt'
[4.569s] writing manifest file 'robu_interfaces.egg-info/SOURCES.txt'
[4.663s] [100%] Built target ament_cmake_python_build_robu_interfaces_egg
[4.727s] Invoked command in '/home/robu/work/robu_hoeran19_ws/build/robu_interfaces' returned '0': CMAKE_PREFIX_PATH=${CMAKE_PREFIX_PATH}:/home/robu/work/turtlebot3_ws/install/turtlebot3_teleop:/home/robu/work/turtlebot3_ws/install/turtlebot3_example:/opt/ros/humble /usr/bin/cmake --build /home/robu/work/robu_hoeran19_ws/build/robu_interfaces -- -j2 -l2
[5.559s] Invoking command in '/home/robu/work/robu_hoeran19_ws/build/robu_interfaces': CMAKE_PREFIX_PATH=${CMAKE_PREFIX_PATH}:/home/robu/work/turtlebot3_ws/install/turtlebot3_teleop:/home/robu/work/turtlebot3_ws/install/turtlebot3_example:/opt/ros/humble /usr/bin/cmake --install /home/robu/work/robu_hoeran19_ws/build/robu_interfaces
[5.632s] -- Install configuration: ""
[5.634s] -- Up-to-date: /home/robu/work/robu_hoeran19_ws/install/robu_interfaces/share/ament_index/resource_index/rosidl_interfaces/robu_interfaces
[5.635s] -- Up-to-date: /home/robu/work/robu_hoeran19_ws/install/robu_interfaces/include/robu_interfaces/robu_interfaces
[5.636s] -- Up-to-date: /home/robu/work/robu_hoeran19_ws/install/robu_interfaces/include/robu_interfaces/robu_interfaces/action
[5.637s] -- Up-to-date: /home/robu/work/robu_hoeran19_ws/install/robu_interfaces/include/robu_interfaces/robu_interfaces/action/detail
[5.637s] -- Up-to-date: /home/robu/work/robu_hoeran19_ws/install/robu_interfaces/include/robu_interfaces/robu_interfaces/action/detail/fibonacci__functions.c
[5.638s] -- Up-to-date: /home/robu/work/robu_hoeran19_ws/install/robu_interfaces/include/robu_interfaces/robu_interfaces/action/detail/fibonacci__struct.h
[5.639s] -- Up-to-date: /home/robu/work/robu_hoeran19_ws/install/robu_interfaces/include/robu_interfaces/robu_interfaces/action/detail/fibonacci__type_support.h
[5.643s] -- Up-to-date: /home/robu/work/robu_hoeran19_ws/install/robu_interfaces/include/robu_interfaces/robu_interfaces/action/detail/fibonacci__functions.h
[5.644s] -- Up-to-date: /home/robu/work/robu_hoeran19_ws/install/robu_interfaces/include/robu_interfaces/robu_interfaces/action/fibonacci.h
[5.645s] -- Up-to-date: /home/robu/work/robu_hoeran19_ws/install/robu_interfaces/include/robu_interfaces/robu_interfaces/msg
[5.645s] -- Up-to-date: /home/robu/work/robu_hoeran19_ws/install/robu_interfaces/include/robu_interfaces/robu_interfaces/msg/rosidl_generator_c__visibility_control.h
[5.646s] -- Up-to-date: /home/robu/work/robu_hoeran19_ws/install/robu_interfaces/share/robu_interfaces/environment/library_path.sh
[5.647s] -- Up-to-date: /home/robu/work/robu_hoeran19_ws/install/robu_interfaces/share/robu_interfaces/environment/library_path.dsv
[5.655s] -- Up-to-date: /home/robu/work/robu_hoeran19_ws/install/robu_interfaces/lib/librobu_interfaces__rosidl_generator_c.so
[5.656s] -- Up-to-date: /home/robu/work/robu_hoeran19_ws/install/robu_interfaces/include/robu_interfaces/robu_interfaces
[5.657s] -- Up-to-date: /home/robu/work/robu_hoeran19_ws/install/robu_interfaces/include/robu_interfaces/robu_interfaces/action
[5.658s] -- Up-to-date: /home/robu/work/robu_hoeran19_ws/install/robu_interfaces/include/robu_interfaces/robu_interfaces/action/detail
[5.658s] -- Up-to-date: /home/robu/work/robu_hoeran19_ws/install/robu_interfaces/include/robu_interfaces/robu_interfaces/action/detail/fibonacci__rosidl_typesupport_fastrtps_c.h
[5.659s] -- Up-to-date: /home/robu/work/robu_hoeran19_ws/install/robu_interfaces/include/robu_interfaces/robu_interfaces/msg
[5.660s] -- Up-to-date: /home/robu/work/robu_hoeran19_ws/install/robu_interfaces/include/robu_interfaces/robu_interfaces/msg/rosidl_typesupport_fastrtps_c__visibility_control.h
[5.665s] -- Up-to-date: /home/robu/work/robu_hoeran19_ws/install/robu_interfaces/lib/librobu_interfaces__rosidl_typesupport_fastrtps_c.so
[5.666s] -- Up-to-date: /home/robu/work/robu_hoeran19_ws/install/robu_interfaces/include/robu_interfaces/robu_interfaces
[5.667s] -- Up-to-date: /home/robu/work/robu_hoeran19_ws/install/robu_interfaces/include/robu_interfaces/robu_interfaces/action
[5.668s] -- Up-to-date: /home/robu/work/robu_hoeran19_ws/install/robu_interfaces/include/robu_interfaces/robu_interfaces/action/detail
[5.668s] -- Up-to-date: /home/robu/work/robu_hoeran19_ws/install/robu_interfaces/include/robu_interfaces/robu_interfaces/action/detail/fibonacci__type_support.c
[5.669s] -- Up-to-date: /home/robu/work/robu_hoeran19_ws/install/robu_interfaces/include/robu_interfaces/robu_interfaces/action/detail/fibonacci__rosidl_typesupport_introspection_c.h
[5.670s] -- Up-to-date: /home/robu/work/robu_hoeran19_ws/install/robu_interfaces/include/robu_interfaces/robu_interfaces/msg
[5.670s] -- Up-to-date: /home/robu/work/robu_hoeran19_ws/install/robu_interfaces/include/robu_interfaces/robu_interfaces/msg/rosidl_typesupport_introspection_c__visibility_control.h
[5.677s] -- Up-to-date: /home/robu/work/robu_hoeran19_ws/install/robu_interfaces/lib/librobu_interfaces__rosidl_typesupport_introspection_c.so
[5.682s] -- Up-to-date: /home/robu/work/robu_hoeran19_ws/install/robu_interfaces/lib/librobu_interfaces__rosidl_typesupport_c.so
[5.683s] -- Up-to-date: /home/robu/work/robu_hoeran19_ws/install/robu_interfaces/include/robu_interfaces/robu_interfaces
[5.684s] -- Up-to-date: /home/robu/work/robu_hoeran19_ws/install/robu_interfaces/include/robu_interfaces/robu_interfaces/action
[5.685s] -- Up-to-date: /home/robu/work/robu_hoeran19_ws/install/robu_interfaces/include/robu_interfaces/robu_interfaces/action/detail
[5.686s] -- Up-to-date: /home/robu/work/robu_hoeran19_ws/install/robu_interfaces/include/robu_interfaces/robu_interfaces/action/detail/fibonacci__struct.hpp
[5.686s] -- Up-to-date: /home/robu/work/robu_hoeran19_ws/install/robu_interfaces/include/robu_interfaces/robu_interfaces/action/detail/fibonacci__builder.hpp
[5.687s] -- Up-to-date: /home/robu/work/robu_hoeran19_ws/install/robu_interfaces/include/robu_interfaces/robu_interfaces/action/detail/fibonacci__traits.hpp
[5.688s] -- Up-to-date: /home/robu/work/robu_hoeran19_ws/install/robu_interfaces/include/robu_interfaces/robu_interfaces/action/fibonacci.hpp
[5.688s] -- Up-to-date: /home/robu/work/robu_hoeran19_ws/install/robu_interfaces/include/robu_interfaces/robu_interfaces
[5.689s] -- Up-to-date: /home/robu/work/robu_hoeran19_ws/install/robu_interfaces/include/robu_interfaces/robu_interfaces/action
[5.690s] -- Up-to-date: /home/robu/work/robu_hoeran19_ws/install/robu_interfaces/include/robu_interfaces/robu_interfaces/action/detail
[5.690s] -- Up-to-date: /home/robu/work/robu_hoeran19_ws/install/robu_interfaces/include/robu_interfaces/robu_interfaces/action/detail/dds_fastrtps
[5.696s] -- Up-to-date: /home/robu/work/robu_hoeran19_ws/install/robu_interfaces/include/robu_interfaces/robu_interfaces/action/detail/fibonacci__rosidl_typesupport_fastrtps_cpp.hpp
[5.697s] -- Up-to-date: /home/robu/work/robu_hoeran19_ws/install/robu_interfaces/include/robu_interfaces/robu_interfaces/msg
[5.698s] -- Up-to-date: /home/robu/work/robu_hoeran19_ws/install/robu_interfaces/include/robu_interfaces/robu_interfaces/msg/rosidl_typesupport_fastrtps_cpp__visibility_control.h
[5.719s] -- Up-to-date: /home/robu/work/robu_hoeran19_ws/install/robu_interfaces/lib/librobu_interfaces__rosidl_typesupport_fastrtps_cpp.so
[5.720s] -- Up-to-date: /home/robu/work/robu_hoeran19_ws/install/robu_interfaces/include/robu_interfaces/robu_interfaces
[5.721s] -- Up-to-date: /home/robu/work/robu_hoeran19_ws/install/robu_interfaces/include/robu_interfaces/robu_interfaces/action
[5.721s] -- Up-to-date: /home/robu/work/robu_hoeran19_ws/install/robu_interfaces/include/robu_interfaces/robu_interfaces/action/detail
[5.722s] -- Up-to-date: /home/robu/work/robu_hoeran19_ws/install/robu_interfaces/include/robu_interfaces/robu_interfaces/action/detail/fibonacci__rosidl_typesupport_introspection_cpp.hpp
[5.722s] -- Up-to-date: /home/robu/work/robu_hoeran19_ws/install/robu_interfaces/include/robu_interfaces/robu_interfaces/action/detail/fibonacci__type_support.cpp
[5.726s] -- Up-to-date: /home/robu/work/robu_hoeran19_ws/install/robu_interfaces/lib/librobu_interfaces__rosidl_typesupport_introspection_cpp.so
[5.731s] -- Up-to-date: /home/robu/work/robu_hoeran19_ws/install/robu_interfaces/lib/librobu_interfaces__rosidl_typesupport_cpp.so
[5.732s] -- Up-to-date: /home/robu/work/robu_hoeran19_ws/install/robu_interfaces/share/robu_interfaces/environment/pythonpath.sh
[5.733s] -- Up-to-date: /home/robu/work/robu_hoeran19_ws/install/robu_interfaces/share/robu_interfaces/environment/pythonpath.dsv
[5.733s] -- Up-to-date: /home/robu/work/robu_hoeran19_ws/install/robu_interfaces/local/lib/python3.10/dist-packages/robu_interfaces-0.0.0-py3.10.egg-info
[5.734s] -- Installing: /home/robu/work/robu_hoeran19_ws/install/robu_interfaces/local/lib/python3.10/dist-packages/robu_interfaces-0.0.0-py3.10.egg-info/top_level.txt
[5.734s] -- Installing: /home/robu/work/robu_hoeran19_ws/install/robu_interfaces/local/lib/python3.10/dist-packages/robu_interfaces-0.0.0-py3.10.egg-info/dependency_links.txt
[5.735s] -- Installing: /home/robu/work/robu_hoeran19_ws/install/robu_interfaces/local/lib/python3.10/dist-packages/robu_interfaces-0.0.0-py3.10.egg-info/PKG-INFO
[5.736s] -- Installing: /home/robu/work/robu_hoeran19_ws/install/robu_interfaces/local/lib/python3.10/dist-packages/robu_interfaces-0.0.0-py3.10.egg-info/SOURCES.txt
[5.737s] -- Up-to-date: /home/robu/work/robu_hoeran19_ws/install/robu_interfaces/local/lib/python3.10/dist-packages/robu_interfaces
[5.737s] -- Up-to-date: /home/robu/work/robu_hoeran19_ws/install/robu_interfaces/local/lib/python3.10/dist-packages/robu_interfaces/action
[5.738s] -- Up-to-date: /home/robu/work/robu_hoeran19_ws/install/robu_interfaces/local/lib/python3.10/dist-packages/robu_interfaces/action/_fibonacci_s.c
[5.738s] -- Up-to-date: /home/robu/work/robu_hoeran19_ws/install/robu_interfaces/local/lib/python3.10/dist-packages/robu_interfaces/action/_fibonacci.py
[5.738s] -- Up-to-date: /home/robu/work/robu_hoeran19_ws/install/robu_interfaces/local/lib/python3.10/dist-packages/robu_interfaces/action/__init__.py
[5.739s] -- Up-to-date: /home/robu/work/robu_hoeran19_ws/install/robu_interfaces/local/lib/python3.10/dist-packages/robu_interfaces/_robu_interfaces_s.ep.rosidl_typesupport_introspection_c.c
[5.739s] -- Up-to-date: /home/robu/work/robu_hoeran19_ws/install/robu_interfaces/local/lib/python3.10/dist-packages/robu_interfaces/robu_interfaces_s__rosidl_typesupport_fastrtps_c.cpython-310-x86_64-linux-gnu.so
[5.740s] -- Up-to-date: /home/robu/work/robu_hoeran19_ws/install/robu_interfaces/local/lib/python3.10/dist-packages/robu_interfaces/robu_interfaces_s__rosidl_typesupport_c.cpython-310-x86_64-linux-gnu.so
[5.740s] -- Up-to-date: /home/robu/work/robu_hoeran19_ws/install/robu_interfaces/local/lib/python3.10/dist-packages/robu_interfaces/_robu_interfaces_s.ep.rosidl_typesupport_c.c
[5.741s] -- Up-to-date: /home/robu/work/robu_hoeran19_ws/install/robu_interfaces/local/lib/python3.10/dist-packages/robu_interfaces/librobu_interfaces__rosidl_generator_py.so
[5.741s] -- Up-to-date: /home/robu/work/robu_hoeran19_ws/install/robu_interfaces/local/lib/python3.10/dist-packages/robu_interfaces/robu_interfaces_s__rosidl_typesupport_introspection_c.cpython-310-x86_64-linux-gnu.so
[5.742s] -- Up-to-date: /home/robu/work/robu_hoeran19_ws/install/robu_interfaces/local/lib/python3.10/dist-packages/robu_interfaces/__init__.py
[5.742s] -- Up-to-date: /home/robu/work/robu_hoeran19_ws/install/robu_interfaces/local/lib/python3.10/dist-packages/robu_interfaces/_robu_interfaces_s.ep.rosidl_typesupport_fastrtps_c.c
[5.918s] Listing '/home/robu/work/robu_hoeran19_ws/install/robu_interfaces/local/lib/python3.10/dist-packages/robu_interfaces'...
[5.918s] Listing '/home/robu/work/robu_hoeran19_ws/install/robu_interfaces/local/lib/python3.10/dist-packages/robu_interfaces/action'...
[5.936s] -- Up-to-date: /home/robu/work/robu_hoeran19_ws/install/robu_interfaces/local/lib/python3.10/dist-packages/robu_interfaces/robu_interfaces_s__rosidl_typesupport_fastrtps_c.cpython-310-x86_64-linux-gnu.so
[5.941s] -- Up-to-date: /home/robu/work/robu_hoeran19_ws/install/robu_interfaces/local/lib/python3.10/dist-packages/robu_interfaces/robu_interfaces_s__rosidl_typesupport_introspection_c.cpython-310-x86_64-linux-gnu.so
[5.946s] -- Up-to-date: /home/robu/work/robu_hoeran19_ws/install/robu_interfaces/local/lib/python3.10/dist-packages/robu_interfaces/robu_interfaces_s__rosidl_typesupport_c.cpython-310-x86_64-linux-gnu.so
[5.950s] -- Up-to-date: /home/robu/work/robu_hoeran19_ws/install/robu_interfaces/lib/librobu_interfaces__rosidl_generator_py.so
[5.951s] -- Up-to-date: /home/robu/work/robu_hoeran19_ws/install/robu_interfaces/share/robu_interfaces/action/Fibonacci.idl
[5.952s] -- Up-to-date: /home/robu/work/robu_hoeran19_ws/install/robu_interfaces/share/robu_interfaces/action/Fibonacci.action
[5.952s] -- Up-to-date: /home/robu/work/robu_hoeran19_ws/install/robu_interfaces/share/ament_index/resource_index/package_run_dependencies/robu_interfaces
[5.953s] -- Up-to-date: /home/robu/work/robu_hoeran19_ws/install/robu_interfaces/share/ament_index/resource_index/parent_prefix_path/robu_interfaces
[5.953s] -- Up-to-date: /home/robu/work/robu_hoeran19_ws/install/robu_interfaces/share/robu_interfaces/environment/ament_prefix_path.sh
[5.954s] -- Up-to-date: /home/robu/work/robu_hoeran19_ws/install/robu_interfaces/share/robu_interfaces/environment/ament_prefix_path.dsv
[5.954s] -- Up-to-date: /home/robu/work/robu_hoeran19_ws/install/robu_interfaces/share/robu_interfaces/environment/path.sh
[5.955s] -- Up-to-date: /home/robu/work/robu_hoeran19_ws/install/robu_interfaces/share/robu_interfaces/environment/path.dsv
[5.955s] -- Up-to-date: /home/robu/work/robu_hoeran19_ws/install/robu_interfaces/share/robu_interfaces/local_setup.bash
[5.956s] -- Up-to-date: /home/robu/work/robu_hoeran19_ws/install/robu_interfaces/share/robu_interfaces/local_setup.sh
[5.957s] -- Up-to-date: /home/robu/work/robu_hoeran19_ws/install/robu_interfaces/share/robu_interfaces/local_setup.zsh
[5.957s] -- Up-to-date: /home/robu/work/robu_hoeran19_ws/install/robu_interfaces/share/robu_interfaces/local_setup.dsv
[5.958s] -- Installing: /home/robu/work/robu_hoeran19_ws/install/robu_interfaces/share/robu_interfaces/package.dsv
[5.964s] -- Up-to-date: /home/robu/work/robu_hoeran19_ws/install/robu_interfaces/share/ament_index/resource_index/packages/robu_interfaces
[5.966s] -- Up-to-date: /home/robu/work/robu_hoeran19_ws/install/robu_interfaces/share/robu_interfaces/cmake/export_robu_interfaces__rosidl_generator_cExport.cmake
[5.967s] -- Up-to-date: /home/robu/work/robu_hoeran19_ws/install/robu_interfaces/share/robu_interfaces/cmake/export_robu_interfaces__rosidl_generator_cExport-noconfig.cmake
[5.969s] -- Up-to-date: /home/robu/work/robu_hoeran19_ws/install/robu_interfaces/share/robu_interfaces/cmake/export_robu_interfaces__rosidl_typesupport_fastrtps_cExport.cmake
[5.970s] -- Up-to-date: /home/robu/work/robu_hoeran19_ws/install/robu_interfaces/share/robu_interfaces/cmake/export_robu_interfaces__rosidl_typesupport_fastrtps_cExport-noconfig.cmake
[5.972s] -- Up-to-date: /home/robu/work/robu_hoeran19_ws/install/robu_interfaces/share/robu_interfaces/cmake/robu_interfaces__rosidl_typesupport_introspection_cExport.cmake
[5.973s] -- Up-to-date: /home/robu/work/robu_hoeran19_ws/install/robu_interfaces/share/robu_interfaces/cmake/robu_interfaces__rosidl_typesupport_introspection_cExport-noconfig.cmake
[5.975s] -- Up-to-date: /home/robu/work/robu_hoeran19_ws/install/robu_interfaces/share/robu_interfaces/cmake/robu_interfaces__rosidl_typesupport_cExport.cmake
[5.976s] -- Up-to-date: /home/robu/work/robu_hoeran19_ws/install/robu_interfaces/share/robu_interfaces/cmake/robu_interfaces__rosidl_typesupport_cExport-noconfig.cmake
[5.978s] -- Up-to-date: /home/robu/work/robu_hoeran19_ws/install/robu_interfaces/share/robu_interfaces/cmake/export_robu_interfaces__rosidl_generator_cppExport.cmake
[5.981s] -- Up-to-date: /home/robu/work/robu_hoeran19_ws/install/robu_interfaces/share/robu_interfaces/cmake/export_robu_interfaces__rosidl_typesupport_fastrtps_cppExport.cmake
[5.982s] -- Up-to-date: /home/robu/work/robu_hoeran19_ws/install/robu_interfaces/share/robu_interfaces/cmake/export_robu_interfaces__rosidl_typesupport_fastrtps_cppExport-noconfig.cmake
[5.984s] -- Up-to-date: /home/robu/work/robu_hoeran19_ws/install/robu_interfaces/share/robu_interfaces/cmake/robu_interfaces__rosidl_typesupport_introspection_cppExport.cmake
[5.985s] -- Up-to-date: /home/robu/work/robu_hoeran19_ws/install/robu_interfaces/share/robu_interfaces/cmake/robu_interfaces__rosidl_typesupport_introspection_cppExport-noconfig.cmake
[5.987s] -- Up-to-date: /home/robu/work/robu_hoeran19_ws/install/robu_interfaces/share/robu_interfaces/cmake/robu_interfaces__rosidl_typesupport_cppExport.cmake
[5.988s] -- Up-to-date: /home/robu/work/robu_hoeran19_ws/install/robu_interfaces/share/robu_interfaces/cmake/robu_interfaces__rosidl_typesupport_cppExport-noconfig.cmake
[5.991s] -- Up-to-date: /home/robu/work/robu_hoeran19_ws/install/robu_interfaces/share/robu_interfaces/cmake/export_robu_interfaces__rosidl_generator_pyExport.cmake
[5.992s] -- Up-to-date: /home/robu/work/robu_hoeran19_ws/install/robu_interfaces/share/robu_interfaces/cmake/export_robu_interfaces__rosidl_generator_pyExport-noconfig.cmake
[5.993s] -- Up-to-date: /home/robu/work/robu_hoeran19_ws/install/robu_interfaces/share/robu_interfaces/cmake/rosidl_cmake-extras.cmake
[5.994s] -- Up-to-date: /home/robu/work/robu_hoeran19_ws/install/robu_interfaces/share/robu_interfaces/cmake/ament_cmake_export_dependencies-extras.cmake
[5.995s] -- Up-to-date: /home/robu/work/robu_hoeran19_ws/install/robu_interfaces/share/robu_interfaces/cmake/ament_cmake_export_include_directories-extras.cmake
[5.995s] -- Up-to-date: /home/robu/work/robu_hoeran19_ws/install/robu_interfaces/share/robu_interfaces/cmake/ament_cmake_export_libraries-extras.cmake
[5.996s] -- Up-to-date: /home/robu/work/robu_hoeran19_ws/install/robu_interfaces/share/robu_interfaces/cmake/ament_cmake_export_targets-extras.cmake
[5.999s] -- Up-to-date: /home/robu/work/robu_hoeran19_ws/install/robu_interfaces/share/robu_interfaces/cmake/rosidl_cmake_export_typesupport_targets-extras.cmake
[6.000s] -- Up-to-date: /home/robu/work/robu_hoeran19_ws/install/robu_interfaces/share/robu_interfaces/cmake/rosidl_cmake_export_typesupport_libraries-extras.cmake
[6.000s] -- Up-to-date: /home/robu/work/robu_hoeran19_ws/install/robu_interfaces/share/robu_interfaces/cmake/robu_interfacesConfig.cmake
[6.001s] -- Up-to-date: /home/robu/work/robu_hoeran19_ws/install/robu_interfaces/share/robu_interfaces/cmake/robu_interfacesConfig-version.cmake
[6.001s] -- Up-to-date: /home/robu/work/robu_hoeran19_ws/install/robu_interfaces/share/robu_interfaces/package.xml
[6.017s] Invoked command in '/home/robu/work/robu_hoeran19_ws/build/robu_interfaces' returned '0': CMAKE_PREFIX_PATH=${CMAKE_PREFIX_PATH}:/home/robu/work/turtlebot3_ws/install/turtlebot3_teleop:/home/robu/work/turtlebot3_ws/install/turtlebot3_example:/opt/ros/humble /usr/bin/cmake --install /home/robu/work/robu_hoeran19_ws/build/robu_interfaces
