[0.788s] Invoking command in '/home/robu/work/robu_hoeran19_ws/build/robu_interfaces': CMAKE_PREFIX_PATH=${CMAKE_PREFIX_PATH}:/home/robu/work/turtlebot3_ws/install/turtlebot3_teleop:/home/robu/work/turtlebot3_ws/install/turtlebot3_example:/opt/ros/humble /usr/bin/cmake --build /home/robu/work/robu_hoeran19_ws/build/robu_interfaces -- -j2 -l2
[1.819s] [  3%] Built target robu_interfaces__cpp
[2.116s] [  3%] Built target ament_cmake_python_copy_robu_interfaces
[2.127s] [ 12%] Built target robu_interfaces__rosidl_generator_c
[2.459s] [ 22%] Built target robu_interfaces__rosidl_typesupport_fastrtps_c
[2.471s] [ 32%] Built target robu_interfaces__rosidl_typesupport_cpp
[2.658s] [ 41%] Built target robu_interfaces__rosidl_typesupport_c
[2.685s] [ 51%] Built target robu_interfaces__rosidl_typesupport_introspection_c
[2.809s] [ 61%] Built target robu_interfaces__rosidl_typesupport_fastrtps_cpp
[2.844s] [ 70%] Built target robu_interfaces__rosidl_typesupport_introspection_cpp
[3.001s] [ 70%] Built target robu_interfaces
[3.191s] [ 74%] Built target robu_interfaces__py
[3.607s] [ 80%] Built target robu_interfaces__rosidl_generator_py
[3.768s] [ 87%] Built target robu_interfaces__rosidl_typesupport_fastrtps_c__pyext
[3.828s] running egg_info
[3.860s] writing robu_interfaces.egg-info/PKG-INFO
[3.864s] writing dependency_links to robu_interfaces.egg-info/dependency_links.txt
[3.869s] writing top-level names to robu_interfaces.egg-info/top_level.txt
[3.877s] reading manifest file 'robu_interfaces.egg-info/SOURCES.txt'
[3.896s] writing manifest file 'robu_interfaces.egg-info/SOURCES.txt'
[3.898s] [ 93%] Built target robu_interfaces__rosidl_typesupport_introspection_c__pyext
[3.988s] [100%] Built target robu_interfaces__rosidl_typesupport_c__pyext
[3.999s] [100%] Built target ament_cmake_python_build_robu_interfaces_egg
[4.087s] Invoked command in '/home/robu/work/robu_hoeran19_ws/build/robu_interfaces' returned '0': CMAKE_PREFIX_PATH=${CMAKE_PREFIX_PATH}:/home/robu/work/turtlebot3_ws/install/turtlebot3_teleop:/home/robu/work/turtlebot3_ws/install/turtlebot3_example:/opt/ros/humble /usr/bin/cmake --build /home/robu/work/robu_hoeran19_ws/build/robu_interfaces -- -j2 -l2
[4.424s] Invoking command in '/home/robu/work/robu_hoeran19_ws/build/robu_interfaces': CMAKE_PREFIX_PATH=${CMAKE_PREFIX_PATH}:/home/robu/work/turtlebot3_ws/install/turtlebot3_teleop:/home/robu/work/turtlebot3_ws/install/turtlebot3_example:/opt/ros/humble /usr/bin/cmake --install /home/robu/work/robu_hoeran19_ws/build/robu_interfaces
[4.470s] -- Install configuration: ""
[4.471s] -- Up-to-date: /home/robu/work/robu_hoeran19_ws/install/robu_interfaces/share/ament_index/resource_index/rosidl_interfaces/robu_interfaces
[4.471s] -- Up-to-date: /home/robu/work/robu_hoeran19_ws/install/robu_interfaces/include/robu_interfaces/robu_interfaces
[4.471s] -- Up-to-date: /home/robu/work/robu_hoeran19_ws/install/robu_interfaces/include/robu_interfaces/robu_interfaces/action
[4.472s] -- Up-to-date: /home/robu/work/robu_hoeran19_ws/install/robu_interfaces/include/robu_interfaces/robu_interfaces/action/detail
[4.472s] -- Up-to-date: /home/robu/work/robu_hoeran19_ws/install/robu_interfaces/include/robu_interfaces/robu_interfaces/action/detail/fibonacci__functions.c
[4.472s] -- Up-to-date: /home/robu/work/robu_hoeran19_ws/install/robu_interfaces/include/robu_interfaces/robu_interfaces/action/detail/fibonacci__struct.h
[4.472s] -- Up-to-date: /home/robu/work/robu_hoeran19_ws/install/robu_interfaces/include/robu_interfaces/robu_interfaces/action/detail/fibonacci__type_support.h
[4.473s] -- Up-to-date: /home/robu/work/robu_hoeran19_ws/install/robu_interfaces/include/robu_interfaces/robu_interfaces/action/detail/fibonacci__functions.h
[4.473s] -- Up-to-date: /home/robu/work/robu_hoeran19_ws/install/robu_interfaces/include/robu_interfaces/robu_interfaces/action/fibonacci.h
[4.474s] -- Up-to-date: /home/robu/work/robu_hoeran19_ws/install/robu_interfaces/include/robu_interfaces/robu_interfaces/msg
[4.474s] -- Up-to-date: /home/robu/work/robu_hoeran19_ws/install/robu_interfaces/include/robu_interfaces/robu_interfaces/msg/rosidl_generator_c__visibility_control.h
[4.474s] -- Up-to-date: /home/robu/work/robu_hoeran19_ws/install/robu_interfaces/share/robu_interfaces/environment/library_path.sh
[4.474s] -- Up-to-date: /home/robu/work/robu_hoeran19_ws/install/robu_interfaces/share/robu_interfaces/environment/library_path.dsv
[4.474s] -- Up-to-date: /home/robu/work/robu_hoeran19_ws/install/robu_interfaces/lib/librobu_interfaces__rosidl_generator_c.so
[4.474s] -- Up-to-date: /home/robu/work/robu_hoeran19_ws/install/robu_interfaces/include/robu_interfaces/robu_interfaces
[4.475s] -- Up-to-date: /home/robu/work/robu_hoeran19_ws/install/robu_interfaces/include/robu_interfaces/robu_interfaces/action
[4.475s] -- Up-to-date: /home/robu/work/robu_hoeran19_ws/install/robu_interfaces/include/robu_interfaces/robu_interfaces/action/detail
[4.475s] -- Up-to-date: /home/robu/work/robu_hoeran19_ws/install/robu_interfaces/include/robu_interfaces/robu_interfaces/action/detail/fibonacci__rosidl_typesupport_fastrtps_c.h
[4.484s] -- Up-to-date: /home/robu/work/robu_hoeran19_ws/install/robu_interfaces/include/robu_interfaces/robu_interfaces/msg
[4.484s] -- Up-to-date: /home/robu/work/robu_hoeran19_ws/install/robu_interfaces/include/robu_interfaces/robu_interfaces/msg/rosidl_typesupport_fastrtps_c__visibility_control.h
[4.485s] -- Up-to-date: /home/robu/work/robu_hoeran19_ws/install/robu_interfaces/lib/librobu_interfaces__rosidl_typesupport_fastrtps_c.so
[4.485s] -- Up-to-date: /home/robu/work/robu_hoeran19_ws/install/robu_interfaces/include/robu_interfaces/robu_interfaces
[4.485s] -- Up-to-date: /home/robu/work/robu_hoeran19_ws/install/robu_interfaces/include/robu_interfaces/robu_interfaces/action
[4.486s] -- Up-to-date: /home/robu/work/robu_hoeran19_ws/install/robu_interfaces/include/robu_interfaces/robu_interfaces/action/detail
[4.486s] -- Up-to-date: /home/robu/work/robu_hoeran19_ws/install/robu_interfaces/include/robu_interfaces/robu_interfaces/action/detail/fibonacci__type_support.c
[4.486s] -- Up-to-date: /home/robu/work/robu_hoeran19_ws/install/robu_interfaces/include/robu_interfaces/robu_interfaces/action/detail/fibonacci__rosidl_typesupport_introspection_c.h
[4.486s] -- Up-to-date: /home/robu/work/robu_hoeran19_ws/install/robu_interfaces/include/robu_interfaces/robu_interfaces/msg
[4.486s] -- Up-to-date: /home/robu/work/robu_hoeran19_ws/install/robu_interfaces/include/robu_interfaces/robu_interfaces/msg/rosidl_typesupport_introspection_c__visibility_control.h
[4.486s] -- Up-to-date: /home/robu/work/robu_hoeran19_ws/install/robu_interfaces/lib/librobu_interfaces__rosidl_typesupport_introspection_c.so
[4.503s] -- Up-to-date: /home/robu/work/robu_hoeran19_ws/install/robu_interfaces/lib/librobu_interfaces__rosidl_typesupport_c.so
[4.504s] -- Up-to-date: /home/robu/work/robu_hoeran19_ws/install/robu_interfaces/include/robu_interfaces/robu_interfaces
[4.504s] -- Up-to-date: /home/robu/work/robu_hoeran19_ws/install/robu_interfaces/include/robu_interfaces/robu_interfaces/action
[4.505s] -- Up-to-date: /home/robu/work/robu_hoeran19_ws/install/robu_interfaces/include/robu_interfaces/robu_interfaces/action/detail
[4.505s] -- Up-to-date: /home/robu/work/robu_hoeran19_ws/install/robu_interfaces/include/robu_interfaces/robu_interfaces/action/detail/fibonacci__struct.hpp
[4.505s] -- Up-to-date: /home/robu/work/robu_hoeran19_ws/install/robu_interfaces/include/robu_interfaces/robu_interfaces/action/detail/fibonacci__builder.hpp
[4.505s] -- Up-to-date: /home/robu/work/robu_hoeran19_ws/install/robu_interfaces/include/robu_interfaces/robu_interfaces/action/detail/fibonacci__traits.hpp
[4.505s] -- Up-to-date: /home/robu/work/robu_hoeran19_ws/install/robu_interfaces/include/robu_interfaces/robu_interfaces/action/fibonacci.hpp
[4.506s] -- Up-to-date: /home/robu/work/robu_hoeran19_ws/install/robu_interfaces/include/robu_interfaces/robu_interfaces
[4.506s] -- Up-to-date: /home/robu/work/robu_hoeran19_ws/install/robu_interfaces/include/robu_interfaces/robu_interfaces/action
[4.511s] -- Up-to-date: /home/robu/work/robu_hoeran19_ws/install/robu_interfaces/include/robu_interfaces/robu_interfaces/action/detail
[4.512s] -- Up-to-date: /home/robu/work/robu_hoeran19_ws/install/robu_interfaces/include/robu_interfaces/robu_interfaces/action/detail/dds_fastrtps
[4.512s] -- Up-to-date: /home/robu/work/robu_hoeran19_ws/install/robu_interfaces/include/robu_interfaces/robu_interfaces/action/detail/fibonacci__rosidl_typesupport_fastrtps_cpp.hpp
[4.512s] -- Up-to-date: /home/robu/work/robu_hoeran19_ws/install/robu_interfaces/include/robu_interfaces/robu_interfaces/msg
[4.512s] -- Up-to-date: /home/robu/work/robu_hoeran19_ws/install/robu_interfaces/include/robu_interfaces/robu_interfaces/msg/rosidl_typesupport_fastrtps_cpp__visibility_control.h
[4.522s] -- Up-to-date: /home/robu/work/robu_hoeran19_ws/install/robu_interfaces/lib/librobu_interfaces__rosidl_typesupport_fastrtps_cpp.so
[4.523s] -- Up-to-date: /home/robu/work/robu_hoeran19_ws/install/robu_interfaces/include/robu_interfaces/robu_interfaces
[4.523s] -- Up-to-date: /home/robu/work/robu_hoeran19_ws/install/robu_interfaces/include/robu_interfaces/robu_interfaces/action
[4.524s] -- Up-to-date: /home/robu/work/robu_hoeran19_ws/install/robu_interfaces/include/robu_interfaces/robu_interfaces/action/detail
[4.524s] -- Up-to-date: /home/robu/work/robu_hoeran19_ws/install/robu_interfaces/include/robu_interfaces/robu_interfaces/action/detail/fibonacci__rosidl_typesupport_introspection_cpp.hpp
[4.524s] -- Up-to-date: /home/robu/work/robu_hoeran19_ws/install/robu_interfaces/include/robu_interfaces/robu_interfaces/action/detail/fibonacci__type_support.cpp
[4.526s] -- Up-to-date: /home/robu/work/robu_hoeran19_ws/install/robu_interfaces/lib/librobu_interfaces__rosidl_typesupport_introspection_cpp.so
[4.528s] -- Up-to-date: /home/robu/work/robu_hoeran19_ws/install/robu_interfaces/lib/librobu_interfaces__rosidl_typesupport_cpp.so
[4.528s] -- Up-to-date: /home/robu/work/robu_hoeran19_ws/install/robu_interfaces/share/robu_interfaces/environment/pythonpath.sh
[4.529s] -- Up-to-date: /home/robu/work/robu_hoeran19_ws/install/robu_interfaces/share/robu_interfaces/environment/pythonpath.dsv
[4.530s] -- Up-to-date: /home/robu/work/robu_hoeran19_ws/install/robu_interfaces/local/lib/python3.10/dist-packages/robu_interfaces-0.0.0-py3.10.egg-info
[4.530s] -- Installing: /home/robu/work/robu_hoeran19_ws/install/robu_interfaces/local/lib/python3.10/dist-packages/robu_interfaces-0.0.0-py3.10.egg-info/top_level.txt
[4.530s] -- Installing: /home/robu/work/robu_hoeran19_ws/install/robu_interfaces/local/lib/python3.10/dist-packages/robu_interfaces-0.0.0-py3.10.egg-info/dependency_links.txt
[4.531s] -- Installing: /home/robu/work/robu_hoeran19_ws/install/robu_interfaces/local/lib/python3.10/dist-packages/robu_interfaces-0.0.0-py3.10.egg-info/PKG-INFO
[4.532s] -- Installing: /home/robu/work/robu_hoeran19_ws/install/robu_interfaces/local/lib/python3.10/dist-packages/robu_interfaces-0.0.0-py3.10.egg-info/SOURCES.txt
[4.532s] -- Up-to-date: /home/robu/work/robu_hoeran19_ws/install/robu_interfaces/local/lib/python3.10/dist-packages/robu_interfaces
[4.533s] -- Up-to-date: /home/robu/work/robu_hoeran19_ws/install/robu_interfaces/local/lib/python3.10/dist-packages/robu_interfaces/action
[4.533s] -- Up-to-date: /home/robu/work/robu_hoeran19_ws/install/robu_interfaces/local/lib/python3.10/dist-packages/robu_interfaces/action/_fibonacci_s.c
[4.533s] -- Up-to-date: /home/robu/work/robu_hoeran19_ws/install/robu_interfaces/local/lib/python3.10/dist-packages/robu_interfaces/action/_fibonacci.py
[4.534s] -- Up-to-date: /home/robu/work/robu_hoeran19_ws/install/robu_interfaces/local/lib/python3.10/dist-packages/robu_interfaces/action/__init__.py
[4.535s] -- Up-to-date: /home/robu/work/robu_hoeran19_ws/install/robu_interfaces/local/lib/python3.10/dist-packages/robu_interfaces/_robu_interfaces_s.ep.rosidl_typesupport_introspection_c.c
[4.535s] -- Up-to-date: /home/robu/work/robu_hoeran19_ws/install/robu_interfaces/local/lib/python3.10/dist-packages/robu_interfaces/robu_interfaces_s__rosidl_typesupport_fastrtps_c.cpython-310-x86_64-linux-gnu.so
[4.535s] -- Up-to-date: /home/robu/work/robu_hoeran19_ws/install/robu_interfaces/local/lib/python3.10/dist-packages/robu_interfaces/robu_interfaces_s__rosidl_typesupport_c.cpython-310-x86_64-linux-gnu.so
[4.536s] -- Up-to-date: /home/robu/work/robu_hoeran19_ws/install/robu_interfaces/local/lib/python3.10/dist-packages/robu_interfaces/_robu_interfaces_s.ep.rosidl_typesupport_c.c
[4.536s] -- Up-to-date: /home/robu/work/robu_hoeran19_ws/install/robu_interfaces/local/lib/python3.10/dist-packages/robu_interfaces/librobu_interfaces__rosidl_generator_py.so
[4.536s] -- Up-to-date: /home/robu/work/robu_hoeran19_ws/install/robu_interfaces/local/lib/python3.10/dist-packages/robu_interfaces/robu_interfaces_s__rosidl_typesupport_introspection_c.cpython-310-x86_64-linux-gnu.so
[4.536s] -- Up-to-date: /home/robu/work/robu_hoeran19_ws/install/robu_interfaces/local/lib/python3.10/dist-packages/robu_interfaces/__init__.py
[4.536s] -- Up-to-date: /home/robu/work/robu_hoeran19_ws/install/robu_interfaces/local/lib/python3.10/dist-packages/robu_interfaces/_robu_interfaces_s.ep.rosidl_typesupport_fastrtps_c.c
[4.621s] Listing '/home/robu/work/robu_hoeran19_ws/install/robu_interfaces/local/lib/python3.10/dist-packages/robu_interfaces'...
[4.622s] Listing '/home/robu/work/robu_hoeran19_ws/install/robu_interfaces/local/lib/python3.10/dist-packages/robu_interfaces/action'...
[4.631s] -- Up-to-date: /home/robu/work/robu_hoeran19_ws/install/robu_interfaces/local/lib/python3.10/dist-packages/robu_interfaces/robu_interfaces_s__rosidl_typesupport_fastrtps_c.cpython-310-x86_64-linux-gnu.so
[4.633s] -- Up-to-date: /home/robu/work/robu_hoeran19_ws/install/robu_interfaces/local/lib/python3.10/dist-packages/robu_interfaces/robu_interfaces_s__rosidl_typesupport_introspection_c.cpython-310-x86_64-linux-gnu.so
[4.635s] -- Up-to-date: /home/robu/work/robu_hoeran19_ws/install/robu_interfaces/local/lib/python3.10/dist-packages/robu_interfaces/robu_interfaces_s__rosidl_typesupport_c.cpython-310-x86_64-linux-gnu.so
[4.638s] -- Up-to-date: /home/robu/work/robu_hoeran19_ws/install/robu_interfaces/lib/librobu_interfaces__rosidl_generator_py.so
[4.639s] -- Up-to-date: /home/robu/work/robu_hoeran19_ws/install/robu_interfaces/share/robu_interfaces/action/Fibonacci.idl
[4.639s] -- Up-to-date: /home/robu/work/robu_hoeran19_ws/install/robu_interfaces/share/robu_interfaces/action/Fibonacci.action
[4.640s] -- Up-to-date: /home/robu/work/robu_hoeran19_ws/install/robu_interfaces/share/ament_index/resource_index/package_run_dependencies/robu_interfaces
[4.640s] -- Up-to-date: /home/robu/work/robu_hoeran19_ws/install/robu_interfaces/share/ament_index/resource_index/parent_prefix_path/robu_interfaces
[4.641s] -- Up-to-date: /home/robu/work/robu_hoeran19_ws/install/robu_interfaces/share/robu_interfaces/environment/ament_prefix_path.sh
[4.641s] -- Up-to-date: /home/robu/work/robu_hoeran19_ws/install/robu_interfaces/share/robu_interfaces/environment/ament_prefix_path.dsv
[4.642s] -- Up-to-date: /home/robu/work/robu_hoeran19_ws/install/robu_interfaces/share/robu_interfaces/environment/path.sh
[4.642s] -- Up-to-date: /home/robu/work/robu_hoeran19_ws/install/robu_interfaces/share/robu_interfaces/environment/path.dsv
[4.642s] -- Up-to-date: /home/robu/work/robu_hoeran19_ws/install/robu_interfaces/share/robu_interfaces/local_setup.bash
[4.643s] -- Up-to-date: /home/robu/work/robu_hoeran19_ws/install/robu_interfaces/share/robu_interfaces/local_setup.sh
[4.643s] -- Up-to-date: /home/robu/work/robu_hoeran19_ws/install/robu_interfaces/share/robu_interfaces/local_setup.zsh
[4.644s] -- Up-to-date: /home/robu/work/robu_hoeran19_ws/install/robu_interfaces/share/robu_interfaces/local_setup.dsv
[4.644s] -- Installing: /home/robu/work/robu_hoeran19_ws/install/robu_interfaces/share/robu_interfaces/package.dsv
[4.646s] -- Up-to-date: /home/robu/work/robu_hoeran19_ws/install/robu_interfaces/share/ament_index/resource_index/packages/robu_interfaces
[4.648s] -- Up-to-date: /home/robu/work/robu_hoeran19_ws/install/robu_interfaces/share/robu_interfaces/cmake/export_robu_interfaces__rosidl_generator_cExport.cmake
[4.648s] -- Up-to-date: /home/robu/work/robu_hoeran19_ws/install/robu_interfaces/share/robu_interfaces/cmake/export_robu_interfaces__rosidl_generator_cExport-noconfig.cmake
[4.650s] -- Up-to-date: /home/robu/work/robu_hoeran19_ws/install/robu_interfaces/share/robu_interfaces/cmake/export_robu_interfaces__rosidl_typesupport_fastrtps_cExport.cmake
[4.650s] -- Up-to-date: /home/robu/work/robu_hoeran19_ws/install/robu_interfaces/share/robu_interfaces/cmake/export_robu_interfaces__rosidl_typesupport_fastrtps_cExport-noconfig.cmake
[4.651s] -- Up-to-date: /home/robu/work/robu_hoeran19_ws/install/robu_interfaces/share/robu_interfaces/cmake/robu_interfaces__rosidl_typesupport_introspection_cExport.cmake
[4.652s] -- Up-to-date: /home/robu/work/robu_hoeran19_ws/install/robu_interfaces/share/robu_interfaces/cmake/robu_interfaces__rosidl_typesupport_introspection_cExport-noconfig.cmake
[4.653s] -- Up-to-date: /home/robu/work/robu_hoeran19_ws/install/robu_interfaces/share/robu_interfaces/cmake/robu_interfaces__rosidl_typesupport_cExport.cmake
[4.653s] -- Up-to-date: /home/robu/work/robu_hoeran19_ws/install/robu_interfaces/share/robu_interfaces/cmake/robu_interfaces__rosidl_typesupport_cExport-noconfig.cmake
[4.654s] -- Up-to-date: /home/robu/work/robu_hoeran19_ws/install/robu_interfaces/share/robu_interfaces/cmake/export_robu_interfaces__rosidl_generator_cppExport.cmake
[4.656s] -- Up-to-date: /home/robu/work/robu_hoeran19_ws/install/robu_interfaces/share/robu_interfaces/cmake/export_robu_interfaces__rosidl_typesupport_fastrtps_cppExport.cmake
[4.656s] -- Up-to-date: /home/robu/work/robu_hoeran19_ws/install/robu_interfaces/share/robu_interfaces/cmake/export_robu_interfaces__rosidl_typesupport_fastrtps_cppExport-noconfig.cmake
[4.657s] -- Up-to-date: /home/robu/work/robu_hoeran19_ws/install/robu_interfaces/share/robu_interfaces/cmake/robu_interfaces__rosidl_typesupport_introspection_cppExport.cmake
[4.658s] -- Up-to-date: /home/robu/work/robu_hoeran19_ws/install/robu_interfaces/share/robu_interfaces/cmake/robu_interfaces__rosidl_typesupport_introspection_cppExport-noconfig.cmake
[4.659s] -- Up-to-date: /home/robu/work/robu_hoeran19_ws/install/robu_interfaces/share/robu_interfaces/cmake/robu_interfaces__rosidl_typesupport_cppExport.cmake
[4.659s] -- Up-to-date: /home/robu/work/robu_hoeran19_ws/install/robu_interfaces/share/robu_interfaces/cmake/robu_interfaces__rosidl_typesupport_cppExport-noconfig.cmake
[4.661s] -- Up-to-date: /home/robu/work/robu_hoeran19_ws/install/robu_interfaces/share/robu_interfaces/cmake/export_robu_interfaces__rosidl_generator_pyExport.cmake
[4.661s] -- Up-to-date: /home/robu/work/robu_hoeran19_ws/install/robu_interfaces/share/robu_interfaces/cmake/export_robu_interfaces__rosidl_generator_pyExport-noconfig.cmake
[4.661s] -- Up-to-date: /home/robu/work/robu_hoeran19_ws/install/robu_interfaces/share/robu_interfaces/cmake/rosidl_cmake-extras.cmake
[4.662s] -- Up-to-date: /home/robu/work/robu_hoeran19_ws/install/robu_interfaces/share/robu_interfaces/cmake/ament_cmake_export_dependencies-extras.cmake
[4.662s] -- Up-to-date: /home/robu/work/robu_hoeran19_ws/install/robu_interfaces/share/robu_interfaces/cmake/ament_cmake_export_include_directories-extras.cmake
[4.662s] -- Up-to-date: /home/robu/work/robu_hoeran19_ws/install/robu_interfaces/share/robu_interfaces/cmake/ament_cmake_export_libraries-extras.cmake
[4.663s] -- Up-to-date: /home/robu/work/robu_hoeran19_ws/install/robu_interfaces/share/robu_interfaces/cmake/ament_cmake_export_targets-extras.cmake
[4.663s] -- Up-to-date: /home/robu/work/robu_hoeran19_ws/install/robu_interfaces/share/robu_interfaces/cmake/rosidl_cmake_export_typesupport_targets-extras.cmake
[4.664s] -- Up-to-date: /home/robu/work/robu_hoeran19_ws/install/robu_interfaces/share/robu_interfaces/cmake/rosidl_cmake_export_typesupport_libraries-extras.cmake
[4.664s] -- Up-to-date: /home/robu/work/robu_hoeran19_ws/install/robu_interfaces/share/robu_interfaces/cmake/robu_interfacesConfig.cmake
[4.665s] -- Up-to-date: /home/robu/work/robu_hoeran19_ws/install/robu_interfaces/share/robu_interfaces/cmake/robu_interfacesConfig-version.cmake
[4.666s] -- Up-to-date: /home/robu/work/robu_hoeran19_ws/install/robu_interfaces/share/robu_interfaces/package.xml
[4.681s] Invoked command in '/home/robu/work/robu_hoeran19_ws/build/robu_interfaces' returned '0': CMAKE_PREFIX_PATH=${CMAKE_PREFIX_PATH}:/home/robu/work/turtlebot3_ws/install/turtlebot3_teleop:/home/robu/work/turtlebot3_ws/install/turtlebot3_example:/opt/ros/humble /usr/bin/cmake --install /home/robu/work/robu_hoeran19_ws/build/robu_interfaces
