[0.484s] Invoking command in '/home/robu/work/robu_hoeran19_ws/build/robu_interfaces': CMAKE_PREFIX_PATH=${CMAKE_PREFIX_PATH}:/home/robu/work/turtlebot3_ws/install/turtlebot3_teleop:/home/robu/work/turtlebot3_ws/install/turtlebot3_example:/opt/ros/humble /usr/bin/cmake /home/robu/work/robu_hoeran19_ws/src/robu_interfaces -DCMAKE_INSTALL_PREFIX=/home/robu/work/robu_hoeran19_ws/install/robu_interfaces
[1.708s] -- The C compiler identification is GNU 11.4.0
[2.241s] -- The CXX compiler identification is GNU 11.4.0
[2.267s] -- Detecting C compiler ABI info
[2.435s] -- Detecting C compiler ABI info - done
[2.443s] -- Check for working C compiler: /usr/bin/cc - skipped
[2.444s] -- Detecting C compile features
[2.456s] -- Detecting C compile features - done
[2.463s] -- Detecting CXX compiler ABI info
[2.616s] -- Detecting CXX compiler ABI info - done
[2.624s] -- Check for working CXX compiler: /usr/bin/c++ - skipped
[2.625s] -- Detecting CXX compile features
[2.626s] -- Detecting CXX compile features - done
[2.851s] -- Found ament_cmake: 1.3.5 (/opt/ros/humble/share/ament_cmake/cmake)
[3.214s] -- Found Python3: /usr/bin/python3.10 (found version "3.10.12") found components: Interpreter 
[3.572s] -- Found ament_lint_auto: 0.12.7 (/opt/ros/humble/share/ament_lint_auto/cmake)
[3.760s] -- Found rosidl_default_generators: 1.2.0 (/opt/ros/humble/share/rosidl_default_generators/cmake)
[3.778s] -- Using all available rosidl_typesupport_c: rosidl_typesupport_fastrtps_c;rosidl_typesupport_introspection_c
[3.804s] -- Found rosidl_adapter: 3.1.5 (/opt/ros/humble/share/rosidl_adapter/cmake)
[4.362s] -- Using all available rosidl_typesupport_cpp: rosidl_typesupport_fastrtps_cpp;rosidl_typesupport_introspection_cpp
[4.592s] [31mCMake Error at /opt/ros/humble/share/rosidl_cmake/cmake/rosidl_generate_interfaces.cmake:93 (message):
[4.593s]   rosidl_generate_interfaces() the passed file 'action/Fibonacci.action'
[4.593s]   doesn't exist relative to the CMAKE_CURRENT_SOURCE_DIR
[4.593s]   '/home/robu/work/robu_hoeran19_ws/src/robu_interfaces'
[4.593s] Call Stack (most recent call first):
[4.593s]   CMakeLists.txt:28 (rosidl_generate_interfaces)
[4.593s] 
[4.593s] [0m
[4.595s] -- Configuring incomplete, errors occurred!
[4.595s] See also "/home/robu/work/robu_hoeran19_ws/build/robu_interfaces/CMakeFiles/CMakeOutput.log".
[4.602s] Invoked command in '/home/robu/work/robu_hoeran19_ws/build/robu_interfaces' returned '1': CMAKE_PREFIX_PATH=${CMAKE_PREFIX_PATH}:/home/robu/work/turtlebot3_ws/install/turtlebot3_teleop:/home/robu/work/turtlebot3_ws/install/turtlebot3_example:/opt/ros/humble /usr/bin/cmake /home/robu/work/robu_hoeran19_ws/src/robu_interfaces -DCMAKE_INSTALL_PREFIX=/home/robu/work/robu_hoeran19_ws/install/robu_interfaces
