[2.758s] Invoking command in '/home/robu/work/robu_hoeran19_ws/src/robu': PYTHONPATH=/home/robu/work/robu_hoeran19_ws/build/robu/prefix_override:/home/robu/work/robu_hoeran19_ws/install/robu/lib/python3.10/site-packages:${PYTHONPATH} /usr/bin/python3 setup.py egg_info --egg-base ../../build/robu build --build-base /home/robu/work/robu_hoeran19_ws/build/robu/build install --record /home/robu/work/robu_hoeran19_ws/build/robu/install.log --single-version-externally-managed
[3.694s] running egg_info
[3.698s] writing ../../build/robu/robu.egg-info/PKG-INFO
[3.702s] writing dependency_links to ../../build/robu/robu.egg-info/dependency_links.txt
[3.703s] writing entry points to ../../build/robu/robu.egg-info/entry_points.txt
[3.706s] writing requirements to ../../build/robu/robu.egg-info/requires.txt
[3.709s] writing top-level names to ../../build/robu/robu.egg-info/top_level.txt
[3.717s] reading manifest file '../../build/robu/robu.egg-info/SOURCES.txt'
[3.721s] writing manifest file '../../build/robu/robu.egg-info/SOURCES.txt'
[3.722s] running build
[3.723s] running build_py
[3.724s] running install
[3.727s] running install_lib
[3.731s] running install_data
[3.735s] running install_egg_info
[3.741s] removing '/home/robu/work/robu_hoeran19_ws/install/robu/lib/python3.10/site-packages/robu-0.0.0-py3.10.egg-info' (and everything under it)
[3.754s] Copying ../../build/robu/robu.egg-info to /home/robu/work/robu_hoeran19_ws/install/robu/lib/python3.10/site-packages/robu-0.0.0-py3.10.egg-info
[3.785s] running install_scripts
[3.922s] Installing myparameter script to /home/robu/work/robu_hoeran19_ws/install/robu/lib/robu
[3.925s] Installing mypublisher script to /home/robu/work/robu_hoeran19_ws/install/robu/lib/robu
[3.927s] Installing mysubscriber script to /home/robu/work/robu_hoeran19_ws/install/robu/lib/robu
[3.929s] Installing testparameter script to /home/robu/work/robu_hoeran19_ws/install/robu/lib/robu
[3.930s] Installing testparameter_get script to /home/robu/work/robu_hoeran19_ws/install/robu/lib/robu
[3.930s] Installing wallfollower script to /home/robu/work/robu_hoeran19_ws/install/robu/lib/robu
[3.930s] writing list of installed files to '/home/robu/work/robu_hoeran19_ws/build/robu/install.log'
[4.071s] Invoked command in '/home/robu/work/robu_hoeran19_ws/src/robu' returned '0': PYTHONPATH=/home/robu/work/robu_hoeran19_ws/build/robu/prefix_override:/home/robu/work/robu_hoeran19_ws/install/robu/lib/python3.10/site-packages:${PYTHONPATH} /usr/bin/python3 setup.py egg_info --egg-base ../../build/robu build --build-base /home/robu/work/robu_hoeran19_ws/build/robu/build install --record /home/robu/work/robu_hoeran19_ws/build/robu/install.log --single-version-externally-managed
