[1.078s] Invoking command in '/home/robu/work/robu_hoeran19_ws/src/robu': PYTHONPATH=/home/robu/work/robu_hoeran19_ws/build/robu/prefix_override:/home/robu/work/robu_hoeran19_ws/install/robu/lib/python3.10/site-packages:${PYTHONPATH} /usr/bin/python3 setup.py egg_info --egg-base ../../build/robu build --build-base /home/robu/work/robu_hoeran19_ws/build/robu/build install --record /home/robu/work/robu_hoeran19_ws/build/robu/install.log --single-version-externally-managed
[1.502s] running egg_info
[1.503s] creating ../../build/robu/robu.egg-info
[1.503s] writing ../../build/robu/robu.egg-info/PKG-INFO
[1.504s] writing dependency_links to ../../build/robu/robu.egg-info/dependency_links.txt
[1.505s] writing entry points to ../../build/robu/robu.egg-info/entry_points.txt
[1.505s] writing requirements to ../../build/robu/robu.egg-info/requires.txt
[1.506s] writing top-level names to ../../build/robu/robu.egg-info/top_level.txt
[1.506s] writing manifest file '../../build/robu/robu.egg-info/SOURCES.txt'
[1.511s] reading manifest file '../../build/robu/robu.egg-info/SOURCES.txt'
[1.513s] writing manifest file '../../build/robu/robu.egg-info/SOURCES.txt'
[1.514s] running build
[1.515s] running build_py
[1.515s] creating /home/robu/work/robu_hoeran19_ws/build/robu/build
[1.516s] creating /home/robu/work/robu_hoeran19_ws/build/robu/build/lib
[1.516s] creating /home/robu/work/robu_hoeran19_ws/build/robu/build/lib/robu
[1.517s] copying robu/ex10_wallfollower.py -> /home/robu/work/robu_hoeran19_ws/build/robu/build/lib/robu
[1.518s] copying robu/publisher_member_function.py -> /home/robu/work/robu_hoeran19_ws/build/robu/build/lib/robu
[1.519s] copying robu/__init__.py -> /home/robu/work/robu_hoeran19_ws/build/robu/build/lib/robu
[1.519s] copying robu/subscriber_member_function.py -> /home/robu/work/robu_hoeran19_ws/build/robu/build/lib/robu
[1.520s] running install
[1.521s] running install_lib
[1.522s] creating /home/robu/work/robu_hoeran19_ws/install/robu/lib/python3.10/site-packages/robu
[1.523s] copying /home/robu/work/robu_hoeran19_ws/build/robu/build/lib/robu/ex10_wallfollower.py -> /home/robu/work/robu_hoeran19_ws/install/robu/lib/python3.10/site-packages/robu
[1.523s] copying /home/robu/work/robu_hoeran19_ws/build/robu/build/lib/robu/publisher_member_function.py -> /home/robu/work/robu_hoeran19_ws/install/robu/lib/python3.10/site-packages/robu
[1.524s] copying /home/robu/work/robu_hoeran19_ws/build/robu/build/lib/robu/__init__.py -> /home/robu/work/robu_hoeran19_ws/install/robu/lib/python3.10/site-packages/robu
[1.525s] copying /home/robu/work/robu_hoeran19_ws/build/robu/build/lib/robu/subscriber_member_function.py -> /home/robu/work/robu_hoeran19_ws/install/robu/lib/python3.10/site-packages/robu
[1.528s] byte-compiling /home/robu/work/robu_hoeran19_ws/install/robu/lib/python3.10/site-packages/robu/ex10_wallfollower.py to ex10_wallfollower.cpython-310.pyc
[1.529s] byte-compiling /home/robu/work/robu_hoeran19_ws/install/robu/lib/python3.10/site-packages/robu/publisher_member_function.py to publisher_member_function.cpython-310.pyc
[1.529s] byte-compiling /home/robu/work/robu_hoeran19_ws/install/robu/lib/python3.10/site-packages/robu/__init__.py to __init__.cpython-310.pyc
[1.530s] byte-compiling /home/robu/work/robu_hoeran19_ws/install/robu/lib/python3.10/site-packages/robu/subscriber_member_function.py to subscriber_member_function.cpython-310.pyc
[1.530s] running install_data
[1.531s] creating /home/robu/work/robu_hoeran19_ws/install/robu/share/ament_index
[1.532s] creating /home/robu/work/robu_hoeran19_ws/install/robu/share/ament_index/resource_index
[1.532s] creating /home/robu/work/robu_hoeran19_ws/install/robu/share/ament_index/resource_index/packages
[1.532s] copying resource/robu -> /home/robu/work/robu_hoeran19_ws/install/robu/share/ament_index/resource_index/packages
[1.533s] copying package.xml -> /home/robu/work/robu_hoeran19_ws/install/robu/share/robu
[1.533s] running install_egg_info
[1.536s] Copying ../../build/robu/robu.egg-info to /home/robu/work/robu_hoeran19_ws/install/robu/lib/python3.10/site-packages/robu-0.0.0-py3.10.egg-info
[1.538s] running install_scripts
[1.564s] Installing ex10_wallfollower script to /home/robu/work/robu_hoeran19_ws/install/robu/lib/robu
[1.564s] Installing mypublisher script to /home/robu/work/robu_hoeran19_ws/install/robu/lib/robu
[1.565s] Installing mysubscriber script to /home/robu/work/robu_hoeran19_ws/install/robu/lib/robu
[1.566s] writing list of installed files to '/home/robu/work/robu_hoeran19_ws/build/robu/install.log'
[1.610s] Invoked command in '/home/robu/work/robu_hoeran19_ws/src/robu' returned '0': PYTHONPATH=/home/robu/work/robu_hoeran19_ws/build/robu/prefix_override:/home/robu/work/robu_hoeran19_ws/install/robu/lib/python3.10/site-packages:${PYTHONPATH} /usr/bin/python3 setup.py egg_info --egg-base ../../build/robu build --build-base /home/robu/work/robu_hoeran19_ws/build/robu/build install --record /home/robu/work/robu_hoeran19_ws/build/robu/install.log --single-version-externally-managed
