[1.584s] Invoking command in '/home/robu/work/robu_hoeran19_ws/src/robu': PYTHONPATH=/home/robu/work/robu_hoeran19_ws/build/robu/prefix_override:/home/robu/work/robu_hoeran19_ws/install/robu/lib/python3.10/site-packages:${PYTHONPATH} /usr/bin/python3 setup.py egg_info --egg-base ../../build/robu build --build-base /home/robu/work/robu_hoeran19_ws/build/robu/build install --record /home/robu/work/robu_hoeran19_ws/build/robu/install.log --single-version-externally-managed
[2.173s] running egg_info
[2.175s] writing ../../build/robu/robu.egg-info/PKG-INFO
[2.177s] writing dependency_links to ../../build/robu/robu.egg-info/dependency_links.txt
[2.177s] writing entry points to ../../build/robu/robu.egg-info/entry_points.txt
[2.178s] writing requirements to ../../build/robu/robu.egg-info/requires.txt
[2.178s] writing top-level names to ../../build/robu/robu.egg-info/top_level.txt
[2.182s] reading manifest file '../../build/robu/robu.egg-info/SOURCES.txt'
[2.184s] writing manifest file '../../build/robu/robu.egg-info/SOURCES.txt'
[2.184s] running build
[2.185s] running build_py
[2.186s] running install
[2.186s] running install_lib
[2.189s] running install_data
[2.191s] running install_egg_info
[2.196s] removing '/home/robu/work/robu_hoeran19_ws/install/robu/lib/python3.10/site-packages/robu-0.0.0-py3.10.egg-info' (and everything under it)
[2.197s] Copying ../../build/robu/robu.egg-info to /home/robu/work/robu_hoeran19_ws/install/robu/lib/python3.10/site-packages/robu-0.0.0-py3.10.egg-info
[2.200s] running install_scripts
[2.246s] Installing fibonacci_client script to /home/robu/work/robu_hoeran19_ws/install/robu/lib/robu
[2.249s] Installing fibonacci_server script to /home/robu/work/robu_hoeran19_ws/install/robu/lib/robu
[2.250s] Installing myparameter script to /home/robu/work/robu_hoeran19_ws/install/robu/lib/robu
[2.251s] Installing mypublisher script to /home/robu/work/robu_hoeran19_ws/install/robu/lib/robu
[2.251s] Installing mysubscriber script to /home/robu/work/robu_hoeran19_ws/install/robu/lib/robu
[2.252s] Installing navigation script to /home/robu/work/robu_hoeran19_ws/install/robu/lib/robu
[2.253s] Installing testparameter script to /home/robu/work/robu_hoeran19_ws/install/robu/lib/robu
[2.253s] Installing testparameter_get script to /home/robu/work/robu_hoeran19_ws/install/robu/lib/robu
[2.253s] Installing wallfollower script to /home/robu/work/robu_hoeran19_ws/install/robu/lib/robu
[2.254s] writing list of installed files to '/home/robu/work/robu_hoeran19_ws/build/robu/install.log'
[2.494s] Invoked command in '/home/robu/work/robu_hoeran19_ws/src/robu' returned '0': PYTHONPATH=/home/robu/work/robu_hoeran19_ws/build/robu/prefix_override:/home/robu/work/robu_hoeran19_ws/install/robu/lib/python3.10/site-packages:${PYTHONPATH} /usr/bin/python3 setup.py egg_info --egg-base ../../build/robu build --build-base /home/robu/work/robu_hoeran19_ws/build/robu/build install --record /home/robu/work/robu_hoeran19_ws/build/robu/install.log --single-version-externally-managed
