[0.715s] Invoking command in '/home/robu/work/robu_hoeran19_ws/src/robu': PYTHONPATH=/home/robu/work/robu_hoeran19_ws/build/robu/prefix_override:/home/robu/work/robu_hoeran19_ws/install/robu/lib/python3.10/site-packages:${PYTHONPATH} /usr/bin/python3 setup.py egg_info --egg-base ../../build/robu build --build-base /home/robu/work/robu_hoeran19_ws/build/robu/build install --record /home/robu/work/robu_hoeran19_ws/build/robu/install.log --single-version-externally-managed
[0.977s] running egg_info
[0.977s] writing ../../build/robu/robu.egg-info/PKG-INFO
[0.978s] writing dependency_links to ../../build/robu/robu.egg-info/dependency_links.txt
[0.978s] writing entry points to ../../build/robu/robu.egg-info/entry_points.txt
[0.979s] writing requirements to ../../build/robu/robu.egg-info/requires.txt
[0.979s] writing top-level names to ../../build/robu/robu.egg-info/top_level.txt
[0.980s] reading manifest file '../../build/robu/robu.egg-info/SOURCES.txt'
[0.981s] writing manifest file '../../build/robu/robu.egg-info/SOURCES.txt'
[0.982s] running build
[0.982s] running build_py
[0.982s] copying robu/test_parameter.py -> /home/robu/work/robu_hoeran19_ws/build/robu/build/lib/robu
[0.982s] running install
[0.982s] running install_lib
[0.983s] copying /home/robu/work/robu_hoeran19_ws/build/robu/build/lib/robu/test_parameter.py -> /home/robu/work/robu_hoeran19_ws/install/robu/lib/python3.10/site-packages/robu
[0.984s] byte-compiling /home/robu/work/robu_hoeran19_ws/install/robu/lib/python3.10/site-packages/robu/test_parameter.py to test_parameter.cpython-310.pyc
[0.985s] running install_data
[0.985s] running install_egg_info
[0.987s] removing '/home/robu/work/robu_hoeran19_ws/install/robu/lib/python3.10/site-packages/robu-0.0.0-py3.10.egg-info' (and everything under it)
[0.987s] Copying ../../build/robu/robu.egg-info to /home/robu/work/robu_hoeran19_ws/install/robu/lib/python3.10/site-packages/robu-0.0.0-py3.10.egg-info
[0.988s] running install_scripts
[1.008s] Installing myparameter script to /home/robu/work/robu_hoeran19_ws/install/robu/lib/robu
[1.008s] Installing mypublisher script to /home/robu/work/robu_hoeran19_ws/install/robu/lib/robu
[1.009s] Installing mysubscriber script to /home/robu/work/robu_hoeran19_ws/install/robu/lib/robu
[1.009s] Installing testparameter script to /home/robu/work/robu_hoeran19_ws/install/robu/lib/robu
[1.009s] Installing wallfollower script to /home/robu/work/robu_hoeran19_ws/install/robu/lib/robu
[1.009s] writing list of installed files to '/home/robu/work/robu_hoeran19_ws/build/robu/install.log'
[1.043s] Invoked command in '/home/robu/work/robu_hoeran19_ws/src/robu' returned '0': PYTHONPATH=/home/robu/work/robu_hoeran19_ws/build/robu/prefix_override:/home/robu/work/robu_hoeran19_ws/install/robu/lib/python3.10/site-packages:${PYTHONPATH} /usr/bin/python3 setup.py egg_info --egg-base ../../build/robu build --build-base /home/robu/work/robu_hoeran19_ws/build/robu/build install --record /home/robu/work/robu_hoeran19_ws/build/robu/install.log --single-version-externally-managed
