[1.172s] DEBUG:colcon:Command line arguments: ['/usr/bin/colcon', 'build']
[1.173s] DEBUG:colcon:Parsed command line arguments: Namespace(log_base=None, log_level=None, verb_name='build', build_base='build', install_base='install', merge_install=False, symlink_install=False, test_result_base=None, continue_on_error=False, executor='parallel', parallel_workers=2, event_handlers=None, ignore_user_meta=False, metas=['./colcon.meta'], base_paths=['.'], packages_ignore=None, packages_ignore_regex=None, paths=None, packages_up_to=None, packages_up_to_regex=None, packages_above=None, packages_above_and_dependencies=None, packages_above_depth=None, packages_select_by_dep=None, packages_skip_by_dep=None, packages_skip_up_to=None, packages_select_build_failed=False, packages_skip_build_finished=False, packages_select_test_failures=False, packages_skip_test_passed=False, packages_select=None, packages_skip=None, packages_select_regex=None, packages_skip_regex=None, packages_start=None, packages_end=None, allow_overriding=[], cmake_args=None, cmake_target=None, cmake_target_skip_unavailable=False, cmake_clean_cache=False, cmake_clean_first=False, cmake_force_configure=False, ament_cmake_args=None, catkin_cmake_args=None, catkin_skip_building_tests=False, verb_parser=<colcon_defaults.argument_parser.defaults.DefaultArgumentsDecorator object at 0x7fbb924ee830>, verb_extension=<colcon_core.verb.build.BuildVerb object at 0x7fbb924ee2c0>, main=<bound method BuildVerb.main of <colcon_core.verb.build.BuildVerb object at 0x7fbb924ee2c0>>)
[1.254s] Level 1:colcon.colcon_core.package_discovery:discover_packages(colcon_meta) check parameters
[1.255s] Level 1:colcon.colcon_core.package_discovery:discover_packages(recursive) check parameters
[1.255s] Level 1:colcon.colcon_core.package_discovery:discover_packages(ignore) check parameters
[1.255s] Level 1:colcon.colcon_core.package_discovery:discover_packages(path) check parameters
[1.256s] Level 1:colcon.colcon_core.package_discovery:discover_packages(colcon_meta) discover
[1.256s] Level 1:colcon.colcon_core.package_discovery:discover_packages(recursive) discover
[1.256s] INFO:colcon.colcon_core.package_discovery:Crawling recursively for packages in '/home/robu/work/robu_hoeran19_ws'
[1.257s] Level 1:colcon.colcon_core.package_identification:_identify(.) by extensions ['ignore', 'ignore_ament_install']
[1.257s] Level 1:colcon.colcon_core.package_identification:_identify(.) by extension 'ignore'
[1.258s] Level 1:colcon.colcon_core.package_identification:_identify(.) by extension 'ignore_ament_install'
[1.258s] Level 1:colcon.colcon_core.package_identification:_identify(.) by extensions ['colcon_pkg']
[1.259s] Level 1:colcon.colcon_core.package_identification:_identify(.) by extension 'colcon_pkg'
[1.259s] Level 1:colcon.colcon_core.package_identification:_identify(.) by extensions ['colcon_meta']
[1.259s] Level 1:colcon.colcon_core.package_identification:_identify(.) by extension 'colcon_meta'
[1.260s] Level 1:colcon.colcon_core.package_identification:_identify(.) by extensions ['ros']
[1.260s] Level 1:colcon.colcon_core.package_identification:_identify(.) by extension 'ros'
[1.289s] Level 1:colcon.colcon_core.package_identification:_identify(.) by extensions ['cmake', 'python']
[1.289s] Level 1:colcon.colcon_core.package_identification:_identify(.) by extension 'cmake'
[1.290s] Level 1:colcon.colcon_core.package_identification:_identify(.) by extension 'python'
[1.290s] Level 1:colcon.colcon_core.package_identification:_identify(.) by extensions ['python_setup_py']
[1.291s] Level 1:colcon.colcon_core.package_identification:_identify(.) by extension 'python_setup_py'
[1.291s] Level 1:colcon.colcon_core.package_identification:_identify(build) by extensions ['ignore', 'ignore_ament_install']
[1.292s] Level 1:colcon.colcon_core.package_identification:_identify(build) by extension 'ignore'
[1.292s] Level 1:colcon.colcon_core.package_identification:_identify(build) ignored
[1.293s] Level 1:colcon.colcon_core.package_identification:_identify(install) by extensions ['ignore', 'ignore_ament_install']
[1.293s] Level 1:colcon.colcon_core.package_identification:_identify(install) by extension 'ignore'
[1.294s] Level 1:colcon.colcon_core.package_identification:_identify(install) ignored
[1.295s] Level 1:colcon.colcon_core.package_identification:_identify(log) by extensions ['ignore', 'ignore_ament_install']
[1.295s] Level 1:colcon.colcon_core.package_identification:_identify(log) by extension 'ignore'
[1.295s] Level 1:colcon.colcon_core.package_identification:_identify(log) ignored
[1.296s] Level 1:colcon.colcon_core.package_identification:_identify(src) by extensions ['ignore', 'ignore_ament_install']
[1.296s] Level 1:colcon.colcon_core.package_identification:_identify(src) by extension 'ignore'
[1.297s] Level 1:colcon.colcon_core.package_identification:_identify(src) by extension 'ignore_ament_install'
[1.297s] Level 1:colcon.colcon_core.package_identification:_identify(src) by extensions ['colcon_pkg']
[1.298s] Level 1:colcon.colcon_core.package_identification:_identify(src) by extension 'colcon_pkg'
[1.298s] Level 1:colcon.colcon_core.package_identification:_identify(src) by extensions ['colcon_meta']
[1.298s] Level 1:colcon.colcon_core.package_identification:_identify(src) by extension 'colcon_meta'
[1.299s] Level 1:colcon.colcon_core.package_identification:_identify(src) by extensions ['ros']
[1.299s] Level 1:colcon.colcon_core.package_identification:_identify(src) by extension 'ros'
[1.300s] Level 1:colcon.colcon_core.package_identification:_identify(src) by extensions ['cmake', 'python']
[1.300s] Level 1:colcon.colcon_core.package_identification:_identify(src) by extension 'cmake'
[1.300s] Level 1:colcon.colcon_core.package_identification:_identify(src) by extension 'python'
[1.301s] Level 1:colcon.colcon_core.package_identification:_identify(src) by extensions ['python_setup_py']
[1.301s] Level 1:colcon.colcon_core.package_identification:_identify(src) by extension 'python_setup_py'
[1.302s] Level 1:colcon.colcon_core.package_identification:_identify(src/robu) by extensions ['ignore', 'ignore_ament_install']
[1.302s] Level 1:colcon.colcon_core.package_identification:_identify(src/robu) by extension 'ignore'
[1.303s] Level 1:colcon.colcon_core.package_identification:_identify(src/robu) by extension 'ignore_ament_install'
[1.303s] Level 1:colcon.colcon_core.package_identification:_identify(src/robu) by extensions ['colcon_pkg']
[1.303s] Level 1:colcon.colcon_core.package_identification:_identify(src/robu) by extension 'colcon_pkg'
[1.304s] Level 1:colcon.colcon_core.package_identification:_identify(src/robu) by extensions ['colcon_meta']
[1.304s] Level 1:colcon.colcon_core.package_identification:_identify(src/robu) by extension 'colcon_meta'
[1.304s] Level 1:colcon.colcon_core.package_identification:_identify(src/robu) by extensions ['ros']
[1.305s] Level 1:colcon.colcon_core.package_identification:_identify(src/robu) by extension 'ros'
[1.312s] DEBUG:colcon.colcon_core.package_identification:Package 'src/robu' with type 'ros.ament_python' and name 'robu'
[1.312s] Level 1:colcon.colcon_core.package_identification:_identify(src/robu_interfaces) by extensions ['ignore', 'ignore_ament_install']
[1.313s] Level 1:colcon.colcon_core.package_identification:_identify(src/robu_interfaces) by extension 'ignore'
[1.313s] Level 1:colcon.colcon_core.package_identification:_identify(src/robu_interfaces) by extension 'ignore_ament_install'
[1.314s] Level 1:colcon.colcon_core.package_identification:_identify(src/robu_interfaces) by extensions ['colcon_pkg']
[1.314s] Level 1:colcon.colcon_core.package_identification:_identify(src/robu_interfaces) by extension 'colcon_pkg'
[1.315s] Level 1:colcon.colcon_core.package_identification:_identify(src/robu_interfaces) by extensions ['colcon_meta']
[1.315s] Level 1:colcon.colcon_core.package_identification:_identify(src/robu_interfaces) by extension 'colcon_meta'
[1.315s] Level 1:colcon.colcon_core.package_identification:_identify(src/robu_interfaces) by extensions ['ros']
[1.315s] Level 1:colcon.colcon_core.package_identification:_identify(src/robu_interfaces) by extension 'ros'
[1.317s] DEBUG:colcon.colcon_core.package_identification:Package 'src/robu_interfaces' with type 'ros.ament_cmake' and name 'robu_interfaces'
[1.317s] Level 1:colcon.colcon_core.package_discovery:discover_packages(recursive) using defaults
[1.318s] Level 1:colcon.colcon_core.package_discovery:discover_packages(ignore) discover
[1.318s] Level 1:colcon.colcon_core.package_discovery:discover_packages(ignore) using defaults
[1.318s] Level 1:colcon.colcon_core.package_discovery:discover_packages(path) discover
[1.319s] Level 1:colcon.colcon_core.package_discovery:discover_packages(path) using defaults
[1.382s] Level 1:colcon.colcon_core.package_discovery:discover_packages(prefix_path) check parameters
[1.382s] Level 1:colcon.colcon_core.package_discovery:discover_packages(prefix_path) discover
[1.391s] DEBUG:colcon.colcon_installed_package_information.package_discovery:Found 2 installed packages in /home/robu/work/robu_hoeran19_ws/install
[1.395s] DEBUG:colcon.colcon_installed_package_information.package_discovery:Found 17 installed packages in /home/robu/work/turtlebot3_ws/install
[1.400s] DEBUG:colcon.colcon_installed_package_information.package_discovery:Found 358 installed packages in /opt/ros/humble
[1.405s] Level 1:colcon.colcon_core.package_discovery:discover_packages(prefix_path) using defaults
[1.651s] Level 5:colcon.colcon_core.verb:set package 'robu' build argument 'cmake_args' from command line to 'None'
[1.651s] Level 5:colcon.colcon_core.verb:set package 'robu' build argument 'cmake_target' from command line to 'None'
[1.651s] Level 5:colcon.colcon_core.verb:set package 'robu' build argument 'cmake_target_skip_unavailable' from command line to 'False'
[1.652s] Level 5:colcon.colcon_core.verb:set package 'robu' build argument 'cmake_clean_cache' from command line to 'False'
[1.652s] Level 5:colcon.colcon_core.verb:set package 'robu' build argument 'cmake_clean_first' from command line to 'False'
[1.652s] Level 5:colcon.colcon_core.verb:set package 'robu' build argument 'cmake_force_configure' from command line to 'False'
[1.652s] Level 5:colcon.colcon_core.verb:set package 'robu' build argument 'ament_cmake_args' from command line to 'None'
[1.652s] Level 5:colcon.colcon_core.verb:set package 'robu' build argument 'catkin_cmake_args' from command line to 'None'
[1.652s] Level 5:colcon.colcon_core.verb:set package 'robu' build argument 'catkin_skip_building_tests' from command line to 'False'
[1.652s] DEBUG:colcon.colcon_core.verb:Building package 'robu' with the following arguments: {'ament_cmake_args': None, 'build_base': '/home/robu/work/robu_hoeran19_ws/build/robu', 'catkin_cmake_args': None, 'catkin_skip_building_tests': False, 'cmake_args': None, 'cmake_clean_cache': False, 'cmake_clean_first': False, 'cmake_force_configure': False, 'cmake_target': None, 'cmake_target_skip_unavailable': False, 'install_base': '/home/robu/work/robu_hoeran19_ws/install/robu', 'merge_install': False, 'path': '/home/robu/work/robu_hoeran19_ws/src/robu', 'symlink_install': False, 'test_result_base': None}
[1.657s] Level 5:colcon.colcon_core.verb:set package 'robu_interfaces' build argument 'cmake_args' from command line to 'None'
[1.657s] Level 5:colcon.colcon_core.verb:set package 'robu_interfaces' build argument 'cmake_target' from command line to 'None'
[1.657s] Level 5:colcon.colcon_core.verb:set package 'robu_interfaces' build argument 'cmake_target_skip_unavailable' from command line to 'False'
[1.658s] Level 5:colcon.colcon_core.verb:set package 'robu_interfaces' build argument 'cmake_clean_cache' from command line to 'False'
[1.658s] Level 5:colcon.colcon_core.verb:set package 'robu_interfaces' build argument 'cmake_clean_first' from command line to 'False'
[1.658s] Level 5:colcon.colcon_core.verb:set package 'robu_interfaces' build argument 'cmake_force_configure' from command line to 'False'
[1.658s] Level 5:colcon.colcon_core.verb:set package 'robu_interfaces' build argument 'ament_cmake_args' from command line to 'None'
[1.658s] Level 5:colcon.colcon_core.verb:set package 'robu_interfaces' build argument 'catkin_cmake_args' from command line to 'None'
[1.658s] Level 5:colcon.colcon_core.verb:set package 'robu_interfaces' build argument 'catkin_skip_building_tests' from command line to 'False'
[1.658s] DEBUG:colcon.colcon_core.verb:Building package 'robu_interfaces' with the following arguments: {'ament_cmake_args': None, 'build_base': '/home/robu/work/robu_hoeran19_ws/build/robu_interfaces', 'catkin_cmake_args': None, 'catkin_skip_building_tests': False, 'cmake_args': None, 'cmake_clean_cache': False, 'cmake_clean_first': False, 'cmake_force_configure': False, 'cmake_target': None, 'cmake_target_skip_unavailable': False, 'install_base': '/home/robu/work/robu_hoeran19_ws/install/robu_interfaces', 'merge_install': False, 'path': '/home/robu/work/robu_hoeran19_ws/src/robu_interfaces', 'symlink_install': False, 'test_result_base': None}
[1.661s] INFO:colcon.colcon_core.executor:Executing jobs using 'parallel' executor
[1.672s] DEBUG:colcon.colcon_parallel_executor.executor.parallel:run_until_complete
[1.673s] INFO:colcon.colcon_ros.task.ament_python.build:Building ROS package in '/home/robu/work/robu_hoeran19_ws/src/robu' with build type 'ament_python'
[1.674s] Level 1:colcon.colcon_core.shell:create_environment_hook('robu', 'ament_prefix_path')
[1.688s] INFO:colcon.colcon_core.plugin_system:Skipping extension 'colcon_core.shell.bat': Not used on non-Windows systems
[1.689s] INFO:colcon.colcon_core.shell:Creating environment hook '/home/robu/work/robu_hoeran19_ws/install/robu/share/robu/hook/ament_prefix_path.ps1'
[1.691s] INFO:colcon.colcon_core.shell:Creating environment descriptor '/home/robu/work/robu_hoeran19_ws/install/robu/share/robu/hook/ament_prefix_path.dsv'
[1.693s] INFO:colcon.colcon_core.shell:Creating environment hook '/home/robu/work/robu_hoeran19_ws/install/robu/share/robu/hook/ament_prefix_path.sh'
[1.698s] INFO:colcon.colcon_core.shell:Skip shell extension 'powershell' for command environment: Not usable outside of PowerShell
[1.698s] DEBUG:colcon.colcon_core.shell:Skip shell extension 'dsv' for command environment
[1.730s] INFO:colcon.colcon_ros.task.ament_cmake.build:Building ROS package in '/home/robu/work/robu_hoeran19_ws/src/robu_interfaces' with build type 'ament_cmake'
[1.730s] INFO:colcon.colcon_cmake.task.cmake.build:Building CMake package in '/home/robu/work/robu_hoeran19_ws/src/robu_interfaces'
[1.735s] INFO:colcon.colcon_core.shell:Skip shell extension 'powershell' for command environment: Not usable outside of PowerShell
[1.736s] DEBUG:colcon.colcon_core.shell:Skip shell extension 'dsv' for command environment
[2.883s] INFO:colcon.colcon_core.task.python.build:Building Python package in '/home/robu/work/robu_hoeran19_ws/src/robu'
[2.888s] INFO:colcon.colcon_core.shell:Skip shell extension 'powershell' for command environment: Not usable outside of PowerShell
[2.888s] DEBUG:colcon.colcon_core.shell:Skip shell extension 'dsv' for command environment
[2.924s] DEBUG:colcon.colcon_core.event_handler.log_command:Invoking command in '/home/robu/work/robu_hoeran19_ws/build/robu_interfaces': CMAKE_PREFIX_PATH=${CMAKE_PREFIX_PATH}:/home/robu/work/robu_hoeran19_ws/install/robu:/home/robu/work/turtlebot3_ws/install/turtlebot3_teleop:/home/robu/work/turtlebot3_ws/install/turtlebot3_example:/opt/ros/humble /usr/bin/cmake --build /home/robu/work/robu_hoeran19_ws/build/robu_interfaces -- -j2 -l2
[4.965s] DEBUG:colcon.colcon_core.event_handler.log_command:Invoking command in '/home/robu/work/robu_hoeran19_ws/src/robu': PYTHONPATH=/home/robu/work/robu_hoeran19_ws/build/robu/prefix_override:/home/robu/work/robu_hoeran19_ws/install/robu/lib/python3.10/site-packages:${PYTHONPATH} /usr/bin/python3 setup.py egg_info --egg-base ../../build/robu build --build-base /home/robu/work/robu_hoeran19_ws/build/robu/build install --record /home/robu/work/robu_hoeran19_ws/build/robu/install.log --single-version-externally-managed
[5.776s] DEBUG:colcon.colcon_core.event_handler.log_command:Invoked command in '/home/robu/work/robu_hoeran19_ws/build/robu_interfaces' returned '0': CMAKE_PREFIX_PATH=${CMAKE_PREFIX_PATH}:/home/robu/work/robu_hoeran19_ws/install/robu:/home/robu/work/turtlebot3_ws/install/turtlebot3_teleop:/home/robu/work/turtlebot3_ws/install/turtlebot3_example:/opt/ros/humble /usr/bin/cmake --build /home/robu/work/robu_hoeran19_ws/build/robu_interfaces -- -j2 -l2
[6.672s] DEBUG:colcon.colcon_core.event_handler.log_command:Invoking command in '/home/robu/work/robu_hoeran19_ws/build/robu_interfaces': CMAKE_PREFIX_PATH=${CMAKE_PREFIX_PATH}:/home/robu/work/robu_hoeran19_ws/install/robu:/home/robu/work/turtlebot3_ws/install/turtlebot3_teleop:/home/robu/work/turtlebot3_ws/install/turtlebot3_example:/opt/ros/humble /usr/bin/cmake --install /home/robu/work/robu_hoeran19_ws/build/robu_interfaces
[6.686s] DEBUG:colcon.colcon_core.event_handler.log_command:Invoked command in '/home/robu/work/robu_hoeran19_ws/src/robu' returned '0': PYTHONPATH=/home/robu/work/robu_hoeran19_ws/build/robu/prefix_override:/home/robu/work/robu_hoeran19_ws/install/robu/lib/python3.10/site-packages:${PYTHONPATH} /usr/bin/python3 setup.py egg_info --egg-base ../../build/robu build --build-base /home/robu/work/robu_hoeran19_ws/build/robu/build install --record /home/robu/work/robu_hoeran19_ws/build/robu/install.log --single-version-externally-managed
[6.724s] Level 1:colcon.colcon_core.environment:checking '/home/robu/work/robu_hoeran19_ws/install/robu' for CMake module files
[6.738s] Level 1:colcon.colcon_core.environment:checking '/home/robu/work/robu_hoeran19_ws/install/robu' for CMake config files
[6.741s] Level 1:colcon.colcon_core.environment:checking '/home/robu/work/robu_hoeran19_ws/install/robu/lib'
[6.741s] Level 1:colcon.colcon_core.environment:checking '/home/robu/work/robu_hoeran19_ws/install/robu/bin'
[6.742s] Level 1:colcon.colcon_core.environment:checking '/home/robu/work/robu_hoeran19_ws/install/robu/lib/pkgconfig/robu.pc'
[6.743s] Level 1:colcon.colcon_core.environment:checking '/home/robu/work/robu_hoeran19_ws/install/robu/lib/python3.10/site-packages'
[6.743s] Level 1:colcon.colcon_core.shell:create_environment_hook('robu', 'pythonpath')
[6.760s] INFO:colcon.colcon_core.shell:Creating environment hook '/home/robu/work/robu_hoeran19_ws/install/robu/share/robu/hook/pythonpath.ps1'
[6.761s] INFO:colcon.colcon_core.shell:Creating environment descriptor '/home/robu/work/robu_hoeran19_ws/install/robu/share/robu/hook/pythonpath.dsv'
[6.762s] INFO:colcon.colcon_core.shell:Creating environment hook '/home/robu/work/robu_hoeran19_ws/install/robu/share/robu/hook/pythonpath.sh'
[6.770s] Level 1:colcon.colcon_core.environment:checking '/home/robu/work/robu_hoeran19_ws/install/robu/bin'
[6.771s] Level 1:colcon.colcon_core.environment:create_environment_scripts_only(robu)
[6.774s] INFO:colcon.colcon_core.shell:Creating package script '/home/robu/work/robu_hoeran19_ws/install/robu/share/robu/package.ps1'
[6.786s] INFO:colcon.colcon_core.shell:Creating package descriptor '/home/robu/work/robu_hoeran19_ws/install/robu/share/robu/package.dsv'
[6.791s] INFO:colcon.colcon_core.shell:Creating package script '/home/robu/work/robu_hoeran19_ws/install/robu/share/robu/package.sh'
[6.794s] INFO:colcon.colcon_core.shell:Creating package script '/home/robu/work/robu_hoeran19_ws/install/robu/share/robu/package.bash'
[6.818s] INFO:colcon.colcon_core.shell:Creating package script '/home/robu/work/robu_hoeran19_ws/install/robu/share/robu/package.zsh'
[6.824s] Level 1:colcon.colcon_core.environment:create_file_with_runtime_dependencies(/home/robu/work/robu_hoeran19_ws/install/robu/share/colcon-core/packages/robu)
[7.052s] Level 1:colcon.colcon_core.environment:create_environment_scripts_only(robu_interfaces)
[7.058s] DEBUG:colcon.colcon_core.event_handler.log_command:Invoked command in '/home/robu/work/robu_hoeran19_ws/build/robu_interfaces' returned '0': CMAKE_PREFIX_PATH=${CMAKE_PREFIX_PATH}:/home/robu/work/robu_hoeran19_ws/install/robu:/home/robu/work/turtlebot3_ws/install/turtlebot3_teleop:/home/robu/work/turtlebot3_ws/install/turtlebot3_example:/opt/ros/humble /usr/bin/cmake --install /home/robu/work/robu_hoeran19_ws/build/robu_interfaces
[7.070s] Level 1:colcon.colcon_core.environment:checking '/home/robu/work/robu_hoeran19_ws/install/robu_interfaces' for CMake module files
[7.073s] Level 1:colcon.colcon_core.environment:checking '/home/robu/work/robu_hoeran19_ws/install/robu_interfaces' for CMake config files
[7.075s] Level 1:colcon.colcon_core.shell:create_environment_hook('robu_interfaces', 'cmake_prefix_path')
[7.090s] INFO:colcon.colcon_core.shell:Creating environment hook '/home/robu/work/robu_hoeran19_ws/install/robu_interfaces/share/robu_interfaces/hook/cmake_prefix_path.ps1'
[7.098s] INFO:colcon.colcon_core.shell:Creating environment descriptor '/home/robu/work/robu_hoeran19_ws/install/robu_interfaces/share/robu_interfaces/hook/cmake_prefix_path.dsv'
[7.104s] INFO:colcon.colcon_core.shell:Creating environment hook '/home/robu/work/robu_hoeran19_ws/install/robu_interfaces/share/robu_interfaces/hook/cmake_prefix_path.sh'
[7.108s] Level 1:colcon.colcon_core.environment:checking '/home/robu/work/robu_hoeran19_ws/install/robu_interfaces/lib'
[7.108s] Level 1:colcon.colcon_core.shell:create_environment_hook('robu_interfaces', 'ld_library_path_lib')
[7.111s] INFO:colcon.colcon_core.shell:Creating environment hook '/home/robu/work/robu_hoeran19_ws/install/robu_interfaces/share/robu_interfaces/hook/ld_library_path_lib.ps1'
[7.113s] INFO:colcon.colcon_core.shell:Creating environment descriptor '/home/robu/work/robu_hoeran19_ws/install/robu_interfaces/share/robu_interfaces/hook/ld_library_path_lib.dsv'
[7.115s] INFO:colcon.colcon_core.shell:Creating environment hook '/home/robu/work/robu_hoeran19_ws/install/robu_interfaces/share/robu_interfaces/hook/ld_library_path_lib.sh'
[7.116s] Level 1:colcon.colcon_core.environment:checking '/home/robu/work/robu_hoeran19_ws/install/robu_interfaces/bin'
[7.119s] Level 1:colcon.colcon_core.environment:checking '/home/robu/work/robu_hoeran19_ws/install/robu_interfaces/lib/pkgconfig/robu_interfaces.pc'
[7.119s] Level 1:colcon.colcon_core.environment:checking '/home/robu/work/robu_hoeran19_ws/install/robu_interfaces/lib/python3.10/site-packages'
[7.120s] Level 1:colcon.colcon_core.environment:checking '/home/robu/work/robu_hoeran19_ws/install/robu_interfaces/bin'
[7.123s] INFO:colcon.colcon_core.shell:Creating package script '/home/robu/work/robu_hoeran19_ws/install/robu_interfaces/share/robu_interfaces/package.ps1'
[7.126s] INFO:colcon.colcon_core.shell:Creating package descriptor '/home/robu/work/robu_hoeran19_ws/install/robu_interfaces/share/robu_interfaces/package.dsv'
[7.127s] INFO:colcon.colcon_core.shell:Creating package script '/home/robu/work/robu_hoeran19_ws/install/robu_interfaces/share/robu_interfaces/package.sh'
[7.129s] INFO:colcon.colcon_core.shell:Creating package script '/home/robu/work/robu_hoeran19_ws/install/robu_interfaces/share/robu_interfaces/package.bash'
[7.130s] INFO:colcon.colcon_core.shell:Creating package script '/home/robu/work/robu_hoeran19_ws/install/robu_interfaces/share/robu_interfaces/package.zsh'
[7.131s] Level 1:colcon.colcon_core.environment:create_file_with_runtime_dependencies(/home/robu/work/robu_hoeran19_ws/install/robu_interfaces/share/colcon-core/packages/robu_interfaces)
[7.715s] Level 1:colcon.colcon_core.environment:create_environment_scripts_only(robu_interfaces)
[7.721s] Level 1:colcon.colcon_core.environment:checking '/home/robu/work/robu_hoeran19_ws/install/robu_interfaces' for CMake module files
[7.723s] Level 1:colcon.colcon_core.environment:checking '/home/robu/work/robu_hoeran19_ws/install/robu_interfaces' for CMake config files
[7.726s] Level 1:colcon.colcon_core.shell:create_environment_hook('robu_interfaces', 'cmake_prefix_path')
[7.729s] INFO:colcon.colcon_core.shell:Creating environment hook '/home/robu/work/robu_hoeran19_ws/install/robu_interfaces/share/robu_interfaces/hook/cmake_prefix_path.ps1'
[7.731s] INFO:colcon.colcon_core.shell:Creating environment descriptor '/home/robu/work/robu_hoeran19_ws/install/robu_interfaces/share/robu_interfaces/hook/cmake_prefix_path.dsv'
[7.733s] INFO:colcon.colcon_core.shell:Creating environment hook '/home/robu/work/robu_hoeran19_ws/install/robu_interfaces/share/robu_interfaces/hook/cmake_prefix_path.sh'
[7.736s] Level 1:colcon.colcon_core.environment:checking '/home/robu/work/robu_hoeran19_ws/install/robu_interfaces/lib'
[7.737s] Level 1:colcon.colcon_core.shell:create_environment_hook('robu_interfaces', 'ld_library_path_lib')
[7.740s] INFO:colcon.colcon_core.shell:Creating environment hook '/home/robu/work/robu_hoeran19_ws/install/robu_interfaces/share/robu_interfaces/hook/ld_library_path_lib.ps1'
[7.742s] INFO:colcon.colcon_core.shell:Creating environment descriptor '/home/robu/work/robu_hoeran19_ws/install/robu_interfaces/share/robu_interfaces/hook/ld_library_path_lib.dsv'
[7.746s] INFO:colcon.colcon_core.shell:Creating environment hook '/home/robu/work/robu_hoeran19_ws/install/robu_interfaces/share/robu_interfaces/hook/ld_library_path_lib.sh'
[7.747s] Level 1:colcon.colcon_core.environment:checking '/home/robu/work/robu_hoeran19_ws/install/robu_interfaces/bin'
[7.748s] Level 1:colcon.colcon_core.environment:checking '/home/robu/work/robu_hoeran19_ws/install/robu_interfaces/lib/pkgconfig/robu_interfaces.pc'
[7.749s] Level 1:colcon.colcon_core.environment:checking '/home/robu/work/robu_hoeran19_ws/install/robu_interfaces/lib/python3.10/site-packages'
[7.750s] Level 1:colcon.colcon_core.environment:checking '/home/robu/work/robu_hoeran19_ws/install/robu_interfaces/bin'
[7.756s] INFO:colcon.colcon_core.shell:Creating package script '/home/robu/work/robu_hoeran19_ws/install/robu_interfaces/share/robu_interfaces/package.ps1'
[7.759s] INFO:colcon.colcon_core.shell:Creating package descriptor '/home/robu/work/robu_hoeran19_ws/install/robu_interfaces/share/robu_interfaces/package.dsv'
[7.761s] INFO:colcon.colcon_core.shell:Creating package script '/home/robu/work/robu_hoeran19_ws/install/robu_interfaces/share/robu_interfaces/package.sh'
[7.764s] INFO:colcon.colcon_core.shell:Creating package script '/home/robu/work/robu_hoeran19_ws/install/robu_interfaces/share/robu_interfaces/package.bash'
[7.768s] INFO:colcon.colcon_core.shell:Creating package script '/home/robu/work/robu_hoeran19_ws/install/robu_interfaces/share/robu_interfaces/package.zsh'
[7.772s] Level 1:colcon.colcon_core.environment:create_file_with_runtime_dependencies(/home/robu/work/robu_hoeran19_ws/install/robu_interfaces/share/colcon-core/packages/robu_interfaces)
[7.775s] DEBUG:colcon.colcon_parallel_executor.executor.parallel:closing loop
[7.777s] DEBUG:colcon.colcon_parallel_executor.executor.parallel:loop closed
[7.779s] DEBUG:colcon.colcon_parallel_executor.executor.parallel:run_until_complete finished with '0'
[7.780s] DEBUG:colcon.colcon_core.event_reactor:joining thread
[7.811s] INFO:colcon.colcon_core.plugin_system:Skipping extension 'colcon_notification.desktop_notification.terminal_notifier': Not used on non-Darwin systems
[7.811s] INFO:colcon.colcon_core.plugin_system:Skipping extension 'colcon_notification.desktop_notification.win32': Not used on non-Windows systems
[7.812s] INFO:colcon.colcon_notification.desktop_notification:Sending desktop notification using 'notify2'
[7.854s] DEBUG:colcon.colcon_core.event_reactor:joined thread
[7.860s] INFO:colcon.colcon_core.shell:Creating prefix script '/home/robu/work/robu_hoeran19_ws/install/local_setup.ps1'
[7.866s] INFO:colcon.colcon_core.shell:Creating prefix util module '/home/robu/work/robu_hoeran19_ws/install/_local_setup_util_ps1.py'
[7.874s] INFO:colcon.colcon_core.shell:Creating prefix chain script '/home/robu/work/robu_hoeran19_ws/install/setup.ps1'
[7.882s] INFO:colcon.colcon_core.shell:Creating prefix script '/home/robu/work/robu_hoeran19_ws/install/local_setup.sh'
[7.885s] INFO:colcon.colcon_core.shell:Creating prefix util module '/home/robu/work/robu_hoeran19_ws/install/_local_setup_util_sh.py'
[7.888s] INFO:colcon.colcon_core.shell:Creating prefix chain script '/home/robu/work/robu_hoeran19_ws/install/setup.sh'
[7.897s] INFO:colcon.colcon_core.shell:Creating prefix script '/home/robu/work/robu_hoeran19_ws/install/local_setup.bash'
[7.901s] INFO:colcon.colcon_core.shell:Creating prefix chain script '/home/robu/work/robu_hoeran19_ws/install/setup.bash'
[7.912s] INFO:colcon.colcon_core.shell:Creating prefix script '/home/robu/work/robu_hoeran19_ws/install/local_setup.zsh'
[7.917s] INFO:colcon.colcon_core.shell:Creating prefix chain script '/home/robu/work/robu_hoeran19_ws/install/setup.zsh'
