[2.576s] Invoking command in '/home/robu/work/robu_hoeran19_ws/src/robu': PYTHONPATH=/home/robu/work/robu_hoeran19_ws/build/robu/prefix_override:/home/robu/work/robu_hoeran19_ws/install/robu/lib/python3.10/site-packages:${PYTHONPATH} /usr/bin/python3 setup.py egg_info --egg-base ../../build/robu build --build-base /home/robu/work/robu_hoeran19_ws/build/robu/build install --record /home/robu/work/robu_hoeran19_ws/build/robu/install.log --single-version-externally-managed
[3.491s] running egg_info
[3.494s] writing ../../build/robu/robu.egg-info/PKG-INFO
[3.496s] writing dependency_links to ../../build/robu/robu.egg-info/dependency_links.txt
[3.497s] writing entry points to ../../build/robu/robu.egg-info/entry_points.txt
[3.499s] writing requirements to ../../build/robu/robu.egg-info/requires.txt
[3.502s] writing top-level names to ../../build/robu/robu.egg-info/top_level.txt
[3.509s] reading manifest file '../../build/robu/robu.egg-info/SOURCES.txt'
[3.512s] writing manifest file '../../build/robu/robu.egg-info/SOURCES.txt'
[3.514s] running build
[3.515s] running build_py
[3.519s] copying robu/ex12_fibonacci_server.py -> /home/robu/work/robu_hoeran19_ws/build/robu/build/lib/robu
[3.522s] running install
[3.523s] running install_lib
[3.525s] copying /home/robu/work/robu_hoeran19_ws/build/robu/build/lib/robu/ex12_fibonacci_server.py -> /home/robu/work/robu_hoeran19_ws/install/robu/lib/python3.10/site-packages/robu
[3.528s] byte-compiling /home/robu/work/robu_hoeran19_ws/install/robu/lib/python3.10/site-packages/robu/ex12_fibonacci_server.py to ex12_fibonacci_server.cpython-310.pyc
[3.531s] running install_data
[3.532s] running install_egg_info
[3.536s] removing '/home/robu/work/robu_hoeran19_ws/install/robu/lib/python3.10/site-packages/robu-0.0.0-py3.10.egg-info' (and everything under it)
[3.548s] Copying ../../build/robu/robu.egg-info to /home/robu/work/robu_hoeran19_ws/install/robu/lib/python3.10/site-packages/robu-0.0.0-py3.10.egg-info
[3.557s] running install_scripts
[3.722s] Installing fibonacci_server script to /home/robu/work/robu_hoeran19_ws/install/robu/lib/robu
[3.723s] Installing myparameter script to /home/robu/work/robu_hoeran19_ws/install/robu/lib/robu
[3.725s] Installing mypublisher script to /home/robu/work/robu_hoeran19_ws/install/robu/lib/robu
[3.725s] Installing mysubscriber script to /home/robu/work/robu_hoeran19_ws/install/robu/lib/robu
[3.727s] Installing testparameter script to /home/robu/work/robu_hoeran19_ws/install/robu/lib/robu
[3.727s] Installing testparameter_get script to /home/robu/work/robu_hoeran19_ws/install/robu/lib/robu
[3.729s] Installing wallfollower script to /home/robu/work/robu_hoeran19_ws/install/robu/lib/robu
[3.729s] writing list of installed files to '/home/robu/work/robu_hoeran19_ws/build/robu/install.log'
[3.913s] Invoked command in '/home/robu/work/robu_hoeran19_ws/src/robu' returned '0': PYTHONPATH=/home/robu/work/robu_hoeran19_ws/build/robu/prefix_override:/home/robu/work/robu_hoeran19_ws/install/robu/lib/python3.10/site-packages:${PYTHONPATH} /usr/bin/python3 setup.py egg_info --egg-base ../../build/robu build --build-base /home/robu/work/robu_hoeran19_ws/build/robu/build install --record /home/robu/work/robu_hoeran19_ws/build/robu/install.log --single-version-externally-managed
