[1.520s] Invoking command in '/home/robu/work/robu_hoeran19_ws/src/robu': PYTHONPATH=/home/robu/work/robu_hoeran19_ws/build/robu/prefix_override:/home/robu/work/robu_hoeran19_ws/install/robu/lib/python3.10/site-packages:${PYTHONPATH} /usr/bin/python3 setup.py egg_info --egg-base ../../build/robu build --build-base /home/robu/work/robu_hoeran19_ws/build/robu/build install --record /home/robu/work/robu_hoeran19_ws/build/robu/install.log --single-version-externally-managed
[1.969s] running egg_info
[1.970s] writing ../../build/robu/robu.egg-info/PKG-INFO
[1.971s] writing dependency_links to ../../build/robu/robu.egg-info/dependency_links.txt
[1.971s] writing entry points to ../../build/robu/robu.egg-info/entry_points.txt
[1.972s] writing requirements to ../../build/robu/robu.egg-info/requires.txt
[1.972s] writing top-level names to ../../build/robu/robu.egg-info/top_level.txt
[1.976s] reading manifest file '../../build/robu/robu.egg-info/SOURCES.txt'
[1.978s] writing manifest file '../../build/robu/robu.egg-info/SOURCES.txt'
[1.978s] running build
[1.978s] running build_py
[1.981s] running install
[1.981s] running install_lib
[1.984s] running install_data
[1.987s] running install_egg_info
[1.990s] removing '/home/robu/work/robu_hoeran19_ws/install/robu/lib/python3.10/site-packages/robu-0.0.0-py3.10.egg-info' (and everything under it)
[1.990s] Copying ../../build/robu/robu.egg-info to /home/robu/work/robu_hoeran19_ws/install/robu/lib/python3.10/site-packages/robu-0.0.0-py3.10.egg-info
[1.993s] running install_scripts
[2.021s] Installing fibonacci_client script to /home/robu/work/robu_hoeran19_ws/install/robu/lib/robu
[2.022s] Installing fibonacci_server script to /home/robu/work/robu_hoeran19_ws/install/robu/lib/robu
[2.022s] Installing myparameter script to /home/robu/work/robu_hoeran19_ws/install/robu/lib/robu
[2.023s] Installing mypublisher script to /home/robu/work/robu_hoeran19_ws/install/robu/lib/robu
[2.024s] Installing mysubscriber script to /home/robu/work/robu_hoeran19_ws/install/robu/lib/robu
[2.024s] Installing testparameter script to /home/robu/work/robu_hoeran19_ws/install/robu/lib/robu
[2.025s] Installing testparameter_get script to /home/robu/work/robu_hoeran19_ws/install/robu/lib/robu
[2.025s] Installing wallfollower script to /home/robu/work/robu_hoeran19_ws/install/robu/lib/robu
[2.026s] writing list of installed files to '/home/robu/work/robu_hoeran19_ws/build/robu/install.log'
[2.064s] Invoked command in '/home/robu/work/robu_hoeran19_ws/src/robu' returned '0': PYTHONPATH=/home/robu/work/robu_hoeran19_ws/build/robu/prefix_override:/home/robu/work/robu_hoeran19_ws/install/robu/lib/python3.10/site-packages:${PYTHONPATH} /usr/bin/python3 setup.py egg_info --egg-base ../../build/robu build --build-base /home/robu/work/robu_hoeran19_ws/build/robu/build install --record /home/robu/work/robu_hoeran19_ws/build/robu/install.log --single-version-externally-managed
