[2.552s] Invoking command in '/home/robu/work/robu_hoeran19_ws/src/robu': PYTHONPATH=/home/robu/work/robu_hoeran19_ws/build/robu/prefix_override:/home/robu/work/robu_hoeran19_ws/install/robu/lib/python3.10/site-packages:${PYTHONPATH} /usr/bin/python3 setup.py egg_info --egg-base ../../build/robu build --build-base /home/robu/work/robu_hoeran19_ws/build/robu/build install --record /home/robu/work/robu_hoeran19_ws/build/robu/install.log --single-version-externally-managed
[3.578s] running egg_info
[3.587s] writing ../../build/robu/robu.egg-info/PKG-INFO
[3.588s] writing dependency_links to ../../build/robu/robu.egg-info/dependency_links.txt
[3.589s] writing entry points to ../../build/robu/robu.egg-info/entry_points.txt
[3.590s] writing requirements to ../../build/robu/robu.egg-info/requires.txt
[3.591s] writing top-level names to ../../build/robu/robu.egg-info/top_level.txt
[3.596s] reading manifest file '../../build/robu/robu.egg-info/SOURCES.txt'
[3.602s] writing manifest file '../../build/robu/robu.egg-info/SOURCES.txt'
[3.603s] running build
[3.603s] running build_py
[3.604s] running install
[3.608s] running install_lib
[3.616s] running install_data
[3.624s] running install_egg_info
[3.629s] removing '/home/robu/work/robu_hoeran19_ws/install/robu/lib/python3.10/site-packages/robu-0.0.0-py3.10.egg-info' (and everything under it)
[3.643s] Copying ../../build/robu/robu.egg-info to /home/robu/work/robu_hoeran19_ws/install/robu/lib/python3.10/site-packages/robu-0.0.0-py3.10.egg-info
[3.643s] running install_scripts
[3.716s] Installing myparameter script to /home/robu/work/robu_hoeran19_ws/install/robu/lib/robu
[3.718s] Installing mypublisher script to /home/robu/work/robu_hoeran19_ws/install/robu/lib/robu
[3.718s] Installing mysubscriber script to /home/robu/work/robu_hoeran19_ws/install/robu/lib/robu
[3.719s] Installing testparameter script to /home/robu/work/robu_hoeran19_ws/install/robu/lib/robu
[3.720s] Installing testparameter_get = robu.test_parameter_get:mainfibonacci_server script to /home/robu/work/robu_hoeran19_ws/install/robu/lib/robu
[3.721s] Installing wallfollower script to /home/robu/work/robu_hoeran19_ws/install/robu/lib/robu
[3.723s] writing list of installed files to '/home/robu/work/robu_hoeran19_ws/build/robu/install.log'
[3.826s] Invoked command in '/home/robu/work/robu_hoeran19_ws/src/robu' returned '0': PYTHONPATH=/home/robu/work/robu_hoeran19_ws/build/robu/prefix_override:/home/robu/work/robu_hoeran19_ws/install/robu/lib/python3.10/site-packages:${PYTHONPATH} /usr/bin/python3 setup.py egg_info --egg-base ../../build/robu build --build-base /home/robu/work/robu_hoeran19_ws/build/robu/build install --record /home/robu/work/robu_hoeran19_ws/build/robu/install.log --single-version-externally-managed
