[1.173s] Invoking command in '/home/robu/work/robu_hoeran19_ws/src/robu': PYTHONPATH=/home/robu/work/robu_hoeran19_ws/build/robu/prefix_override:/home/robu/work/robu_hoeran19_ws/install/robu/lib/python3.10/site-packages:${PYTHONPATH} /usr/bin/python3 setup.py egg_info --egg-base ../../build/robu build --build-base /home/robu/work/robu_hoeran19_ws/build/robu/build install --record /home/robu/work/robu_hoeran19_ws/build/robu/install.log --single-version-externally-managed
[1.551s] running egg_info
[1.552s] writing ../../build/robu/robu.egg-info/PKG-INFO
[1.553s] writing dependency_links to ../../build/robu/robu.egg-info/dependency_links.txt
[1.554s] writing entry points to ../../build/robu/robu.egg-info/entry_points.txt
[1.554s] writing requirements to ../../build/robu/robu.egg-info/requires.txt
[1.555s] writing top-level names to ../../build/robu/robu.egg-info/top_level.txt
[1.559s] reading manifest file '../../build/robu/robu.egg-info/SOURCES.txt'
[1.562s] writing manifest file '../../build/robu/robu.egg-info/SOURCES.txt'
[1.563s] running build
[1.563s] running build_py
[1.564s] copying robu/ex10_wallfollower.py -> /home/robu/work/robu_hoeran19_ws/build/robu/build/lib/robu
[1.566s] running install
[1.567s] running install_lib
[1.569s] copying /home/robu/work/robu_hoeran19_ws/build/robu/build/lib/robu/ex10_wallfollower.py -> /home/robu/work/robu_hoeran19_ws/install/robu/lib/python3.10/site-packages/robu
[1.570s] byte-compiling /home/robu/work/robu_hoeran19_ws/install/robu/lib/python3.10/site-packages/robu/ex10_wallfollower.py to ex10_wallfollower.cpython-310.pyc
[1.572s] running install_data
[1.573s] running install_egg_info
[1.578s] removing '/home/robu/work/robu_hoeran19_ws/install/robu/lib/python3.10/site-packages/robu-0.0.0-py3.10.egg-info' (and everything under it)
[1.579s] Copying ../../build/robu/robu.egg-info to /home/robu/work/robu_hoeran19_ws/install/robu/lib/python3.10/site-packages/robu-0.0.0-py3.10.egg-info
[1.584s] running install_scripts
[1.614s] Installing ex10_wallfollower script to /home/robu/work/robu_hoeran19_ws/install/robu/lib/robu
[1.615s] Installing mypublisher script to /home/robu/work/robu_hoeran19_ws/install/robu/lib/robu
[1.615s] Installing mysubscriber script to /home/robu/work/robu_hoeran19_ws/install/robu/lib/robu
[1.616s] writing list of installed files to '/home/robu/work/robu_hoeran19_ws/build/robu/install.log'
[1.666s] Invoked command in '/home/robu/work/robu_hoeran19_ws/src/robu' returned '0': PYTHONPATH=/home/robu/work/robu_hoeran19_ws/build/robu/prefix_override:/home/robu/work/robu_hoeran19_ws/install/robu/lib/python3.10/site-packages:${PYTHONPATH} /usr/bin/python3 setup.py egg_info --egg-base ../../build/robu build --build-base /home/robu/work/robu_hoeran19_ws/build/robu/build install --record /home/robu/work/robu_hoeran19_ws/build/robu/install.log --single-version-externally-managed
