[0.941s] Invoking command in '/home/robu/work/robu_hoeran19_ws/src/robu': PYTHONPATH=/home/robu/work/robu_hoeran19_ws/build/robu/prefix_override:/home/robu/work/robu_hoeran19_ws/install/robu/lib/python3.10/site-packages:${PYTHONPATH} /usr/bin/python3 setup.py egg_info --egg-base ../../build/robu build --build-base /home/robu/work/robu_hoeran19_ws/build/robu/build install --record /home/robu/work/robu_hoeran19_ws/build/robu/install.log --single-version-externally-managed
[1.364s] running egg_info
[1.365s] writing ../../build/robu/robu.egg-info/PKG-INFO
[1.366s] writing dependency_links to ../../build/robu/robu.egg-info/dependency_links.txt
[1.367s] writing entry points to ../../build/robu/robu.egg-info/entry_points.txt
[1.367s] writing requirements to ../../build/robu/robu.egg-info/requires.txt
[1.368s] writing top-level names to ../../build/robu/robu.egg-info/top_level.txt
[1.371s] reading manifest file '../../build/robu/robu.egg-info/SOURCES.txt'
[1.372s] writing manifest file '../../build/robu/robu.egg-info/SOURCES.txt'
[1.372s] running build
[1.372s] running build_py
[1.373s] copying robu/ex12_fibonacci_client.py -> /home/robu/work/robu_hoeran19_ws/build/robu/build/lib/robu
[1.374s] running install
[1.375s] running install_lib
[1.376s] copying /home/robu/work/robu_hoeran19_ws/build/robu/build/lib/robu/ex12_fibonacci_client.py -> /home/robu/work/robu_hoeran19_ws/install/robu/lib/python3.10/site-packages/robu
[1.377s] byte-compiling /home/robu/work/robu_hoeran19_ws/install/robu/lib/python3.10/site-packages/robu/ex12_fibonacci_client.py to ex12_fibonacci_client.cpython-310.pyc
[1.379s] running install_data
[1.380s] copying launch/ex13_action_launch.py -> /home/robu/work/robu_hoeran19_ws/install/robu/share/robu
[1.380s] running install_egg_info
[1.384s] removing '/home/robu/work/robu_hoeran19_ws/install/robu/lib/python3.10/site-packages/robu-0.0.0-py3.10.egg-info' (and everything under it)
[1.391s] Copying ../../build/robu/robu.egg-info to /home/robu/work/robu_hoeran19_ws/install/robu/lib/python3.10/site-packages/robu-0.0.0-py3.10.egg-info
[1.396s] running install_scripts
[1.422s] Installing fibonacci_client script to /home/robu/work/robu_hoeran19_ws/install/robu/lib/robu
[1.424s] Installing fibonacci_server script to /home/robu/work/robu_hoeran19_ws/install/robu/lib/robu
[1.424s] Installing myparameter script to /home/robu/work/robu_hoeran19_ws/install/robu/lib/robu
[1.425s] Installing mypublisher script to /home/robu/work/robu_hoeran19_ws/install/robu/lib/robu
[1.426s] Installing mysubscriber script to /home/robu/work/robu_hoeran19_ws/install/robu/lib/robu
[1.428s] Installing testparameter script to /home/robu/work/robu_hoeran19_ws/install/robu/lib/robu
[1.429s] Installing testparameter_get script to /home/robu/work/robu_hoeran19_ws/install/robu/lib/robu
[1.430s] Installing wallfollower script to /home/robu/work/robu_hoeran19_ws/install/robu/lib/robu
[1.431s] writing list of installed files to '/home/robu/work/robu_hoeran19_ws/build/robu/install.log'
[1.467s] Invoked command in '/home/robu/work/robu_hoeran19_ws/src/robu' returned '0': PYTHONPATH=/home/robu/work/robu_hoeran19_ws/build/robu/prefix_override:/home/robu/work/robu_hoeran19_ws/install/robu/lib/python3.10/site-packages:${PYTHONPATH} /usr/bin/python3 setup.py egg_info --egg-base ../../build/robu build --build-base /home/robu/work/robu_hoeran19_ws/build/robu/build install --record /home/robu/work/robu_hoeran19_ws/build/robu/install.log --single-version-externally-managed
