[2.273s] Invoking command in '/home/robu/work/robu_hoeran19_ws/src/robu': PYTHONPATH=/home/robu/work/robu_hoeran19_ws/build/robu/prefix_override:/home/robu/work/robu_hoeran19_ws/install/robu/lib/python3.10/site-packages:${PYTHONPATH} /usr/bin/python3 setup.py egg_info --egg-base ../../build/robu build --build-base /home/robu/work/robu_hoeran19_ws/build/robu/build install --record /home/robu/work/robu_hoeran19_ws/build/robu/install.log --single-version-externally-managed
[3.071s] running egg_info
[3.071s] writing ../../build/robu/robu.egg-info/PKG-INFO
[3.071s] writing dependency_links to ../../build/robu/robu.egg-info/dependency_links.txt
[3.071s] writing entry points to ../../build/robu/robu.egg-info/entry_points.txt
[3.072s] writing requirements to ../../build/robu/robu.egg-info/requires.txt
[3.072s] writing top-level names to ../../build/robu/robu.egg-info/top_level.txt
[3.082s] reading manifest file '../../build/robu/robu.egg-info/SOURCES.txt'
[3.082s] writing manifest file '../../build/robu/robu.egg-info/SOURCES.txt'
[3.082s] running build
[3.082s] running build_py
[3.091s] copying robu/ex12_fibonacci_server.py -> /home/robu/work/robu_hoeran19_ws/build/robu/build/lib/robu
[3.091s] running install
[3.092s] running install_lib
[3.099s] copying /home/robu/work/robu_hoeran19_ws/build/robu/build/lib/robu/ex12_fibonacci_server.py -> /home/robu/work/robu_hoeran19_ws/install/robu/lib/python3.10/site-packages/robu
[3.101s] byte-compiling /home/robu/work/robu_hoeran19_ws/install/robu/lib/python3.10/site-packages/robu/ex12_fibonacci_server.py to ex12_fibonacci_server.cpython-310.pyc
[3.111s] running install_data
[3.113s] running install_egg_info
[3.119s] removing '/home/robu/work/robu_hoeran19_ws/install/robu/lib/python3.10/site-packages/robu-0.0.0-py3.10.egg-info' (and everything under it)
[3.131s] Copying ../../build/robu/robu.egg-info to /home/robu/work/robu_hoeran19_ws/install/robu/lib/python3.10/site-packages/robu-0.0.0-py3.10.egg-info
[3.133s] running install_scripts
[3.260s] Installing myparameter script to /home/robu/work/robu_hoeran19_ws/install/robu/lib/robu
[3.261s] Installing mypublisher script to /home/robu/work/robu_hoeran19_ws/install/robu/lib/robu
[3.262s] Installing mysubscriber script to /home/robu/work/robu_hoeran19_ws/install/robu/lib/robu
[3.262s] Installing testparameter script to /home/robu/work/robu_hoeran19_ws/install/robu/lib/robu
[3.264s] Installing testparameter_get = robu.test_parameter_get:mainfibonacci_server script to /home/robu/work/robu_hoeran19_ws/install/robu/lib/robu
[3.266s] Installing wallfollower script to /home/robu/work/robu_hoeran19_ws/install/robu/lib/robu
[3.274s] writing list of installed files to '/home/robu/work/robu_hoeran19_ws/build/robu/install.log'
[3.423s] Invoked command in '/home/robu/work/robu_hoeran19_ws/src/robu' returned '0': PYTHONPATH=/home/robu/work/robu_hoeran19_ws/build/robu/prefix_override:/home/robu/work/robu_hoeran19_ws/install/robu/lib/python3.10/site-packages:${PYTHONPATH} /usr/bin/python3 setup.py egg_info --egg-base ../../build/robu build --build-base /home/robu/work/robu_hoeran19_ws/build/robu/build install --record /home/robu/work/robu_hoeran19_ws/build/robu/install.log --single-version-externally-managed
